#
# There is insufficient memory for the Java Runtime Environment to continue.
# Native memory allocation (malloc) failed to allocate 541216 bytes for Chunk::new
# Possible reasons:
#   The system is out of physical RAM or swap space
#   The process is running with CompressedOops enabled, and the Java Heap may be blocking the growth of the native heap
# Possible solutions:
#   Reduce memory load on the system
#   Increase physical memory or swap space
#   Check if swap backing store is full
#   Decrease Java heap size (-Xmx/-Xms)
#   Decrease number of Java threads
#   Decrease Java thread stack sizes (-Xss)
#   Set larger code cache with -XX:ReservedCodeCacheSize=
#   JVM is running with Unscaled Compressed Oops mode in which the Java heap is
#     placed in the first 4GB address space. The Java Heap base address is the
#     maximum limit for the native heap growth. Please use -XX:HeapBaseMinAddress
#     to set the Java Heap base and to place the Java Heap above 4GB virtual address.
# This output file may be truncated or incomplete.
#
#  Out of Memory Error (./src/hotspot/share/memory/arena.cpp:197), pid=23880, tid=18976
#
# JRE version: OpenJDK Runtime Environment AdoptOpenJDK (11.0.10+9) (build 11.0.10+9)
# Java VM: OpenJDK 64-Bit Server VM AdoptOpenJDK (11.0.10+9, mixed mode, tiered, compressed oops, g1 gc, windows-amd64)
# No core dump will be written. Minidumps are not enabled by default on client versions of Windows
#

---------------  S U M M A R Y ------------

Command Line: -agentlib:jdwp=transport=dt_socket,server=n,suspend=y,address=localhost:58071 -Dfile.encoding=UTF-8 rs.ac.uns.ftn.informatika.jpa.JpaExampleApplication

Host: Intel(R) Core(TM) i3-5005U CPU @ 2.00GHz, 4 cores, 7G,  Windows 10 , 64 bit Build 14393 (10.0.14393.3630)
Time: Thu Feb  4 17:23:10 2021 Central Europe Standard Time elapsed time: 23.139335 seconds (0d 0h 0m 23s)

---------------  T H R E A D  ---------------

Current thread (0x00000265463dd800):  JavaThread "C2 CompilerThread0" daemon [_thread_in_native, id=18976, stack(0x0000007edcb00000,0x0000007edcc00000)]


Current CompileTask:
C2:  23139 3937       4       java.util.TreeMap::put (247 bytes)

Stack: [0x0000007edcb00000,0x0000007edcc00000]
Native frames: (J=compiled Java code, j=interpreted, Vv=VM code, C=native code)
V  [jvm.dll+0x5f35ea]
V  [jvm.dll+0x77c65e]
V  [jvm.dll+0x77dd2f]
V  [jvm.dll+0x77e3f3]
V  [jvm.dll+0x246c38]
V  [jvm.dll+0xbe6cc]
V  [jvm.dll+0xbedcc]
V  [jvm.dll+0x2b5ef4]
V  [jvm.dll+0x507c19]
V  [jvm.dll+0x2086dd]
V  [jvm.dll+0x20264a]
V  [jvm.dll+0x1ff5ef]
V  [jvm.dll+0x1846bc]
V  [jvm.dll+0x20ec37]
V  [jvm.dll+0x20ce1b]
V  [jvm.dll+0x740b39]
V  [jvm.dll+0x739ba4]
V  [jvm.dll+0x5f2466]
C  [ucrtbase.dll+0x1fb80]
C  [KERNEL32.DLL+0x84d4]
C  [ntdll.dll+0x51791]


---------------  P R O C E S S  ---------------

Threads class SMR info:
_java_thread_list=0x000002654b93b0e0, length=20, elements={
0x0000026525c4c000, 0x0000026546391800, 0x00000265463be000, 0x00000265463cf800,
0x00000265463d0000, 0x00000265463d1800, 0x00000265463dd800, 0x0000026546d2e000,
0x00000265463e4000, 0x0000026546f0a800, 0x0000026546f0d800, 0x0000026546f18800,
0x0000026546f2a000, 0x00000265484dd800, 0x000002654a3d1800, 0x0000026548b0e000,
0x00000265480b8000, 0x00000265487e8000, 0x000002654d6e2800, 0x0000026546d2f800
}

Java Threads: ( => current thread )
  0x0000026525c4c000 JavaThread "main" [_thread_in_native, id=18952, stack(0x0000007edbf00000,0x0000007edc000000)]
  0x0000026546391800 JavaThread "Reference Handler" daemon [_thread_blocked, id=10520, stack(0x0000007edc600000,0x0000007edc700000)]
  0x00000265463be000 JavaThread "Finalizer" daemon [_thread_blocked, id=9804, stack(0x0000007edc700000,0x0000007edc800000)]
  0x00000265463cf800 JavaThread "Signal Dispatcher" daemon [_thread_blocked, id=19560, stack(0x0000007edc800000,0x0000007edc900000)]
  0x00000265463d0000 JavaThread "Attach Listener" daemon [_thread_blocked, id=25344, stack(0x0000007edc900000,0x0000007edca00000)]
  0x00000265463d1800 JavaThread "Service Thread" daemon [_thread_blocked, id=16840, stack(0x0000007edca00000,0x0000007edcb00000)]
=>0x00000265463dd800 JavaThread "C2 CompilerThread0" daemon [_thread_in_native, id=18976, stack(0x0000007edcb00000,0x0000007edcc00000)]
  0x0000026546d2e000 JavaThread "C1 CompilerThread0" daemon [_thread_blocked, id=22400, stack(0x0000007edcc00000,0x0000007edcd00000)]
  0x00000265463e4000 JavaThread "Sweeper thread" daemon [_thread_blocked, id=25404, stack(0x0000007edcd00000,0x0000007edce00000)]
  0x0000026546f0a800 JavaThread "JDWP Transport Listener: dt_socket" daemon [_thread_blocked, id=4008, stack(0x0000007edcf00000,0x0000007edd000000)]
  0x0000026546f0d800 JavaThread "JDWP Event Helper Thread" daemon [_thread_blocked, id=17940, stack(0x0000007edd000000,0x0000007edd100000)]
  0x0000026546f18800 JavaThread "JDWP Command Reader" daemon [_thread_in_native, id=22060, stack(0x0000007edd100000,0x0000007edd200000)]
  0x0000026546f2a000 JavaThread "Common-Cleaner" daemon [_thread_blocked, id=24256, stack(0x0000007edd300000,0x0000007edd400000)]
  0x00000265484dd800 JavaThread "Catalina-utility-1" [_thread_blocked, id=16004, stack(0x0000007ede000000,0x0000007ede100000)]
  0x000002654a3d1800 JavaThread "Catalina-utility-2" [_thread_blocked, id=7332, stack(0x0000007ede100000,0x0000007ede200000)]
  0x0000026548b0e000 JavaThread "container-0" [_thread_blocked, id=9852, stack(0x0000007ede200000,0x0000007ede300000)]
  0x00000265480b8000 JavaThread "PostgreSQL-JDBC-SharedTimer-1" daemon [_thread_blocked, id=23148, stack(0x0000007ede500000,0x0000007ede600000)]
  0x00000265487e8000 JavaThread "HikariPool-1 housekeeper" daemon [_thread_blocked, id=25284, stack(0x0000007ede600000,0x0000007ede700000)]
  0x000002654d6e2800 JavaThread "HikariPool-1 connection adder" daemon [_thread_in_native, id=6540, stack(0x0000007ede700000,0x0000007ede800000)]
  0x0000026546d2f800 JavaThread "C2 CompilerThread1" daemon [_thread_blocked, id=8960, stack(0x0000007ede800000,0x0000007ede900000)]

Other Threads:
  0x000002654638d000 VMThread "VM Thread" [stack: 0x0000007edc500000,0x0000007edc600000] [id=20740]
  0x0000026546f1b800 WatcherThread [stack: 0x0000007edd200000,0x0000007edd300000] [id=3624]
  0x0000026527ca2000 GCTaskThread "GC Thread#0" [stack: 0x0000007edc000000,0x0000007edc100000] [id=9444]
  0x0000026548170800 GCTaskThread "GC Thread#1" [stack: 0x0000007edd500000,0x0000007edd600000] [id=14676]
  0x00000265482dc000 GCTaskThread "GC Thread#2" [stack: 0x0000007edd600000,0x0000007edd700000] [id=11024]
  0x0000026548945000 GCTaskThread "GC Thread#3" [stack: 0x0000007edd800000,0x0000007edd900000] [id=12112]
  0x0000026527cd1800 ConcurrentGCThread "G1 Main Marker" [stack: 0x0000007edc100000,0x0000007edc200000] [id=18216]
  0x0000026527cd4000 ConcurrentGCThread "G1 Conc#0" [stack: 0x0000007edc200000,0x0000007edc300000] [id=17744]
  0x0000026527d5d800 ConcurrentGCThread "G1 Refine#0" [stack: 0x0000007edc300000,0x0000007edc400000] [id=18720]
  0x0000026527d5e800 ConcurrentGCThread "G1 Young RemSet Sampling" [stack: 0x0000007edc400000,0x0000007edc500000] [id=25004]

Threads with active compile tasks:
C2 CompilerThread0  23172 3937       4       java.util.TreeMap::put (247 bytes)

VM state:not at safepoint (normal execution)

VM Mutex/Monitor currently owned by a thread: None

Heap address: 0x0000000081800000, size: 2024 MB, Compressed Oops mode: 32-bit
Narrow klass base: 0x0000000000000000, Narrow klass shift: 3
Compressed class space size: 1073741824 Address: 0x0000000100000000

Heap:
 garbage-first heap   total 158720K, used 43929K [0x0000000081800000, 0x0000000100000000)
  region size 1024K, 36 young (36864K), 8 survivors (8192K)
 Metaspace       used 47552K, capacity 48630K, committed 48896K, reserved 1091584K
  class space    used 5858K, capacity 6310K, committed 6400K, reserved 1048576K
Heap Regions: E=young(eden), S=young(survivor), O=old, HS=humongous(starts), HC=humongous(continues), CS=collection set, F=free, A=archive, TAMS=top-at-mark-start (previous, next)
|   0|0x0000000081800000, 0x0000000081900000, 0x0000000081900000|100%|HS|  |TAMS 0x0000000081900000, 0x0000000081800000| Complete 
|   1|0x0000000081900000, 0x0000000081a00000, 0x0000000081a00000|100%| O|  |TAMS 0x0000000081a00000, 0x0000000081900000| Untracked 
|   2|0x0000000081a00000, 0x0000000081b00000, 0x0000000081b00000|100%| O|  |TAMS 0x0000000081b00000, 0x0000000081a00000| Untracked 
|   3|0x0000000081b00000, 0x0000000081c00000, 0x0000000081c00000|100%| O|  |TAMS 0x0000000081c00000, 0x0000000081b00000| Untracked 
|   4|0x0000000081c00000, 0x0000000081d00000, 0x0000000081d00000|100%| O|  |TAMS 0x0000000081d00000, 0x0000000081c00000| Untracked 
|   5|0x0000000081d00000, 0x0000000081e00000, 0x0000000081e00000|100%| O|  |TAMS 0x0000000081e00000, 0x0000000081d00000| Untracked 
|   6|0x0000000081e00000, 0x0000000081f00000, 0x0000000081f00000|100%| O|  |TAMS 0x0000000081f00000, 0x0000000081e00000| Untracked 
|   7|0x0000000081f00000, 0x0000000082000000, 0x0000000082000000|100%| O|  |TAMS 0x0000000082000000, 0x0000000081f00000| Untracked 
|   8|0x0000000082000000, 0x000000008207b400, 0x0000000082100000| 48%| O|  |TAMS 0x000000008207b400, 0x0000000082000000| Untracked 
|   9|0x0000000082100000, 0x0000000082100000, 0x0000000082200000|  0%| F|  |TAMS 0x0000000082100000, 0x0000000082100000| Untracked 
|  10|0x0000000082200000, 0x0000000082200000, 0x0000000082300000|  0%| F|  |TAMS 0x0000000082200000, 0x0000000082200000| Untracked 
|  11|0x0000000082300000, 0x0000000082300000, 0x0000000082400000|  0%| F|  |TAMS 0x0000000082300000, 0x0000000082300000| Untracked 
|  12|0x0000000082400000, 0x0000000082400000, 0x0000000082500000|  0%| F|  |TAMS 0x0000000082400000, 0x0000000082400000| Untracked 
|  13|0x0000000082500000, 0x0000000082500000, 0x0000000082600000|  0%| F|  |TAMS 0x0000000082500000, 0x0000000082500000| Untracked 
|  14|0x0000000082600000, 0x0000000082600000, 0x0000000082700000|  0%| F|  |TAMS 0x0000000082600000, 0x0000000082600000| Untracked 
|  15|0x0000000082700000, 0x0000000082700000, 0x0000000082800000|  0%| F|  |TAMS 0x0000000082700000, 0x0000000082700000| Untracked 
|  16|0x0000000082800000, 0x0000000082800000, 0x0000000082900000|  0%| F|  |TAMS 0x0000000082800000, 0x0000000082800000| Untracked 
|  17|0x0000000082900000, 0x0000000082900000, 0x0000000082a00000|  0%| F|  |TAMS 0x0000000082900000, 0x0000000082900000| Untracked 
|  18|0x0000000082a00000, 0x0000000082a00000, 0x0000000082b00000|  0%| F|  |TAMS 0x0000000082a00000, 0x0000000082a00000| Untracked 
|  19|0x0000000082b00000, 0x0000000082b00000, 0x0000000082c00000|  0%| F|  |TAMS 0x0000000082b00000, 0x0000000082b00000| Untracked 
|  20|0x0000000082c00000, 0x0000000082c00000, 0x0000000082d00000|  0%| F|  |TAMS 0x0000000082c00000, 0x0000000082c00000| Untracked 
|  21|0x0000000082d00000, 0x0000000082d00000, 0x0000000082e00000|  0%| F|  |TAMS 0x0000000082d00000, 0x0000000082d00000| Untracked 
|  22|0x0000000082e00000, 0x0000000082e00000, 0x0000000082f00000|  0%| F|  |TAMS 0x0000000082e00000, 0x0000000082e00000| Untracked 
|  23|0x0000000082f00000, 0x0000000082f00000, 0x0000000083000000|  0%| F|  |TAMS 0x0000000082f00000, 0x0000000082f00000| Untracked 
|  24|0x0000000083000000, 0x0000000083000000, 0x0000000083100000|  0%| F|  |TAMS 0x0000000083000000, 0x0000000083000000| Untracked 
|  25|0x0000000083100000, 0x0000000083100000, 0x0000000083200000|  0%| F|  |TAMS 0x0000000083100000, 0x0000000083100000| Untracked 
|  26|0x0000000083200000, 0x0000000083200000, 0x0000000083300000|  0%| F|  |TAMS 0x0000000083200000, 0x0000000083200000| Untracked 
|  27|0x0000000083300000, 0x0000000083300000, 0x0000000083400000|  0%| F|  |TAMS 0x0000000083300000, 0x0000000083300000| Untracked 
|  28|0x0000000083400000, 0x0000000083400000, 0x0000000083500000|  0%| F|  |TAMS 0x0000000083400000, 0x0000000083400000| Untracked 
|  29|0x0000000083500000, 0x0000000083500000, 0x0000000083600000|  0%| F|  |TAMS 0x0000000083500000, 0x0000000083500000| Untracked 
|  30|0x0000000083600000, 0x0000000083600000, 0x0000000083700000|  0%| F|  |TAMS 0x0000000083600000, 0x0000000083600000| Untracked 
|  31|0x0000000083700000, 0x0000000083700000, 0x0000000083800000|  0%| F|  |TAMS 0x0000000083700000, 0x0000000083700000| Untracked 
|  32|0x0000000083800000, 0x0000000083800000, 0x0000000083900000|  0%| F|  |TAMS 0x0000000083800000, 0x0000000083800000| Untracked 
|  33|0x0000000083900000, 0x0000000083900000, 0x0000000083a00000|  0%| F|  |TAMS 0x0000000083900000, 0x0000000083900000| Untracked 
|  34|0x0000000083a00000, 0x0000000083a00000, 0x0000000083b00000|  0%| F|  |TAMS 0x0000000083a00000, 0x0000000083a00000| Untracked 
|  35|0x0000000083b00000, 0x0000000083b00000, 0x0000000083c00000|  0%| F|  |TAMS 0x0000000083b00000, 0x0000000083b00000| Untracked 
|  36|0x0000000083c00000, 0x0000000083c00000, 0x0000000083d00000|  0%| F|  |TAMS 0x0000000083c00000, 0x0000000083c00000| Untracked 
|  37|0x0000000083d00000, 0x0000000083d00000, 0x0000000083e00000|  0%| F|  |TAMS 0x0000000083d00000, 0x0000000083d00000| Untracked 
|  38|0x0000000083e00000, 0x0000000083e00000, 0x0000000083f00000|  0%| F|  |TAMS 0x0000000083e00000, 0x0000000083e00000| Untracked 
|  39|0x0000000083f00000, 0x0000000083f00000, 0x0000000084000000|  0%| F|  |TAMS 0x0000000083f00000, 0x0000000083f00000| Untracked 
|  40|0x0000000084000000, 0x0000000084000000, 0x0000000084100000|  0%| F|  |TAMS 0x0000000084000000, 0x0000000084000000| Untracked 
|  41|0x0000000084100000, 0x0000000084100000, 0x0000000084200000|  0%| F|  |TAMS 0x0000000084100000, 0x0000000084100000| Untracked 
|  42|0x0000000084200000, 0x0000000084200000, 0x0000000084300000|  0%| F|  |TAMS 0x0000000084200000, 0x0000000084200000| Untracked 
|  43|0x0000000084300000, 0x0000000084300000, 0x0000000084400000|  0%| F|  |TAMS 0x0000000084300000, 0x0000000084300000| Untracked 
|  44|0x0000000084400000, 0x0000000084400000, 0x0000000084500000|  0%| F|  |TAMS 0x0000000084400000, 0x0000000084400000| Untracked 
|  45|0x0000000084500000, 0x0000000084500000, 0x0000000084600000|  0%| F|  |TAMS 0x0000000084500000, 0x0000000084500000| Untracked 
|  46|0x0000000084600000, 0x0000000084600000, 0x0000000084700000|  0%| F|  |TAMS 0x0000000084600000, 0x0000000084600000| Untracked 
|  47|0x0000000084700000, 0x0000000084700000, 0x0000000084800000|  0%| F|  |TAMS 0x0000000084700000, 0x0000000084700000| Untracked 
|  48|0x0000000084800000, 0x0000000084800000, 0x0000000084900000|  0%| F|  |TAMS 0x0000000084800000, 0x0000000084800000| Untracked 
|  49|0x0000000084900000, 0x0000000084900000, 0x0000000084a00000|  0%| F|  |TAMS 0x0000000084900000, 0x0000000084900000| Untracked 
|  50|0x0000000084a00000, 0x0000000084a00000, 0x0000000084b00000|  0%| F|  |TAMS 0x0000000084a00000, 0x0000000084a00000| Untracked 
|  51|0x0000000084b00000, 0x0000000084b00000, 0x0000000084c00000|  0%| F|  |TAMS 0x0000000084b00000, 0x0000000084b00000| Untracked 
|  52|0x0000000084c00000, 0x0000000084c00000, 0x0000000084d00000|  0%| F|  |TAMS 0x0000000084c00000, 0x0000000084c00000| Untracked 
|  53|0x0000000084d00000, 0x0000000084d00000, 0x0000000084e00000|  0%| F|  |TAMS 0x0000000084d00000, 0x0000000084d00000| Untracked 
|  54|0x0000000084e00000, 0x0000000084e00000, 0x0000000084f00000|  0%| F|  |TAMS 0x0000000084e00000, 0x0000000084e00000| Untracked 
|  55|0x0000000084f00000, 0x0000000084f00000, 0x0000000085000000|  0%| F|  |TAMS 0x0000000084f00000, 0x0000000084f00000| Untracked 
|  56|0x0000000085000000, 0x0000000085000000, 0x0000000085100000|  0%| F|  |TAMS 0x0000000085000000, 0x0000000085000000| Untracked 
|  57|0x0000000085100000, 0x000000008516b260, 0x0000000085200000| 41%| S|CS|TAMS 0x0000000085100000, 0x0000000085100000| Complete 
|  58|0x0000000085200000, 0x0000000085300000, 0x0000000085300000|100%| S|CS|TAMS 0x0000000085200000, 0x0000000085200000| Complete 
|  59|0x0000000085300000, 0x0000000085400000, 0x0000000085400000|100%| S|CS|TAMS 0x0000000085300000, 0x0000000085300000| Complete 
|  60|0x0000000085400000, 0x0000000085500000, 0x0000000085500000|100%| S|CS|TAMS 0x0000000085400000, 0x0000000085400000| Complete 
|  61|0x0000000085500000, 0x0000000085600000, 0x0000000085600000|100%| S|CS|TAMS 0x0000000085500000, 0x0000000085500000| Complete 
|  62|0x0000000085600000, 0x0000000085700000, 0x0000000085700000|100%| S|CS|TAMS 0x0000000085600000, 0x0000000085600000| Complete 
|  63|0x0000000085700000, 0x0000000085800000, 0x0000000085800000|100%| S|CS|TAMS 0x0000000085700000, 0x0000000085700000| Complete 
|  64|0x0000000085800000, 0x0000000085900000, 0x0000000085900000|100%| S|CS|TAMS 0x0000000085800000, 0x0000000085800000| Complete 
|  65|0x0000000085900000, 0x0000000085900000, 0x0000000085a00000|  0%| F|  |TAMS 0x0000000085900000, 0x0000000085900000| Untracked 
|  66|0x0000000085a00000, 0x0000000085a00000, 0x0000000085b00000|  0%| F|  |TAMS 0x0000000085a00000, 0x0000000085a00000| Untracked 
|  67|0x0000000085b00000, 0x0000000085b00000, 0x0000000085c00000|  0%| F|  |TAMS 0x0000000085b00000, 0x0000000085b00000| Untracked 
|  68|0x0000000085c00000, 0x0000000085c00000, 0x0000000085d00000|  0%| F|  |TAMS 0x0000000085c00000, 0x0000000085c00000| Untracked 
|  69|0x0000000085d00000, 0x0000000085d00000, 0x0000000085e00000|  0%| F|  |TAMS 0x0000000085d00000, 0x0000000085d00000| Untracked 
|  70|0x0000000085e00000, 0x0000000085e00000, 0x0000000085f00000|  0%| F|  |TAMS 0x0000000085e00000, 0x0000000085e00000| Untracked 
|  71|0x0000000085f00000, 0x0000000085f00000, 0x0000000086000000|  0%| F|  |TAMS 0x0000000085f00000, 0x0000000085f00000| Untracked 
|  72|0x0000000086000000, 0x0000000086000000, 0x0000000086100000|  0%| F|  |TAMS 0x0000000086000000, 0x0000000086000000| Untracked 
|  73|0x0000000086100000, 0x0000000086100000, 0x0000000086200000|  0%| F|  |TAMS 0x0000000086100000, 0x0000000086100000| Untracked 
|  74|0x0000000086200000, 0x0000000086200000, 0x0000000086300000|  0%| F|  |TAMS 0x0000000086200000, 0x0000000086200000| Untracked 
|  75|0x0000000086300000, 0x0000000086300000, 0x0000000086400000|  0%| F|  |TAMS 0x0000000086300000, 0x0000000086300000| Untracked 
|  76|0x0000000086400000, 0x0000000086400000, 0x0000000086500000|  0%| F|  |TAMS 0x0000000086400000, 0x0000000086400000| Untracked 
|  77|0x0000000086500000, 0x0000000086500000, 0x0000000086600000|  0%| F|  |TAMS 0x0000000086500000, 0x0000000086500000| Untracked 
|  78|0x0000000086600000, 0x0000000086600000, 0x0000000086700000|  0%| F|  |TAMS 0x0000000086600000, 0x0000000086600000| Untracked 
|  79|0x0000000086700000, 0x0000000086700000, 0x0000000086800000|  0%| F|  |TAMS 0x0000000086700000, 0x0000000086700000| Untracked 
|  80|0x0000000086800000, 0x0000000086800000, 0x0000000086900000|  0%| F|  |TAMS 0x0000000086800000, 0x0000000086800000| Untracked 
|  81|0x0000000086900000, 0x0000000086900000, 0x0000000086a00000|  0%| F|  |TAMS 0x0000000086900000, 0x0000000086900000| Untracked 
|  82|0x0000000086a00000, 0x0000000086a00000, 0x0000000086b00000|  0%| F|  |TAMS 0x0000000086a00000, 0x0000000086a00000| Untracked 
|  83|0x0000000086b00000, 0x0000000086b00000, 0x0000000086c00000|  0%| F|  |TAMS 0x0000000086b00000, 0x0000000086b00000| Untracked 
|  84|0x0000000086c00000, 0x0000000086c00000, 0x0000000086d00000|  0%| F|  |TAMS 0x0000000086c00000, 0x0000000086c00000| Untracked 
|  85|0x0000000086d00000, 0x0000000086d00000, 0x0000000086e00000|  0%| F|  |TAMS 0x0000000086d00000, 0x0000000086d00000| Untracked 
|  86|0x0000000086e00000, 0x0000000086e00000, 0x0000000086f00000|  0%| F|  |TAMS 0x0000000086e00000, 0x0000000086e00000| Untracked 
|  87|0x0000000086f00000, 0x0000000086f00000, 0x0000000087000000|  0%| F|  |TAMS 0x0000000086f00000, 0x0000000086f00000| Untracked 
|  88|0x0000000087000000, 0x0000000087000000, 0x0000000087100000|  0%| F|  |TAMS 0x0000000087000000, 0x0000000087000000| Untracked 
|  89|0x0000000087100000, 0x0000000087100000, 0x0000000087200000|  0%| F|  |TAMS 0x0000000087100000, 0x0000000087100000| Untracked 
|  90|0x0000000087200000, 0x0000000087200000, 0x0000000087300000|  0%| F|  |TAMS 0x0000000087200000, 0x0000000087200000| Untracked 
|  91|0x0000000087300000, 0x0000000087300000, 0x0000000087400000|  0%| F|  |TAMS 0x0000000087300000, 0x0000000087300000| Untracked 
|  92|0x0000000087400000, 0x0000000087400000, 0x0000000087500000|  0%| F|  |TAMS 0x0000000087400000, 0x0000000087400000| Untracked 
|  93|0x0000000087500000, 0x0000000087500000, 0x0000000087600000|  0%| F|  |TAMS 0x0000000087500000, 0x0000000087500000| Untracked 
|  94|0x0000000087600000, 0x0000000087600000, 0x0000000087700000|  0%| F|  |TAMS 0x0000000087600000, 0x0000000087600000| Untracked 
|  95|0x0000000087700000, 0x0000000087700000, 0x0000000087800000|  0%| F|  |TAMS 0x0000000087700000, 0x0000000087700000| Untracked 
|  96|0x0000000087800000, 0x0000000087800000, 0x0000000087900000|  0%| F|  |TAMS 0x0000000087800000, 0x0000000087800000| Untracked 
|  97|0x0000000087900000, 0x0000000087900000, 0x0000000087a00000|  0%| F|  |TAMS 0x0000000087900000, 0x0000000087900000| Untracked 
|  98|0x0000000087a00000, 0x0000000087a00000, 0x0000000087b00000|  0%| F|  |TAMS 0x0000000087a00000, 0x0000000087a00000| Untracked 
|  99|0x0000000087b00000, 0x0000000087b00000, 0x0000000087c00000|  0%| F|  |TAMS 0x0000000087b00000, 0x0000000087b00000| Untracked 
| 100|0x0000000087c00000, 0x0000000087c00000, 0x0000000087d00000|  0%| F|  |TAMS 0x0000000087c00000, 0x0000000087c00000| Untracked 
| 101|0x0000000087d00000, 0x0000000087d00000, 0x0000000087e00000|  0%| F|  |TAMS 0x0000000087d00000, 0x0000000087d00000| Untracked 
| 102|0x0000000087e00000, 0x0000000087e00000, 0x0000000087f00000|  0%| F|  |TAMS 0x0000000087e00000, 0x0000000087e00000| Untracked 
| 103|0x0000000087f00000, 0x0000000087f00000, 0x0000000088000000|  0%| F|  |TAMS 0x0000000087f00000, 0x0000000087f00000| Untracked 
| 104|0x0000000088000000, 0x0000000088000000, 0x0000000088100000|  0%| F|  |TAMS 0x0000000088000000, 0x0000000088000000| Untracked 
| 105|0x0000000088100000, 0x0000000088100000, 0x0000000088200000|  0%| F|  |TAMS 0x0000000088100000, 0x0000000088100000| Untracked 
| 106|0x0000000088200000, 0x0000000088200000, 0x0000000088300000|  0%| F|  |TAMS 0x0000000088200000, 0x0000000088200000| Untracked 
| 107|0x0000000088300000, 0x0000000088300000, 0x0000000088400000|  0%| F|  |TAMS 0x0000000088300000, 0x0000000088300000| Untracked 
| 108|0x0000000088400000, 0x0000000088400000, 0x0000000088500000|  0%| F|  |TAMS 0x0000000088400000, 0x0000000088400000| Untracked 
| 109|0x0000000088500000, 0x0000000088500000, 0x0000000088600000|  0%| F|  |TAMS 0x0000000088500000, 0x0000000088500000| Untracked 
| 110|0x0000000088600000, 0x0000000088600000, 0x0000000088700000|  0%| F|  |TAMS 0x0000000088600000, 0x0000000088600000| Untracked 
| 111|0x0000000088700000, 0x0000000088700000, 0x0000000088800000|  0%| F|  |TAMS 0x0000000088700000, 0x0000000088700000| Untracked 
| 112|0x0000000088800000, 0x0000000088800000, 0x0000000088900000|  0%| F|  |TAMS 0x0000000088800000, 0x0000000088800000| Untracked 
| 113|0x0000000088900000, 0x0000000088900000, 0x0000000088a00000|  0%| F|  |TAMS 0x0000000088900000, 0x0000000088900000| Untracked 
| 114|0x0000000088a00000, 0x0000000088a00000, 0x0000000088b00000|  0%| F|  |TAMS 0x0000000088a00000, 0x0000000088a00000| Untracked 
| 115|0x0000000088b00000, 0x0000000088b00000, 0x0000000088c00000|  0%| F|  |TAMS 0x0000000088b00000, 0x0000000088b00000| Untracked 
| 116|0x0000000088c00000, 0x0000000088c00000, 0x0000000088d00000|  0%| F|  |TAMS 0x0000000088c00000, 0x0000000088c00000| Untracked 
| 117|0x0000000088d00000, 0x0000000088d00000, 0x0000000088e00000|  0%| F|  |TAMS 0x0000000088d00000, 0x0000000088d00000| Untracked 
| 118|0x0000000088e00000, 0x0000000088e00000, 0x0000000088f00000|  0%| F|  |TAMS 0x0000000088e00000, 0x0000000088e00000| Untracked 
| 119|0x0000000088f00000, 0x0000000088f00000, 0x0000000089000000|  0%| F|  |TAMS 0x0000000088f00000, 0x0000000088f00000| Untracked 
| 120|0x0000000089000000, 0x0000000089000000, 0x0000000089100000|  0%| F|  |TAMS 0x0000000089000000, 0x0000000089000000| Untracked 
| 121|0x0000000089100000, 0x0000000089100000, 0x0000000089200000|  0%| F|  |TAMS 0x0000000089100000, 0x0000000089100000| Untracked 
| 122|0x0000000089200000, 0x0000000089200000, 0x0000000089300000|  0%| F|  |TAMS 0x0000000089200000, 0x0000000089200000| Untracked 
| 123|0x0000000089300000, 0x0000000089300000, 0x0000000089400000|  0%| F|  |TAMS 0x0000000089300000, 0x0000000089300000| Untracked 
| 124|0x0000000089400000, 0x0000000089400000, 0x0000000089500000|  0%| F|  |TAMS 0x0000000089400000, 0x0000000089400000| Untracked 
| 125|0x0000000089500000, 0x0000000089500000, 0x0000000089600000|  0%| F|  |TAMS 0x0000000089500000, 0x0000000089500000| Untracked 
| 126|0x0000000089600000, 0x0000000089600000, 0x0000000089700000|  0%| F|  |TAMS 0x0000000089600000, 0x0000000089600000| Untracked 
| 127|0x0000000089700000, 0x0000000089800000, 0x0000000089800000|100%| E|  |TAMS 0x0000000089700000, 0x0000000089700000| Complete 
| 128|0x0000000089800000, 0x0000000089900000, 0x0000000089900000|100%| E|CS|TAMS 0x0000000089800000, 0x0000000089800000| Complete 
| 129|0x0000000089900000, 0x0000000089a00000, 0x0000000089a00000|100%| E|CS|TAMS 0x0000000089900000, 0x0000000089900000| Complete 
| 130|0x0000000089a00000, 0x0000000089b00000, 0x0000000089b00000|100%| E|CS|TAMS 0x0000000089a00000, 0x0000000089a00000| Complete 
| 131|0x0000000089b00000, 0x0000000089c00000, 0x0000000089c00000|100%| E|CS|TAMS 0x0000000089b00000, 0x0000000089b00000| Complete 
| 132|0x0000000089c00000, 0x0000000089d00000, 0x0000000089d00000|100%| E|CS|TAMS 0x0000000089c00000, 0x0000000089c00000| Complete 
| 133|0x0000000089d00000, 0x0000000089e00000, 0x0000000089e00000|100%| E|CS|TAMS 0x0000000089d00000, 0x0000000089d00000| Complete 
| 134|0x0000000089e00000, 0x0000000089f00000, 0x0000000089f00000|100%| E|CS|TAMS 0x0000000089e00000, 0x0000000089e00000| Complete 
| 135|0x0000000089f00000, 0x000000008a000000, 0x000000008a000000|100%| E|CS|TAMS 0x0000000089f00000, 0x0000000089f00000| Complete 
| 136|0x000000008a000000, 0x000000008a100000, 0x000000008a100000|100%| E|CS|TAMS 0x000000008a000000, 0x000000008a000000| Complete 
| 137|0x000000008a100000, 0x000000008a200000, 0x000000008a200000|100%| E|CS|TAMS 0x000000008a100000, 0x000000008a100000| Complete 
| 138|0x000000008a200000, 0x000000008a300000, 0x000000008a300000|100%| E|CS|TAMS 0x000000008a200000, 0x000000008a200000| Complete 
| 139|0x000000008a300000, 0x000000008a400000, 0x000000008a400000|100%| E|CS|TAMS 0x000000008a300000, 0x000000008a300000| Complete 
| 140|0x000000008a400000, 0x000000008a500000, 0x000000008a500000|100%| E|CS|TAMS 0x000000008a400000, 0x000000008a400000| Complete 
| 141|0x000000008a500000, 0x000000008a600000, 0x000000008a600000|100%| E|CS|TAMS 0x000000008a500000, 0x000000008a500000| Complete 
| 142|0x000000008a600000, 0x000000008a700000, 0x000000008a700000|100%| E|CS|TAMS 0x000000008a600000, 0x000000008a600000| Complete 
| 143|0x000000008a700000, 0x000000008a800000, 0x000000008a800000|100%| E|CS|TAMS 0x000000008a700000, 0x000000008a700000| Complete 
| 144|0x000000008a800000, 0x000000008a900000, 0x000000008a900000|100%| E|CS|TAMS 0x000000008a800000, 0x000000008a800000| Complete 
| 145|0x000000008a900000, 0x000000008aa00000, 0x000000008aa00000|100%| E|CS|TAMS 0x000000008a900000, 0x000000008a900000| Complete 
| 146|0x000000008aa00000, 0x000000008ab00000, 0x000000008ab00000|100%| E|CS|TAMS 0x000000008aa00000, 0x000000008aa00000| Complete 
| 147|0x000000008ab00000, 0x000000008ac00000, 0x000000008ac00000|100%| E|CS|TAMS 0x000000008ab00000, 0x000000008ab00000| Complete 
| 148|0x000000008ac00000, 0x000000008ad00000, 0x000000008ad00000|100%| E|CS|TAMS 0x000000008ac00000, 0x000000008ac00000| Complete 
| 149|0x000000008ad00000, 0x000000008ae00000, 0x000000008ae00000|100%| E|CS|TAMS 0x000000008ad00000, 0x000000008ad00000| Complete 
| 150|0x000000008ae00000, 0x000000008af00000, 0x000000008af00000|100%| E|CS|TAMS 0x000000008ae00000, 0x000000008ae00000| Complete 
| 151|0x000000008af00000, 0x000000008b000000, 0x000000008b000000|100%| E|CS|TAMS 0x000000008af00000, 0x000000008af00000| Complete 
| 152|0x000000008b000000, 0x000000008b100000, 0x000000008b100000|100%| E|CS|TAMS 0x000000008b000000, 0x000000008b000000| Complete 
| 153|0x000000008b100000, 0x000000008b200000, 0x000000008b200000|100%| E|CS|TAMS 0x000000008b100000, 0x000000008b100000| Complete 
| 154|0x000000008b200000, 0x000000008b300000, 0x000000008b300000|100%| E|CS|TAMS 0x000000008b200000, 0x000000008b200000| Complete 

Card table byte_map: [0x000002653f770000,0x000002653fb70000] _byte_map_base: 0x000002653f364000

Marking Bits (Prev, Next): (CMBitMap*) 0x0000026527cc8b08, (CMBitMap*) 0x0000026527cc8b40
 Prev Bits: [0x000002653ff70000, 0x0000026541f10000)
 Next Bits: [0x0000026541f10000, 0x0000026543eb0000)

Polling page: 0x0000026525c90000

Metaspace:

Usage:
  Non-class:     41.33 MB capacity,    40.72 MB ( 99%) used,   484.12 KB (  1%) free+waste,   142.06 KB ( <1%) overhead. 
      Class:      6.16 MB capacity,     5.72 MB ( 93%) used,   385.70 KB (  6%) free+waste,    65.50 KB (  1%) overhead. 
       Both:     47.49 MB capacity,    46.44 MB ( 98%) used,   869.81 KB (  2%) free+waste,   207.56 KB ( <1%) overhead. 

Virtual space:
  Non-class space:       42.00 MB reserved,      41.50 MB ( 99%) committed 
      Class space:        1.00 GB reserved,       6.25 MB ( <1%) committed 
             Both:        1.04 GB reserved,      47.75 MB (  4%) committed 

Chunk freelists:
   Non-Class:  48.00 KB
       Class:  26.00 KB
        Both:  74.00 KB

MaxMetaspaceSize: 17179869184.00 GB
CompressedClassSpaceSize: 1.00 GB

CodeHeap 'non-profiled nmethods': size=120064Kb used=2695Kb max_used=2695Kb free=117368Kb
 bounds [0x0000026537e30000, 0x00000265380e0000, 0x000002653f370000]
CodeHeap 'profiled nmethods': size=120000Kb used=9394Kb max_used=9394Kb free=110606Kb
 bounds [0x0000026530900000, 0x0000026531230000, 0x0000026537e30000]
CodeHeap 'non-nmethods': size=5696Kb used=1233Kb max_used=1301Kb free=4462Kb
 bounds [0x0000026530370000, 0x00000265305e0000, 0x0000026530900000]
 total_blobs=4480 nmethods=3994 adapters=405
 compilation: enabled
              stopped_count=0, restarted_count=0
 full_count=0

Compilation events (20 events):
Event: 23.103 Thread 0x0000026546d2e000 nmethod 3958 0x000002653120eb10 code [0x000002653120ed00, 0x000002653120f378]
Event: 23.103 Thread 0x0000026546d2e000 3959       3       org.postgresql.jdbc.PgConnection::getLogger (4 bytes)
Event: 23.103 Thread 0x0000026546d2e000 nmethod 3959 0x000002653120f590 code [0x000002653120f740, 0x000002653120f858]
Event: 23.104 Thread 0x0000026546d2e000 3960       3       org.postgresql.jdbc.PgResultSet::getRawValue (63 bytes)
Event: 23.104 Thread 0x0000026546d2e000 nmethod 3960 0x000002653120f910 code [0x000002653120fb60, 0x0000026531210368]
Event: 23.104 Thread 0x0000026546d2e000 3962       3       org.postgresql.jdbc.PgResultSet::checkColumnIndex (54 bytes)
Event: 23.106 Thread 0x0000026546d2e000 nmethod 3962 0x0000026531210710 code [0x0000026531210980, 0x0000026531211578]
Event: 23.106 Thread 0x0000026546d2e000 3963       3       org.postgresql.core.Tuple::get (7 bytes)
Event: 23.106 Thread 0x0000026546d2e000 nmethod 3963 0x0000026531211990 code [0x0000026531211b40, 0x0000026531211c78]
Event: 23.106 Thread 0x0000026546d2e000 3964       3       org.postgresql.jdbc.PgResultSet::findColumn (41 bytes)
Event: 23.107 Thread 0x0000026546d2e000 nmethod 3964 0x0000026531211d90 code [0x0000026531211fe0, 0x0000026531212848]
Event: 23.107 Thread 0x0000026546d2e000 3965       3       org.postgresql.jdbc.PgResultSet::findColumnIndex (161 bytes)
Event: 23.108 Thread 0x0000026546d2e000 nmethod 3965 0x0000026531212b90 code [0x0000026531212e80, 0x0000026531213ef8]
Event: 23.109 Thread 0x0000026546d2e000 3966       3       org.postgresql.jdbc.PgConnection::getEncoding (10 bytes)
Event: 23.109 Thread 0x0000026546d2e000 nmethod 3966 0x0000026531214390 code [0x0000026531214540, 0x0000026531214778]
Event: 23.109 Thread 0x0000026546d2e000 3967       3       org.postgresql.core.QueryExecutorBase::getEncoding (8 bytes)
Event: 23.109 Thread 0x0000026546d2e000 nmethod 3967 0x0000026531214890 code [0x0000026531214a40, 0x0000026531214b58]
Event: 23.109 Thread 0x0000026546d2e000 3968       3       org.postgresql.util.internal.Nullness::castNonNull (39 bytes)
Event: 23.109 Thread 0x0000026546d2e000 nmethod 3968 0x0000026531214c10 code [0x0000026531214dc0, 0x0000026531214eb8]
Event: 23.109 Thread 0x0000026546d2e000 3969   !   3       org.postgresql.jdbc.PgResultSet::getString (227 bytes)

GC Heap History (14 events):
Event: 1.716 GC heap before
{Heap before GC invocations=0 (full 0):
 garbage-first heap   total 131072K, used 14336K [0x0000000081800000, 0x0000000100000000)
  region size 1024K, 14 young (14336K), 0 survivors (0K)
 Metaspace       used 9372K, capacity 9516K, committed 9600K, reserved 1058816K
  class space    used 839K, capacity 874K, committed 896K, reserved 1048576K
}
Event: 1.776 GC heap after
{Heap after GC invocations=1 (full 0):
 garbage-first heap   total 131072K, used 6054K [0x0000000081800000, 0x0000000100000000)
  region size 1024K, 2 young (2048K), 2 survivors (2048K)
 Metaspace       used 9372K, capacity 9516K, committed 9600K, reserved 1058816K
  class space    used 839K, capacity 874K, committed 896K, reserved 1048576K
}
Event: 5.368 GC heap before
{Heap before GC invocations=1 (full 0):
 garbage-first heap   total 131072K, used 53158K [0x0000000081800000, 0x0000000100000000)
  region size 1024K, 50 young (51200K), 2 survivors (2048K)
 Metaspace       used 20782K, capacity 21219K, committed 21248K, reserved 1069056K
  class space    used 2365K, capacity 2543K, committed 2560K, reserved 1048576K
}
Event: 5.388 GC heap after
{Heap after GC invocations=2 (full 0):
 garbage-first heap   total 131072K, used 8867K [0x0000000081800000, 0x0000000100000000)
  region size 1024K, 5 young (5120K), 5 survivors (5120K)
 Metaspace       used 20782K, capacity 21219K, committed 21248K, reserved 1069056K
  class space    used 2365K, capacity 2543K, committed 2560K, reserved 1048576K
}
Event: 5.768 GC heap before
{Heap before GC invocations=3 (full 0):
 garbage-first heap   total 131072K, used 21155K [0x0000000081800000, 0x0000000100000000)
  region size 1024K, 17 young (17408K), 5 survivors (5120K)
 Metaspace       used 22294K, capacity 22819K, committed 23040K, reserved 1069056K
  class space    used 2594K, capacity 2796K, committed 2816K, reserved 1048576K
}
Event: 5.785 GC heap after
{Heap after GC invocations=4 (full 0):
 garbage-first heap   total 131072K, used 9408K [0x0000000081800000, 0x0000000100000000)
  region size 1024K, 1 young (1024K), 1 survivors (1024K)
 Metaspace       used 22294K, capacity 22819K, committed 23040K, reserved 1069056K
  class space    used 2594K, capacity 2796K, committed 2816K, reserved 1048576K
}
Event: 6.381 GC heap before
{Heap before GC invocations=4 (full 0):
 garbage-first heap   total 131072K, used 56512K [0x0000000081800000, 0x0000000100000000)
  region size 1024K, 48 young (49152K), 1 survivors (1024K)
 Metaspace       used 24300K, capacity 24885K, committed 25088K, reserved 1071104K
  class space    used 2794K, capacity 3021K, committed 3072K, reserved 1048576K
}
Event: 6.385 GC heap after
{Heap after GC invocations=5 (full 0):
 garbage-first heap   total 131072K, used 10095K [0x0000000081800000, 0x0000000100000000)
  region size 1024K, 2 young (2048K), 2 survivors (2048K)
 Metaspace       used 24300K, capacity 24885K, committed 25088K, reserved 1071104K
  class space    used 2794K, capacity 3021K, committed 3072K, reserved 1048576K
}
Event: 10.190 GC heap before
{Heap before GC invocations=5 (full 0):
 garbage-first heap   total 131072K, used 67439K [0x0000000081800000, 0x0000000100000000)
  region size 1024K, 58 young (59392K), 2 survivors (2048K)
 Metaspace       used 31365K, capacity 32144K, committed 32256K, reserved 1077248K
  class space    used 3650K, capacity 3985K, committed 4096K, reserved 1048576K
}
Event: 10.210 GC heap after
{Heap after GC invocations=6 (full 0):
 garbage-first heap   total 131072K, used 12065K [0x0000000081800000, 0x0000000100000000)
  region size 1024K, 4 young (4096K), 4 survivors (4096K)
 Metaspace       used 31365K, capacity 32144K, committed 32256K, reserved 1077248K
  class space    used 3650K, capacity 3985K, committed 4096K, reserved 1048576K
}
Event: 11.800 GC heap before
{Heap before GC invocations=6 (full 0):
 garbage-first heap   total 131072K, used 34593K [0x0000000081800000, 0x0000000100000000)
  region size 1024K, 27 young (27648K), 4 survivors (4096K)
 Metaspace       used 34863K, capacity 35735K, committed 35840K, reserved 1081344K
  class space    used 4125K, capacity 4468K, committed 4480K, reserved 1048576K
}
Event: 11.819 GC heap after
{Heap after GC invocations=7 (full 0):
 garbage-first heap   total 158720K, used 13685K [0x0000000081800000, 0x0000000100000000)
  region size 1024K, 5 young (5120K), 5 survivors (5120K)
 Metaspace       used 34863K, capacity 35735K, committed 35840K, reserved 1081344K
  class space    used 4125K, capacity 4468K, committed 4480K, reserved 1048576K
}
Event: 17.824 GC heap before
{Heap before GC invocations=8 (full 0):
 garbage-first heap   total 158720K, used 99701K [0x0000000081800000, 0x0000000100000000)
  region size 1024K, 90 young (92160K), 5 survivors (5120K)
 Metaspace       used 42092K, capacity 43195K, committed 43520K, reserved 1087488K
  class space    used 5087K, capacity 5547K, committed 5632K, reserved 1048576K
}
Event: 17.856 GC heap after
{Heap after GC invocations=9 (full 0):
 garbage-first heap   total 158720K, used 16281K [0x0000000081800000, 0x0000000100000000)
  region size 1024K, 8 young (8192K), 8 survivors (8192K)
 Metaspace       used 42092K, capacity 43195K, committed 43520K, reserved 1087488K
  class space    used 5087K, capacity 5547K, committed 5632K, reserved 1048576K
}

Deoptimization events (20 events):
Event: 20.823 Thread 0x0000026525c4c000 DEOPT PACKING pc=0x0000026530b071bc sp=0x0000007edbffb910
Event: 20.823 Thread 0x0000026525c4c000 DEOPT UNPACKING pc=0x00000265303ac1ce sp=0x0000007edbffae00 mode 1
Event: 20.824 Thread 0x0000026525c4c000 DEOPT PACKING pc=0x0000026530a15c8c sp=0x0000007edbffad80
Event: 20.824 Thread 0x0000026525c4c000 DEOPT UNPACKING pc=0x00000265303ac1ce sp=0x0000007edbffa230 mode 1
Event: 20.824 Thread 0x0000026525c4c000 DEOPT PACKING pc=0x0000026530b071bc sp=0x0000007edbffb910
Event: 20.824 Thread 0x0000026525c4c000 DEOPT UNPACKING pc=0x00000265303ac1ce sp=0x0000007edbffae00 mode 1
Event: 20.978 Thread 0x0000026525c4c000 DEOPT PACKING pc=0x0000026530b071bc sp=0x0000007edbffbfe0
Event: 20.978 Thread 0x0000026525c4c000 DEOPT UNPACKING pc=0x00000265303ac1ce sp=0x0000007edbffb4d0 mode 1
Event: 20.978 Thread 0x0000026525c4c000 DEOPT PACKING pc=0x0000026530b071bc sp=0x0000007edbffbfe0
Event: 20.978 Thread 0x0000026525c4c000 DEOPT UNPACKING pc=0x00000265303ac1ce sp=0x0000007edbffb4d0 mode 1
Event: 21.010 Thread 0x0000026525c4c000 DEOPT PACKING pc=0x0000026530b071bc sp=0x0000007edbffd120
Event: 21.010 Thread 0x0000026525c4c000 DEOPT UNPACKING pc=0x00000265303ac1ce sp=0x0000007edbffc610 mode 1
Event: 21.011 Thread 0x0000026525c4c000 DEOPT PACKING pc=0x0000026530b071bc sp=0x0000007edbffd120
Event: 21.011 Thread 0x0000026525c4c000 DEOPT UNPACKING pc=0x00000265303ac1ce sp=0x0000007edbffc610 mode 1
Event: 21.474 Thread 0x000002654d6e2800 DEOPT PACKING pc=0x00000265311d9a4b sp=0x0000007ede7fe3a0
Event: 21.475 Thread 0x000002654d6e2800 DEOPT UNPACKING pc=0x00000265303ac1ce sp=0x0000007ede7fd888 mode 0
Event: 23.044 Thread 0x0000026525c4c000 DEOPT PACKING pc=0x0000026530b071bc sp=0x0000007edbffcdc0
Event: 23.044 Thread 0x0000026525c4c000 DEOPT UNPACKING pc=0x00000265303ac1ce sp=0x0000007edbffc2b0 mode 1
Event: 23.044 Thread 0x0000026525c4c000 DEOPT PACKING pc=0x0000026530b071bc sp=0x0000007edbffcdc0
Event: 23.044 Thread 0x0000026525c4c000 DEOPT UNPACKING pc=0x00000265303ac1ce sp=0x0000007edbffc2b0 mode 1

Classes redefined (0 events):
No events

Internal exceptions (20 events):
Event: 11.515 Thread 0x0000026525c4c000 Exception <a 'java/lang/ClassNotFoundException'{0x00000000887c82f0}: java/lang/ObjectCustomizer> (0x00000000887c82f0) thrown at [./src/hotspot/share/classfile/systemDictionary.cpp, line 231]
Event: 11.517 Thread 0x0000026525c4c000 Exception <a 'java/lang/ClassNotFoundException'{0x00000000887dbca8}: org/springframework/transaction/annotation/AbstractTransactionManagementConfigurationCustomizer> (0x00000000887dbca8) thrown at [./src/hotspot/share/classfile/systemDictionary.cpp, line 231]
Event: 11.519 Thread 0x0000026525c4c000 Exception <a 'java/lang/ClassNotFoundException'{0x00000000887ee760}: org/springframework/transaction/annotation/ProxyTransactionManagementConfigurationCustomizer> (0x00000000887ee760) thrown at [./src/hotspot/share/classfile/systemDictionary.cpp, line 231]
Event: 11.521 Thread 0x0000026525c4c000 Exception <a 'java/lang/ClassNotFoundException'{0x00000000887ff500}: org/springframework/context/annotation/ImportAwareCustomizer> (0x00000000887ff500) thrown at [./src/hotspot/share/classfile/systemDictionary.cpp, line 231]
Event: 11.522 Thread 0x0000026525c4c000 Exception <a 'java/lang/ClassNotFoundException'{0x000000008860c300}: org/springframework/beans/factory/AwareCustomizer> (0x000000008860c300) thrown at [./src/hotspot/share/classfile/systemDictionary.cpp, line 231]
Event: 11.543 Thread 0x0000026525c4c000 Exception <a 'java/lang/NoSuchMethodError'{0x0000000088645b70}: 'java.lang.Object java.lang.invoke.DirectMethodHandle$Holder.invokeStatic(java.lang.Object, java.lang.Object, java.lang.Object, int, java.lang.Object)'> (0x0000000088645b70) thrown at [./src/hotspot/share/interpreter/linkResolver.cpp, line 773]
Event: 11.546 Thread 0x0000026525c4c000 Exception <a 'java/lang/NoSuchMethodError'{0x000000008864c9a8}: 'java.lang.Object java.lang.invoke.Invokers$Holder.linkToTargetMethod(java.lang.Object, java.lang.Object, int, java.lang.Object, java.lang.Object)'> (0x000000008864c9a8) thrown at [./src/hotspot/share/interpreter/linkResolver.cpp, line 773]
Event: 11.643 Thread 0x0000026525c4c000 Exception <a 'java/lang/NoSuchMethodError'{0x00000000884a0650}: 'java.lang.Object java.lang.invoke.DirectMethodHandle$Holder.invokeSpecialIFC(java.lang.Object, java.lang.Object, java.lang.Object)'> (0x00000000884a0650) thrown at [./src/hotspot/share/interpreter/linkResolver.cpp, line 773]
Event: 11.859 Thread 0x0000026525c4c000 Implicit null exception at 0x0000026537fa7323 to 0x0000026537fa7754
Event: 11.976 Thread 0x0000026525c4c000 Exception <a 'java/lang/NoSuchMethodError'{0x000000008b1c3328}: 'void java.lang.invoke.DirectMethodHandle$Holder.invokeInterface(java.lang.Object, java.lang.Object, int)'> (0x000000008b1c3328) thrown at [./src/hotspot/share/interpreter/linkResolver.cpp, line 773]
Event: 11.992 Thread 0x0000026525c4c000 Exception <a 'java/lang/IncompatibleClassChangeError'{0x000000008b00efb0}: Found class java.lang.Object, but interface was expected> (0x000000008b00efb0) thrown at [./src/hotspot/share/interpreter/linkResolver.cpp, line 839]
Event: 11.993 Thread 0x0000026525c4c000 Exception <a 'java/lang/NoSuchMethodError'{0x000000008b013e58}: 'void java.lang.invoke.DirectMethodHandle$Holder.invokeStatic(java.lang.Object, int, java.lang.Object)'> (0x000000008b013e58) thrown at [./src/hotspot/share/interpreter/linkResolver.cpp, line 773]
Event: 12.486 Thread 0x0000026525c4c000 Exception <a 'java/lang/NoSuchMethodError'{0x000000008ace1f38}: 'java.lang.Object java.lang.invoke.DirectMethodHandle$Holder.invokeStaticInit(java.lang.Object, int, int, int, int)'> (0x000000008ace1f38) thrown at [./src/hotspot/share/interpreter/linkResolver.cpp, line 773]
Event: 12.854 Thread 0x0000026525c4c000 Exception <a 'java/lang/NoSuchMethodError'{0x000000008ab2e5d0}: 'java.lang.Object java.lang.invoke.DirectMethodHandle$Holder.invokeStaticInit(java.lang.Object, java.lang.Object, int, int, int, int)'> (0x000000008ab2e5d0) thrown at [./src/hotspot/share/interpreter/linkResolver.cpp, line 773]
Event: 13.847 Thread 0x0000026525c4c000 Exception <a 'java/io/FileNotFoundException'{0x0000000087499df0}> (0x0000000087499df0) thrown at [./src/hotspot/share/prims/jni.cpp, line 615]
Event: 13.925 Thread 0x0000026525c4c000 Exception <a 'java/lang/NoSuchMethodError'{0x000000008727f610}: 'int java.lang.invoke.DirectMethodHandle$Holder.invokeInterface(java.lang.Object, java.lang.Object, java.lang.Object, java.lang.Object)'> (0x000000008727f610) thrown at [./src/hotspot/share/interpreter/linkResolver.cpp, line 773]
Event: 14.161 Thread 0x0000026525c4c000 Exception <a 'java/io/FileNotFoundException'{0x0000000086f2b990}> (0x0000000086f2b990) thrown at [./src/hotspot/share/prims/jni.cpp, line 615]
Event: 14.613 Thread 0x0000026525c4c000 Exception <a 'java/lang/NoSuchMethodError'{0x0000000086e82cc8}: 'void java.lang.invoke.DirectMethodHandle$Holder.invokeStatic(java.lang.Object, java.lang.Object, int)'> (0x0000000086e82cc8) thrown at [./src/hotspot/share/interpreter/linkResolver.cpp, line 773]
Event: 15.582 Thread 0x0000026525c4c000 Implicit null exception at 0x0000026537f8645a to 0x0000026537f866e8
Event: 20.093 Thread 0x0000026525c4c000 Exception <a 'sun/nio/fs/WindowsException'{0x000000008a1074a8}> (0x000000008a1074a8) thrown at [./src/hotspot/share/prims/jni.cpp, line 615]

Events (20 events):
Event: 23.021 loading class org/hibernate/boot/model/source/internal/hbm/CommaSeparatedStringHelper
Event: 23.021 loading class org/hibernate/boot/model/source/internal/hbm/CommaSeparatedStringHelper done
Event: 23.022 loading class java/util/regex/Pattern$1MatcherIterator
Event: 23.023 loading class java/util/regex/Pattern$1MatcherIterator done
Event: 23.026 loading class org/hibernate/engine/jdbc/env/spi/AnsiSqlKeywords
Event: 23.026 loading class org/hibernate/engine/jdbc/env/spi/AnsiSqlKeywords done
Event: 23.034 loading class org/hibernate/engine/jdbc/env/internal/NormalizingIdentifierHelperImpl
Event: 23.034 loading class org/hibernate/engine/jdbc/env/internal/NormalizingIdentifierHelperImpl done
Event: 23.036 loading class org/hibernate/engine/jdbc/env/internal/ExtractedDatabaseMetaDataImpl$Builder
Event: 23.036 loading class org/hibernate/engine/jdbc/env/internal/ExtractedDatabaseMetaDataImpl$Builder done
Event: 23.037 loading class org/hibernate/engine/jdbc/cursor/internal/StandardRefCursorSupport
Event: 23.037 loading class org/hibernate/engine/jdbc/cursor/internal/StandardRefCursorSupport done
Event: 23.041 loading class org/hibernate/engine/jdbc/env/spi/SQLStateType
Event: 23.041 loading class org/hibernate/engine/jdbc/env/spi/SQLStateType done
Event: 23.042 loading class org/hibernate/engine/jdbc/spi/TypeInfo
Event: 23.042 loading class org/hibernate/engine/jdbc/spi/TypeInfo done
Event: 23.043 loading class org/hibernate/internal/CoreMessageLogger_$logger_en_US
Event: 23.043 loading class org/hibernate/internal/CoreMessageLogger_$logger_en_US done
Event: 23.044 loading class org/hibernate/internal/CoreMessageLogger_$logger_en
Event: 23.044 loading class org/hibernate/internal/CoreMessageLogger_$logger_en done


Dynamic libraries:
0x00007ff794860000 - 0x00007ff79486d000 	C:\Users\Administrator\AppData\Local\Programs\AdoptOpenJDK\jdk-11.0.10.9-hotspot\bin\java.exe
0x00007ffeb8970000 - 0x00007ffeb8b3f000 	C:\Windows\SYSTEM32\ntdll.dll
0x00007ffeb80d0000 - 0x00007ffeb817c000 	C:\Windows\System32\KERNEL32.DLL
0x00007ffeb5190000 - 0x00007ffeb53ae000 	C:\Windows\System32\KERNELBASE.dll
0x00007ffeb5670000 - 0x00007ffeb5764000 	C:\Windows\System32\ucrtbase.dll
0x00007ffe9ba40000 - 0x00007ffe9ba57000 	C:\Users\Administrator\AppData\Local\Programs\AdoptOpenJDK\jdk-11.0.10.9-hotspot\bin\jli.dll
0x00007ffeb6330000 - 0x00007ffeb6496000 	C:\Windows\System32\USER32.dll
0x00007ffeb5410000 - 0x00007ffeb542e000 	C:\Windows\System32\win32u.dll
0x00007ffeb87b0000 - 0x00007ffeb87e4000 	C:\Windows\System32\GDI32.dll
0x00007ffeb4e60000 - 0x00007ffeb4fe3000 	C:\Windows\System32\gdi32full.dll
0x00007ffe9b510000 - 0x00007ffe9b525000 	C:\Users\Administrator\AppData\Local\Programs\AdoptOpenJDK\jdk-11.0.10.9-hotspot\bin\VCRUNTIME140.dll
0x00007ffea9120000 - 0x00007ffea939a000 	C:\Windows\WinSxS\amd64_microsoft.windows.common-controls_6595b64144ccf1df_6.0.14393.4169_none_7de0bbf28341b1f2\COMCTL32.dll
0x00007ffeb6500000 - 0x00007ffeb659e000 	C:\Windows\System32\msvcrt.dll
0x00007ffeb5f30000 - 0x00007ffeb61f7000 	C:\Windows\System32\combase.dll
0x00007ffeb65b0000 - 0x00007ffeb66d1000 	C:\Windows\System32\RPCRT4.dll
0x00007ffeb5430000 - 0x00007ffeb549b000 	C:\Windows\System32\bcryptPrimitives.dll
0x00007ffeb5f00000 - 0x00007ffeb5f2e000 	C:\Windows\System32\IMM32.DLL
0x00007ffe98a70000 - 0x00007ffe98b0b000 	C:\Users\Administrator\AppData\Local\Programs\AdoptOpenJDK\jdk-11.0.10.9-hotspot\bin\msvcp140.dll
0x00007ffe8cce0000 - 0x00007ffe8d823000 	C:\Users\Administrator\AppData\Local\Programs\AdoptOpenJDK\jdk-11.0.10.9-hotspot\bin\server\jvm.dll
0x00007ffeb6260000 - 0x00007ffeb6302000 	C:\Windows\System32\ADVAPI32.dll
0x00007ffeb8850000 - 0x00007ffeb88a9000 	C:\Windows\System32\sechost.dll
0x00007ffeb80c0000 - 0x00007ffeb80c8000 	C:\Windows\System32\PSAPI.DLL
0x00007ffeb1ec0000 - 0x00007ffeb1ec9000 	C:\Windows\SYSTEM32\WSOCK32.dll
0x00007ffeb66e0000 - 0x00007ffeb674a000 	C:\Windows\System32\WS2_32.dll
0x00007ffeb32d0000 - 0x00007ffeb32f3000 	C:\Windows\SYSTEM32\WINMM.dll
0x00007ffea96e0000 - 0x00007ffea96ea000 	C:\Windows\SYSTEM32\VERSION.dll
0x00007ffeb32a0000 - 0x00007ffeb32cb000 	C:\Windows\SYSTEM32\WINMMBASE.dll
0x00007ffeb50a0000 - 0x00007ffeb50e2000 	C:\Windows\System32\cfgmgr32.dll
0x00007ffeb4e50000 - 0x00007ffeb4e5f000 	C:\Windows\System32\kernel.appcore.dll
0x00007ffeb2620000 - 0x00007ffeb2630000 	C:\Users\Administrator\AppData\Local\Programs\AdoptOpenJDK\jdk-11.0.10.9-hotspot\bin\verify.dll
0x00007ffeb1700000 - 0x00007ffeb1892000 	C:\Windows\SYSTEM32\DBGHELP.DLL
0x00007ffea4020000 - 0x00007ffea4049000 	C:\Windows\SYSTEM32\dbgcore.DLL
0x00007ffe996c0000 - 0x00007ffe996e8000 	C:\Users\Administrator\AppData\Local\Programs\AdoptOpenJDK\jdk-11.0.10.9-hotspot\bin\java.dll
0x00007ffeb10e0000 - 0x00007ffeb10ea000 	C:\Users\Administrator\AppData\Local\Programs\AdoptOpenJDK\jdk-11.0.10.9-hotspot\bin\jimage.dll
0x00007ffe957d0000 - 0x00007ffe95808000 	C:\Users\Administrator\AppData\Local\Programs\AdoptOpenJDK\jdk-11.0.10.9-hotspot\bin\jdwp.dll
0x00007ffe996a0000 - 0x00007ffe996b7000 	C:\Users\Administrator\AppData\Local\Programs\AdoptOpenJDK\jdk-11.0.10.9-hotspot\bin\zip.dll
0x00007ffeb68a0000 - 0x00007ffeb7da5000 	C:\Windows\System32\SHELL32.dll
0x00007ffeb5820000 - 0x00007ffeb5ef3000 	C:\Windows\System32\windows.storage.dll
0x00007ffeb4dd0000 - 0x00007ffeb4e1c000 	C:\Windows\System32\powrprof.dll
0x00007ffeb6200000 - 0x00007ffeb6252000 	C:\Windows\System32\shlwapi.dll
0x00007ffeb4ff0000 - 0x00007ffeb5098000 	C:\Windows\System32\shcore.dll
0x00007ffeb4e20000 - 0x00007ffeb4e34000 	C:\Windows\System32\profapi.dll
0x00007ffea5880000 - 0x00007ffea588a000 	C:\Users\Administrator\AppData\Local\Programs\AdoptOpenJDK\jdk-11.0.10.9-hotspot\bin\dt_socket.dll
0x00007ffeb46a0000 - 0x00007ffeb46fd000 	C:\Windows\System32\mswsock.dll
0x00007ffeb4410000 - 0x00007ffeb44b2000 	C:\Windows\SYSTEM32\DNSAPI.dll
0x00007ffeb6890000 - 0x00007ffeb6898000 	C:\Windows\System32\NSI.dll
0x00007ffeb43d0000 - 0x00007ffeb4408000 	C:\Windows\SYSTEM32\IPHLPAPI.DLL
0x00007ffeacb30000 - 0x00007ffeacb9a000 	C:\Windows\System32\fwpuclnt.dll
0x00007ffeb4d10000 - 0x00007ffeb4d3b000 	C:\Windows\SYSTEM32\bcrypt.dll
0x00007ffea8f40000 - 0x00007ffea8f4a000 	C:\Windows\System32\rasadhlp.dll
0x00007ffe98b90000 - 0x00007ffe98ba9000 	C:\Users\Administrator\AppData\Local\Programs\AdoptOpenJDK\jdk-11.0.10.9-hotspot\bin\net.dll
0x00007ffeb1980000 - 0x00007ffeb1a4d000 	C:\Windows\SYSTEM32\WINHTTP.dll
0x00007ffe98b70000 - 0x00007ffe98b82000 	C:\Users\Administrator\AppData\Local\Programs\AdoptOpenJDK\jdk-11.0.10.9-hotspot\bin\nio.dll
0x00007ffea5870000 - 0x00007ffea5879000 	C:\Users\Administrator\AppData\Local\Programs\AdoptOpenJDK\jdk-11.0.10.9-hotspot\bin\management.dll
0x00007ffe9d340000 - 0x00007ffe9d34b000 	C:\Users\Administrator\AppData\Local\Programs\AdoptOpenJDK\jdk-11.0.10.9-hotspot\bin\management_ext.dll
0x00007ffea23e0000 - 0x00007ffea23f6000 	C:\Windows\system32\napinsp.dll
0x00007ffea23c0000 - 0x00007ffea23da000 	C:\Windows\system32\pnrpnsp.dll
0x00007ffeb2740000 - 0x00007ffeb2758000 	C:\Windows\system32\NLAapi.dll
0x00007ffea21c0000 - 0x00007ffea21ce000 	C:\Windows\System32\winrnr.dll
0x00007ffea21a0000 - 0x00007ffea21b5000 	C:\Windows\System32\wshbth.dll
0x00007ffeb4840000 - 0x00007ffeb4857000 	C:\Windows\SYSTEM32\CRYPTSP.dll
0x00007ffeb4250000 - 0x00007ffeb4283000 	C:\Windows\system32\rsaenh.dll
0x00007ffeb44d0000 - 0x00007ffeb44f0000 	C:\Windows\SYSTEM32\USERENV.dll
0x00007ffeb4d00000 - 0x00007ffeb4d0b000 	C:\Windows\SYSTEM32\CRYPTBASE.dll
0x00007ffeac990000 - 0x00007ffeac9a6000 	C:\Windows\SYSTEM32\dhcpcsvc6.DLL
0x00007ffeac970000 - 0x00007ffeac98a000 	C:\Windows\SYSTEM32\dhcpcsvc.DLL
0x00007ffe97460000 - 0x00007ffe97485000 	C:\Users\Administrator\AppData\Local\Programs\AdoptOpenJDK\jdk-11.0.10.9-hotspot\bin\sunec.dll

dbghelp: loaded successfully - version: 4.0.5 - missing functions: none
symbol engine: initialized successfully - sym options: 0x614 - pdb path: .;C:\Users\Administrator\AppData\Local\Programs\AdoptOpenJDK\jdk-11.0.10.9-hotspot\bin;C:\Windows\SYSTEM32;C:\Windows\WinSxS\amd64_microsoft.windows.common-controls_6595b64144ccf1df_6.0.14393.4169_none_7de0bbf28341b1f2;C:\Users\Administrator\AppData\Local\Programs\AdoptOpenJDK\jdk-11.0.10.9-hotspot\bin\server

VM Arguments:
jvm_args: -agentlib:jdwp=transport=dt_socket,server=n,suspend=y,address=localhost:58071 -Dfile.encoding=UTF-8 
java_command: rs.ac.uns.ftn.informatika.jpa.JpaExampleApplication
java_class_path (initial): C:\Users\Administrator\Desktop\New folder\ISA\target\classes;C:\Users\Administrator\.m2\repository\org\springframework\boot\spring-boot-starter-amqp\2.4.2\spring-boot-starter-amqp-2.4.2.jar;C:\Users\Administrator\.m2\repository\org\springframework\boot\spring-boot-starter\2.4.2\spring-boot-starter-2.4.2.jar;C:\Users\Administrator\.m2\repository\org\springframework\boot\spring-boot\2.4.2\spring-boot-2.4.2.jar;C:\Users\Administrator\.m2\repository\org\springframework\boot\spring-boot-autoconfigure\2.4.2\spring-boot-autoconfigure-2.4.2.jar;C:\Users\Administrator\.m2\repository\org\springframework\boot\spring-boot-starter-logging\2.4.2\spring-boot-starter-logging-2.4.2.jar;C:\Users\Administrator\.m2\repository\ch\qos\logback\logback-classic\1.2.3\logback-classic-1.2.3.jar;C:\Users\Administrator\.m2\repository\ch\qos\logback\logback-core\1.2.3\logback-core-1.2.3.jar;C:\Users\Administrator\.m2\repository\org\apache\logging\log4j\log4j-to-slf4j\2.13.3\log4j-to-slf4j-2.13.3.jar;C:\Users\Administrator\.m2\repository\org\apache\logging\log4j\log4j-api\2.13.3\log4j-api-2.13.3.jar;C:\Users\Administrator\.m2\repository\org\slf4j\jul-to-slf4j\1.7.30\jul-to-slf4j-1.7.30.jar;C:\Users\Administrator\.m2\repository\jakarta\annotation\jakarta.annotation-api\1.3.5\jakarta.annotation-api-1.3.5.jar;C:\Users\Administrator\.m2\repository\org\yaml\snakeyaml\1.27\snakeyaml-1.27.jar;C:\Users\Administrator\.m2\repository\org\springframework\spring-messaging\5.3.3\spring-messaging-5.3.3.jar;C:\Users\Administrator\.m2\repository\org\springframework\spring-beans\5.3.3\spring-beans-5.3.3.jar;C:\Users\Administrator\.m2\repository\org\springframework\amqp\spring-rabbit\2.3.4\spring-rabbit-2.3.4.jar;C:\Users\Administrator\.m2\repository\org\springframework\amqp\spring-amqp\2.3.4\spring-amqp-2.3.4.jar;C:\Users\Administrator\.m2\repository\org\springframework\retry\spring-retry\1.3.1\spring-retry-1.3.1.jar;C:\Users\Administrator\.m2\repository\javax\annotation\javax.annotati
Launcher Type: SUN_STANDARD

[Global flags]
     intx CICompilerCount                          = 3                                         {product} {ergonomic}
     uint ConcGCThreads                            = 1                                         {product} {ergonomic}
     uint G1ConcRefinementThreads                  = 4                                         {product} {ergonomic}
   size_t G1HeapRegionSize                         = 1048576                                   {product} {ergonomic}
    uintx GCDrainStackTargetSize                   = 64                                        {product} {ergonomic}
   size_t InitialHeapSize                          = 134217728                                 {product} {ergonomic}
   size_t MarkStackSize                            = 4194304                                   {product} {ergonomic}
   size_t MaxHeapSize                              = 2122317824                                {product} {ergonomic}
   size_t MaxNewSize                               = 1272971264                                {product} {ergonomic}
   size_t MinHeapDeltaBytes                        = 1048576                                   {product} {ergonomic}
    uintx NonNMethodCodeHeapSize                   = 5830732                                {pd product} {ergonomic}
    uintx NonProfiledCodeHeapSize                  = 122913754                              {pd product} {ergonomic}
    uintx ProfiledCodeHeapSize                     = 122913754                              {pd product} {ergonomic}
    uintx ReservedCodeCacheSize                    = 251658240                              {pd product} {ergonomic}
     bool SegmentedCodeCache                       = true                                      {product} {ergonomic}
     bool UseCompressedClassPointers               = true                                 {lp64_product} {ergonomic}
     bool UseCompressedOops                        = true                                 {lp64_product} {ergonomic}
     bool UseG1GC                                  = true                                      {product} {ergonomic}
     bool UseLargePagesIndividualAllocation        = false                                  {pd product} {ergonomic}

Logging:
Log output configuration:
 #0: stdout all=warning uptime,level,tags
 #1: stderr all=off uptime,level,tags

Environment Variables:
JAVA_HOME=c:\Users\Administrator\AppData\Local\Programs\AdoptOpenJDK\jdk-11.0.10.9-hotspot\
PATH=c:\oraclexe\app\oracle\product\11.2.0\server\bin;;D:\Administrator\app\oracle\product\11.2.0\server\bin;c:\oraclexe\app\oracle\product\11.2.0\server\bin;C:\Program Files (x86)\Intel\iCLS Client\;C:\Program Files\Intel\iCLS Client\;C:\Program Files (x86)\Common Files\Oracle\Java\javapath;C:\ProgramData\Oracle\Java\javapath;C:\Windows\system32;C:\Windows;C:\Windows\System32\Wbem;C:\Windows\System32\WindowsPowerShell\v1.0\;C:\Program Files (x86)\Windows Live\Shared;c:\Program Files (x86)\Intel\Intel(R) Management Engine Components\DAL;c:\Program Files\Intel\Intel(R) Management Engine Components\DAL;c:\Program Files (x86)\Intel\Intel(R) Management Engine Components\IPT;c:\Program Files\Intel\Intel(R) Management Engine Components\IPT;C:\Program Files\MATLAB\R2018a\runtime\win64;C:\Program Files\MATLAB\R2018a\bin;C:\Program Files\Microsoft SQL Server\130\Tools\Binn\;C:\Program Files\Git\cmd;C:\Users\Administrator\Desktop\k3\Priprema-K3\Priprema K3 - Predavanje\IN\Python;C:\Users\Administrator\AppData\Local\Programs\Python\Python38-32;C:\Program Files\Java\jre7\bin;C:\Program Files\Java\jdk1.8.0_191\bin;C:\Program Files\dotnet\;C:\Program Files\Microsoft SQL Server\Client SDK\ODBC\170\Tools\Binn\;C:\Program Files\PostgreSQL\13\bin;c:\Users\Administrator\AppData\Local\Programs\AdoptOpenJDK\jdk-11.0.10.9-hotspot\bin;C:\Program Files\MySQL\MySQL Shell 8.0\bin\;C:\Users\Administrator\AppData\Local\Programs\Python\Python38-32\Scripts\;C:\Users\Administrator\AppData\Local\Programs\Python\Python38-32\;C:\Users\Administrator\AppData\Local\Microsoft\WindowsApps;C:\Users\Administrator\AppData\Local\GitHubDesktop\bin;D:\Administrator\PyCharm Community Edition 2020.2.3\py\bin;;C:\Users\Administrator\.dotnet\tools;C:\Program Files\nodejs;C:\Program Files\PostgreSQL\13\bin;C:\Users\Administrator\AppData\Local\Programs\Microsoft VS Code\bin
USERNAME=Administrator
LANG=en_US.UTF-8
OS=Windows_NT
PROCESSOR_IDENTIFIER=Intel64 Family 6 Model 61 Stepping 4, GenuineIntel



---------------  S Y S T E M  ---------------

OS: Windows 10 , 64 bit Build 14393 (10.0.14393.3630)
OS uptime: 12 days 4:14 hours

CPU:total 4 (initial active 4) (2 cores per cpu, 2 threads per core) family 6 model 61 stepping 4 microcode 0x2d, cmov, cx8, fxsr, mmx, sse, sse2, sse3, ssse3, sse4.1, sse4.2, popcnt, avx, avx2, aes, clmul, erms, 3dnowpref, lzcnt, ht, tsc, tscinvbit, bmi1, bmi2, adx, fma

Memory: 4k page, system-wide physical 8093M (1165M free)
TotalPageFile size 12331M (AvailPageFile size 4M)
current process WorkingSet (physical memory assigned to process): 233M, peak: 290M
current process commit charge ("private bytes"): 314M, peak: 372M

vm_info: OpenJDK 64-Bit Server VM (11.0.10+9) for windows-amd64 JRE (11.0.10+9), built on Jan 20 2021 06:07:07 by "" with MS VC++ 15.9 (VS2017)

END.
