#
# There is insufficient memory for the Java Runtime Environment to continue.
# Native memory allocation (malloc) failed to allocate 1430256 bytes for Chunk::new
# Possible reasons:
#   The system is out of physical RAM or swap space
#   The process is running with CompressedOops enabled, and the Java Heap may be blocking the growth of the native heap
# Possible solutions:
#   Reduce memory load on the system
#   Increase physical memory or swap space
#   Check if swap backing store is full
#   Decrease Java heap size (-Xmx/-Xms)
#   Decrease number of Java threads
#   Decrease Java thread stack sizes (-Xss)
#   Set larger code cache with -XX:ReservedCodeCacheSize=
#   JVM is running with Unscaled Compressed Oops mode in which the Java heap is
#     placed in the first 4GB address space. The Java Heap base address is the
#     maximum limit for the native heap growth. Please use -XX:HeapBaseMinAddress
#     to set the Java Heap base and to place the Java Heap above 4GB virtual address.
# This output file may be truncated or incomplete.
#
#  Out of Memory Error (./src/hotspot/share/memory/arena.cpp:197), pid=22124, tid=3964
#
# JRE version: OpenJDK Runtime Environment AdoptOpenJDK (11.0.10+9) (build 11.0.10+9)
# Java VM: OpenJDK 64-Bit Server VM AdoptOpenJDK (11.0.10+9, mixed mode, tiered, compressed oops, g1 gc, windows-amd64)
# No core dump will be written. Minidumps are not enabled by default on client versions of Windows
#

---------------  S U M M A R Y ------------

Command Line: -Dfile.encoding=UTF-8 rs.ac.uns.ftn.informatika.jpa.JpaExampleApplication

Host: Intel(R) Core(TM) i3-5005U CPU @ 2.00GHz, 4 cores, 7G,  Windows 10 , 64 bit Build 14393 (10.0.14393.3630)
Time: Thu Feb  4 17:19:02 2021 Central Europe Standard Time elapsed time: 15.861111 seconds (0d 0h 0m 15s)

---------------  T H R E A D  ---------------

Current thread (0x000001c48f345000):  JavaThread "C2 CompilerThread1" daemon [_thread_in_native, id=3964, stack(0x0000002e31000000,0x0000002e31100000)]


Current CompileTask:
C2:  15861 2019       4       java.lang.invoke.LambdaForm$Name::replaceNames (174 bytes)

Stack: [0x0000002e31000000,0x0000002e31100000]
Native frames: (J=compiled Java code, j=interpreted, Vv=VM code, C=native code)
V  [jvm.dll+0x5f35ea]
V  [jvm.dll+0x77c65e]
V  [jvm.dll+0x77dd2f]
V  [jvm.dll+0x77e3f3]
V  [jvm.dll+0x246c38]
V  [jvm.dll+0xbe6cc]
V  [jvm.dll+0xbedcc]
V  [jvm.dll+0x34bfd7]
V  [jvm.dll+0x198919]
V  [jvm.dll+0x200632]
V  [jvm.dll+0x1ff70f]
V  [jvm.dll+0x1846bc]
V  [jvm.dll+0x20ec37]
V  [jvm.dll+0x20ce1b]
V  [jvm.dll+0x740b39]
V  [jvm.dll+0x739ba4]
V  [jvm.dll+0x5f2466]
C  [ucrtbase.dll+0x1fb80]
C  [KERNEL32.DLL+0x84d4]
C  [ntdll.dll+0x51791]


---------------  P R O C E S S  ---------------

Threads class SMR info:
_java_thread_list=0x000001c48f80bec0, length=12, elements={
0x000001c4ee8ba800, 0x000001c4fdfe4000, 0x000001c4fdfee800, 0x000001c4fdfff800,
0x000001c4fe000000, 0x000001c4fe002000, 0x000001c4fe007000, 0x000001c4fe00d000,
0x000001c4fe00f800, 0x000001c4feaa5000, 0x000001c4ff321800, 0x000001c48f345000
}

Java Threads: ( => current thread )
  0x000001c4ee8ba800 JavaThread "main" [_thread_in_Java, id=13440, stack(0x0000002e2fa00000,0x0000002e2fb00000)]
  0x000001c4fdfe4000 JavaThread "Reference Handler" daemon [_thread_blocked, id=10756, stack(0x0000002e30100000,0x0000002e30200000)]
  0x000001c4fdfee800 JavaThread "Finalizer" daemon [_thread_blocked, id=17848, stack(0x0000002e30200000,0x0000002e30300000)]
  0x000001c4fdfff800 JavaThread "Signal Dispatcher" daemon [_thread_blocked, id=10416, stack(0x0000002e30300000,0x0000002e30400000)]
  0x000001c4fe000000 JavaThread "Attach Listener" daemon [_thread_blocked, id=6232, stack(0x0000002e30400000,0x0000002e30500000)]
  0x000001c4fe002000 JavaThread "Service Thread" daemon [_thread_blocked, id=9776, stack(0x0000002e30500000,0x0000002e30600000)]
  0x000001c4fe007000 JavaThread "C2 CompilerThread0" daemon [_thread_in_native, id=5692, stack(0x0000002e30600000,0x0000002e30700000)]
  0x000001c4fe00d000 JavaThread "C1 CompilerThread0" daemon [_thread_blocked, id=13112, stack(0x0000002e30700000,0x0000002e30800000)]
  0x000001c4fe00f800 JavaThread "Sweeper thread" daemon [_thread_blocked, id=17080, stack(0x0000002e30800000,0x0000002e30900000)]
  0x000001c4feaa5000 JavaThread "Common-Cleaner" daemon [_thread_blocked, id=21076, stack(0x0000002e30a00000,0x0000002e30b00000)]
  0x000001c4ff321800 JavaThread "background-preinit" [_thread_in_vm, id=19888, stack(0x0000002e30e00000,0x0000002e30f00000)]
=>0x000001c48f345000 JavaThread "C2 CompilerThread1" daemon [_thread_in_native, id=3964, stack(0x0000002e31000000,0x0000002e31100000)]

Other Threads:
  0x000001c4fdfb9800 VMThread "VM Thread" [stack: 0x0000002e30000000,0x0000002e30100000] [id=22852]
  0x000001c4feaa0000 WatcherThread [stack: 0x0000002e30900000,0x0000002e30a00000] [id=11180]
  0x000001c4ee8d1000 GCTaskThread "GC Thread#0" [stack: 0x0000002e2fb00000,0x0000002e2fc00000] [id=20956]
  0x000001c4ff24e000 GCTaskThread "GC Thread#1" [stack: 0x0000002e30b00000,0x0000002e30c00000] [id=212]
  0x000001c4ff4ff800 GCTaskThread "GC Thread#2" [stack: 0x0000002e30c00000,0x0000002e30d00000] [id=10812]
  0x000001c4ff3fc000 GCTaskThread "GC Thread#3" [stack: 0x0000002e30f00000,0x0000002e31000000] [id=19092]
  0x000001c4ee903800 ConcurrentGCThread "G1 Main Marker" [stack: 0x0000002e2fc00000,0x0000002e2fd00000] [id=7496]
  0x000001c4ee904800 ConcurrentGCThread "G1 Conc#0" [stack: 0x0000002e2fd00000,0x0000002e2fe00000] [id=7944]
  0x000001c4ee98d800 ConcurrentGCThread "G1 Refine#0" [stack: 0x0000002e2fe00000,0x0000002e2ff00000] [id=3764]
  0x000001c4ee98e800 ConcurrentGCThread "G1 Young RemSet Sampling" [stack: 0x0000002e2ff00000,0x0000002e30000000] [id=22504]

Threads with active compile tasks:
C2 CompilerThread0  15901 2102       4       java.util.Properties$LineReader::readLine (635 bytes)
C2 CompilerThread1  15901 2019       4       java.lang.invoke.LambdaForm$Name::replaceNames (174 bytes)

VM state:not at safepoint (normal execution)

VM Mutex/Monitor currently owned by a thread: None

Heap address: 0x0000000081800000, size: 2024 MB, Compressed Oops mode: 32-bit
Narrow klass base: 0x0000000000000000, Narrow klass shift: 3
Compressed class space size: 1073741824 Address: 0x0000000100000000

Heap:
 garbage-first heap   total 131072K, used 40849K [0x0000000081800000, 0x0000000100000000)
  region size 1024K, 36 young (36864K), 4 survivors (4096K)
 Metaspace       used 25345K, capacity 25911K, committed 25984K, reserved 1073152K
  class space    used 2920K, capacity 3156K, committed 3200K, reserved 1048576K
Heap Regions: E=young(eden), S=young(survivor), O=old, HS=humongous(starts), HC=humongous(continues), CS=collection set, F=free, A=archive, TAMS=top-at-mark-start (previous, next)
|   0|0x0000000081800000, 0x0000000081900000, 0x0000000081900000|100%|HS|  |TAMS 0x0000000081900000, 0x0000000081800000| Complete 
|   1|0x0000000081900000, 0x0000000081a00000, 0x0000000081a00000|100%| O|  |TAMS 0x0000000081a00000, 0x0000000081900000| Untracked 
|   2|0x0000000081a00000, 0x0000000081b00000, 0x0000000081b00000|100%| O|  |TAMS 0x0000000081b00000, 0x0000000081a00000| Untracked 
|   3|0x0000000081b00000, 0x0000000081c00000, 0x0000000081c00000|100%| O|  |TAMS 0x0000000081c00000, 0x0000000081b00000| Untracked 
|   4|0x0000000081c00000, 0x0000000081d00000, 0x0000000081d00000|100%| O|  |TAMS 0x0000000081d00000, 0x0000000081c00000| Untracked 
|   5|0x0000000081d00000, 0x0000000081e00000, 0x0000000081e00000|100%| O|  |TAMS 0x0000000081de4e00, 0x0000000081d00000| Untracked 
|   6|0x0000000081e00000, 0x0000000081ea6000, 0x0000000081f00000| 64%| O|  |TAMS 0x0000000081e00000, 0x0000000081e00000| Untracked 
|   7|0x0000000081f00000, 0x0000000081f00000, 0x0000000082000000|  0%| F|  |TAMS 0x0000000081f00000, 0x0000000081f00000| Untracked 
|   8|0x0000000082000000, 0x0000000082000000, 0x0000000082100000|  0%| F|  |TAMS 0x0000000082000000, 0x0000000082000000| Untracked 
|   9|0x0000000082100000, 0x0000000082100000, 0x0000000082200000|  0%| F|  |TAMS 0x0000000082100000, 0x0000000082100000| Untracked 
|  10|0x0000000082200000, 0x0000000082200000, 0x0000000082300000|  0%| F|  |TAMS 0x0000000082200000, 0x0000000082200000| Untracked 
|  11|0x0000000082300000, 0x0000000082300000, 0x0000000082400000|  0%| F|  |TAMS 0x0000000082300000, 0x0000000082300000| Untracked 
|  12|0x0000000082400000, 0x0000000082400000, 0x0000000082500000|  0%| F|  |TAMS 0x0000000082400000, 0x0000000082400000| Untracked 
|  13|0x0000000082500000, 0x0000000082500000, 0x0000000082600000|  0%| F|  |TAMS 0x0000000082500000, 0x0000000082500000| Untracked 
|  14|0x0000000082600000, 0x0000000082600000, 0x0000000082700000|  0%| F|  |TAMS 0x0000000082600000, 0x0000000082600000| Untracked 
|  15|0x0000000082700000, 0x0000000082700000, 0x0000000082800000|  0%| F|  |TAMS 0x0000000082700000, 0x0000000082700000| Untracked 
|  16|0x0000000082800000, 0x0000000082800000, 0x0000000082900000|  0%| F|  |TAMS 0x0000000082800000, 0x0000000082800000| Untracked 
|  17|0x0000000082900000, 0x0000000082900000, 0x0000000082a00000|  0%| F|  |TAMS 0x0000000082900000, 0x0000000082900000| Untracked 
|  18|0x0000000082a00000, 0x0000000082a00000, 0x0000000082b00000|  0%| F|  |TAMS 0x0000000082a00000, 0x0000000082a00000| Untracked 
|  19|0x0000000082b00000, 0x0000000082b00000, 0x0000000082c00000|  0%| F|  |TAMS 0x0000000082b00000, 0x0000000082b00000| Untracked 
|  20|0x0000000082c00000, 0x0000000082c00000, 0x0000000082d00000|  0%| F|  |TAMS 0x0000000082c00000, 0x0000000082c00000| Untracked 
|  21|0x0000000082d00000, 0x0000000082d00000, 0x0000000082e00000|  0%| F|  |TAMS 0x0000000082d00000, 0x0000000082d00000| Untracked 
|  22|0x0000000082e00000, 0x0000000082e00000, 0x0000000082f00000|  0%| F|  |TAMS 0x0000000082e00000, 0x0000000082e00000| Untracked 
|  23|0x0000000082f00000, 0x0000000082f00000, 0x0000000083000000|  0%| F|  |TAMS 0x0000000082f00000, 0x0000000082f00000| Untracked 
|  24|0x0000000083000000, 0x0000000083000000, 0x0000000083100000|  0%| F|  |TAMS 0x0000000083000000, 0x0000000083000000| Untracked 
|  25|0x0000000083100000, 0x0000000083100000, 0x0000000083200000|  0%| F|  |TAMS 0x0000000083100000, 0x0000000083100000| Untracked 
|  26|0x0000000083200000, 0x0000000083200000, 0x0000000083300000|  0%| F|  |TAMS 0x0000000083200000, 0x0000000083200000| Untracked 
|  27|0x0000000083300000, 0x0000000083300000, 0x0000000083400000|  0%| F|  |TAMS 0x0000000083300000, 0x0000000083300000| Untracked 
|  28|0x0000000083400000, 0x0000000083400000, 0x0000000083500000|  0%| F|  |TAMS 0x0000000083400000, 0x0000000083400000| Untracked 
|  29|0x0000000083500000, 0x0000000083500000, 0x0000000083600000|  0%| F|  |TAMS 0x0000000083500000, 0x0000000083500000| Untracked 
|  30|0x0000000083600000, 0x0000000083600000, 0x0000000083700000|  0%| F|  |TAMS 0x0000000083600000, 0x0000000083600000| Untracked 
|  31|0x0000000083700000, 0x0000000083700000, 0x0000000083800000|  0%| F|  |TAMS 0x0000000083700000, 0x0000000083700000| Untracked 
|  32|0x0000000083800000, 0x0000000083800000, 0x0000000083900000|  0%| F|  |TAMS 0x0000000083800000, 0x0000000083800000| Untracked 
|  33|0x0000000083900000, 0x0000000083900000, 0x0000000083a00000|  0%| F|  |TAMS 0x0000000083900000, 0x0000000083900000| Untracked 
|  34|0x0000000083a00000, 0x0000000083a00000, 0x0000000083b00000|  0%| F|  |TAMS 0x0000000083a00000, 0x0000000083a00000| Untracked 
|  35|0x0000000083b00000, 0x0000000083b00000, 0x0000000083c00000|  0%| F|  |TAMS 0x0000000083b00000, 0x0000000083b00000| Untracked 
|  36|0x0000000083c00000, 0x0000000083c00000, 0x0000000083d00000|  0%| F|  |TAMS 0x0000000083c00000, 0x0000000083c00000| Untracked 
|  37|0x0000000083d00000, 0x0000000083d00000, 0x0000000083e00000|  0%| F|  |TAMS 0x0000000083d00000, 0x0000000083d00000| Untracked 
|  38|0x0000000083e00000, 0x0000000083e00000, 0x0000000083f00000|  0%| F|  |TAMS 0x0000000083e00000, 0x0000000083e00000| Untracked 
|  39|0x0000000083f00000, 0x0000000083f00000, 0x0000000084000000|  0%| F|  |TAMS 0x0000000083f00000, 0x0000000083f00000| Untracked 
|  40|0x0000000084000000, 0x0000000084000000, 0x0000000084100000|  0%| F|  |TAMS 0x0000000084000000, 0x0000000084000000| Untracked 
|  41|0x0000000084100000, 0x0000000084100000, 0x0000000084200000|  0%| F|  |TAMS 0x0000000084100000, 0x0000000084100000| Untracked 
|  42|0x0000000084200000, 0x0000000084200000, 0x0000000084300000|  0%| F|  |TAMS 0x0000000084200000, 0x0000000084200000| Untracked 
|  43|0x0000000084300000, 0x0000000084300000, 0x0000000084400000|  0%| F|  |TAMS 0x0000000084300000, 0x0000000084300000| Untracked 
|  44|0x0000000084400000, 0x0000000084400000, 0x0000000084500000|  0%| F|  |TAMS 0x0000000084400000, 0x0000000084400000| Untracked 
|  45|0x0000000084500000, 0x0000000084500000, 0x0000000084600000|  0%| F|  |TAMS 0x0000000084500000, 0x0000000084500000| Untracked 
|  46|0x0000000084600000, 0x0000000084600000, 0x0000000084700000|  0%| F|  |TAMS 0x0000000084600000, 0x0000000084600000| Untracked 
|  47|0x0000000084700000, 0x0000000084700000, 0x0000000084800000|  0%| F|  |TAMS 0x0000000084700000, 0x0000000084700000| Untracked 
|  48|0x0000000084800000, 0x0000000084800000, 0x0000000084900000|  0%| F|  |TAMS 0x0000000084800000, 0x0000000084800000| Untracked 
|  49|0x0000000084900000, 0x0000000084900000, 0x0000000084a00000|  0%| F|  |TAMS 0x0000000084900000, 0x0000000084900000| Untracked 
|  50|0x0000000084a00000, 0x0000000084a00000, 0x0000000084b00000|  0%| F|  |TAMS 0x0000000084a00000, 0x0000000084a00000| Untracked 
|  51|0x0000000084b00000, 0x0000000084b00000, 0x0000000084c00000|  0%| F|  |TAMS 0x0000000084b00000, 0x0000000084b00000| Untracked 
|  52|0x0000000084c00000, 0x0000000084c00000, 0x0000000084d00000|  0%| F|  |TAMS 0x0000000084c00000, 0x0000000084c00000| Untracked 
|  53|0x0000000084d00000, 0x0000000084d00000, 0x0000000084e00000|  0%| F|  |TAMS 0x0000000084d00000, 0x0000000084d00000| Untracked 
|  54|0x0000000084e00000, 0x0000000084e00000, 0x0000000084f00000|  0%| F|  |TAMS 0x0000000084e00000, 0x0000000084e00000| Untracked 
|  55|0x0000000084f00000, 0x0000000084f00000, 0x0000000085000000|  0%| F|  |TAMS 0x0000000084f00000, 0x0000000084f00000| Untracked 
|  56|0x0000000085000000, 0x0000000085000000, 0x0000000085100000|  0%| F|  |TAMS 0x0000000085000000, 0x0000000085000000| Untracked 
|  57|0x0000000085100000, 0x0000000085100000, 0x0000000085200000|  0%| F|  |TAMS 0x0000000085100000, 0x0000000085100000| Untracked 
|  58|0x0000000085200000, 0x0000000085200000, 0x0000000085300000|  0%| F|  |TAMS 0x0000000085200000, 0x0000000085200000| Untracked 
|  59|0x0000000085300000, 0x0000000085300000, 0x0000000085400000|  0%| F|  |TAMS 0x0000000085300000, 0x0000000085300000| Untracked 
|  60|0x0000000085400000, 0x0000000085400000, 0x0000000085500000|  0%| F|  |TAMS 0x0000000085400000, 0x0000000085400000| Untracked 
|  61|0x0000000085500000, 0x0000000085500000, 0x0000000085600000|  0%| F|  |TAMS 0x0000000085500000, 0x0000000085500000| Untracked 
|  62|0x0000000085600000, 0x0000000085600000, 0x0000000085700000|  0%| F|  |TAMS 0x0000000085600000, 0x0000000085600000| Untracked 
|  63|0x0000000085700000, 0x0000000085700000, 0x0000000085800000|  0%| F|  |TAMS 0x0000000085700000, 0x0000000085700000| Untracked 
|  64|0x0000000085800000, 0x0000000085800000, 0x0000000085900000|  0%| F|  |TAMS 0x0000000085800000, 0x0000000085800000| Untracked 
|  65|0x0000000085900000, 0x0000000085900000, 0x0000000085a00000|  0%| F|  |TAMS 0x0000000085900000, 0x0000000085900000| Untracked 
|  66|0x0000000085a00000, 0x0000000085a00000, 0x0000000085b00000|  0%| F|  |TAMS 0x0000000085a00000, 0x0000000085a00000| Untracked 
|  67|0x0000000085b00000, 0x0000000085b00000, 0x0000000085c00000|  0%| F|  |TAMS 0x0000000085b00000, 0x0000000085b00000| Untracked 
|  68|0x0000000085c00000, 0x0000000085c00000, 0x0000000085d00000|  0%| F|  |TAMS 0x0000000085c00000, 0x0000000085c00000| Untracked 
|  69|0x0000000085d00000, 0x0000000085d00000, 0x0000000085e00000|  0%| F|  |TAMS 0x0000000085d00000, 0x0000000085d00000| Untracked 
|  70|0x0000000085e00000, 0x0000000085e00000, 0x0000000085f00000|  0%| F|  |TAMS 0x0000000085e00000, 0x0000000085e00000| Untracked 
|  71|0x0000000085f00000, 0x0000000085f00000, 0x0000000086000000|  0%| F|  |TAMS 0x0000000085f00000, 0x0000000085f00000| Untracked 
|  72|0x0000000086000000, 0x0000000086000000, 0x0000000086100000|  0%| F|  |TAMS 0x0000000086000000, 0x0000000086000000| Untracked 
|  73|0x0000000086100000, 0x0000000086100000, 0x0000000086200000|  0%| F|  |TAMS 0x0000000086100000, 0x0000000086100000| Untracked 
|  74|0x0000000086200000, 0x0000000086200000, 0x0000000086300000|  0%| F|  |TAMS 0x0000000086200000, 0x0000000086200000| Untracked 
|  75|0x0000000086300000, 0x0000000086300000, 0x0000000086400000|  0%| F|  |TAMS 0x0000000086300000, 0x0000000086300000| Untracked 
|  76|0x0000000086400000, 0x0000000086400000, 0x0000000086500000|  0%| F|  |TAMS 0x0000000086400000, 0x0000000086400000| Untracked 
|  77|0x0000000086500000, 0x0000000086500000, 0x0000000086600000|  0%| F|  |TAMS 0x0000000086500000, 0x0000000086500000| Untracked 
|  78|0x0000000086600000, 0x0000000086600000, 0x0000000086700000|  0%| F|  |TAMS 0x0000000086600000, 0x0000000086600000| Untracked 
|  79|0x0000000086700000, 0x0000000086700000, 0x0000000086800000|  0%| F|  |TAMS 0x0000000086700000, 0x0000000086700000| Untracked 
|  80|0x0000000086800000, 0x0000000086800000, 0x0000000086900000|  0%| F|  |TAMS 0x0000000086800000, 0x0000000086800000| Untracked 
|  81|0x0000000086900000, 0x0000000086900000, 0x0000000086a00000|  0%| F|  |TAMS 0x0000000086900000, 0x0000000086900000| Untracked 
|  82|0x0000000086a00000, 0x0000000086a00000, 0x0000000086b00000|  0%| F|  |TAMS 0x0000000086a00000, 0x0000000086a00000| Untracked 
|  83|0x0000000086b00000, 0x0000000086b00000, 0x0000000086c00000|  0%| F|  |TAMS 0x0000000086b00000, 0x0000000086b00000| Untracked 
|  84|0x0000000086c00000, 0x0000000086c3e4c0, 0x0000000086d00000| 24%| S|CS|TAMS 0x0000000086c00000, 0x0000000086c00000| Complete 
|  85|0x0000000086d00000, 0x0000000086e00000, 0x0000000086e00000|100%| S|CS|TAMS 0x0000000086d00000, 0x0000000086d00000| Complete 
|  86|0x0000000086e00000, 0x0000000086f00000, 0x0000000086f00000|100%| S|CS|TAMS 0x0000000086e00000, 0x0000000086e00000| Complete 
|  87|0x0000000086f00000, 0x0000000087000000, 0x0000000087000000|100%| S|CS|TAMS 0x0000000086f00000, 0x0000000086f00000| Complete 
|  88|0x0000000087000000, 0x0000000087000000, 0x0000000087100000|  0%| F|  |TAMS 0x0000000087000000, 0x0000000087000000| Untracked 
|  89|0x0000000087100000, 0x0000000087100000, 0x0000000087200000|  0%| F|  |TAMS 0x0000000087100000, 0x0000000087100000| Untracked 
|  90|0x0000000087200000, 0x0000000087200000, 0x0000000087300000|  0%| F|  |TAMS 0x0000000087200000, 0x0000000087200000| Untracked 
|  91|0x0000000087300000, 0x0000000087300000, 0x0000000087400000|  0%| F|  |TAMS 0x0000000087300000, 0x0000000087300000| Untracked 
|  92|0x0000000087400000, 0x0000000087400000, 0x0000000087500000|  0%| F|  |TAMS 0x0000000087400000, 0x0000000087400000| Untracked 
|  93|0x0000000087500000, 0x0000000087500000, 0x0000000087600000|  0%| F|  |TAMS 0x0000000087500000, 0x0000000087500000| Untracked 
|  94|0x0000000087600000, 0x0000000087600000, 0x0000000087700000|  0%| F|  |TAMS 0x0000000087600000, 0x0000000087600000| Untracked 
|  95|0x0000000087700000, 0x0000000087700000, 0x0000000087800000|  0%| F|  |TAMS 0x0000000087700000, 0x0000000087700000| Untracked 
|  96|0x0000000087800000, 0x0000000087880800, 0x0000000087900000| 50%| E|  |TAMS 0x0000000087800000, 0x0000000087800000| Complete 
|  97|0x0000000087900000, 0x0000000087a00000, 0x0000000087a00000|100%| E|CS|TAMS 0x0000000087900000, 0x0000000087900000| Complete 
|  98|0x0000000087a00000, 0x0000000087b00000, 0x0000000087b00000|100%| E|CS|TAMS 0x0000000087a00000, 0x0000000087a00000| Complete 
|  99|0x0000000087b00000, 0x0000000087c00000, 0x0000000087c00000|100%| E|CS|TAMS 0x0000000087b00000, 0x0000000087b00000| Complete 
| 100|0x0000000087c00000, 0x0000000087d00000, 0x0000000087d00000|100%| E|CS|TAMS 0x0000000087c00000, 0x0000000087c00000| Complete 
| 101|0x0000000087d00000, 0x0000000087e00000, 0x0000000087e00000|100%| E|CS|TAMS 0x0000000087d00000, 0x0000000087d00000| Complete 
| 102|0x0000000087e00000, 0x0000000087f00000, 0x0000000087f00000|100%| E|CS|TAMS 0x0000000087e00000, 0x0000000087e00000| Complete 
| 103|0x0000000087f00000, 0x0000000088000000, 0x0000000088000000|100%| E|CS|TAMS 0x0000000087f00000, 0x0000000087f00000| Complete 
| 104|0x0000000088000000, 0x0000000088100000, 0x0000000088100000|100%| E|CS|TAMS 0x0000000088000000, 0x0000000088000000| Complete 
| 105|0x0000000088100000, 0x0000000088200000, 0x0000000088200000|100%| E|CS|TAMS 0x0000000088100000, 0x0000000088100000| Complete 
| 106|0x0000000088200000, 0x0000000088300000, 0x0000000088300000|100%| E|  |TAMS 0x0000000088200000, 0x0000000088200000| Complete 
| 107|0x0000000088300000, 0x0000000088400000, 0x0000000088400000|100%| E|CS|TAMS 0x0000000088300000, 0x0000000088300000| Complete 
| 108|0x0000000088400000, 0x0000000088500000, 0x0000000088500000|100%| E|CS|TAMS 0x0000000088400000, 0x0000000088400000| Complete 
| 109|0x0000000088500000, 0x0000000088600000, 0x0000000088600000|100%| E|CS|TAMS 0x0000000088500000, 0x0000000088500000| Complete 
| 110|0x0000000088600000, 0x0000000088700000, 0x0000000088700000|100%| E|CS|TAMS 0x0000000088600000, 0x0000000088600000| Complete 
| 111|0x0000000088700000, 0x0000000088800000, 0x0000000088800000|100%| E|CS|TAMS 0x0000000088700000, 0x0000000088700000| Complete 
| 112|0x0000000088800000, 0x0000000088900000, 0x0000000088900000|100%| E|CS|TAMS 0x0000000088800000, 0x0000000088800000| Complete 
| 113|0x0000000088900000, 0x0000000088a00000, 0x0000000088a00000|100%| E|CS|TAMS 0x0000000088900000, 0x0000000088900000| Complete 
| 114|0x0000000088a00000, 0x0000000088b00000, 0x0000000088b00000|100%| E|CS|TAMS 0x0000000088a00000, 0x0000000088a00000| Complete 
| 115|0x0000000088b00000, 0x0000000088c00000, 0x0000000088c00000|100%| E|CS|TAMS 0x0000000088b00000, 0x0000000088b00000| Complete 
| 116|0x0000000088c00000, 0x0000000088d00000, 0x0000000088d00000|100%| E|CS|TAMS 0x0000000088c00000, 0x0000000088c00000| Complete 
| 117|0x0000000088d00000, 0x0000000088e00000, 0x0000000088e00000|100%| E|CS|TAMS 0x0000000088d00000, 0x0000000088d00000| Complete 
| 118|0x0000000088e00000, 0x0000000088f00000, 0x0000000088f00000|100%| E|CS|TAMS 0x0000000088e00000, 0x0000000088e00000| Complete 
| 119|0x0000000088f00000, 0x0000000089000000, 0x0000000089000000|100%| E|CS|TAMS 0x0000000088f00000, 0x0000000088f00000| Complete 
| 120|0x0000000089000000, 0x0000000089100000, 0x0000000089100000|100%| E|CS|TAMS 0x0000000089000000, 0x0000000089000000| Complete 
| 121|0x0000000089100000, 0x0000000089200000, 0x0000000089200000|100%| E|CS|TAMS 0x0000000089100000, 0x0000000089100000| Complete 
| 122|0x0000000089200000, 0x0000000089300000, 0x0000000089300000|100%| E|CS|TAMS 0x0000000089200000, 0x0000000089200000| Complete 
| 123|0x0000000089300000, 0x0000000089400000, 0x0000000089400000|100%| E|CS|TAMS 0x0000000089300000, 0x0000000089300000| Complete 
| 124|0x0000000089400000, 0x0000000089500000, 0x0000000089500000|100%| E|CS|TAMS 0x0000000089400000, 0x0000000089400000| Complete 
| 125|0x0000000089500000, 0x0000000089600000, 0x0000000089600000|100%| E|CS|TAMS 0x0000000089500000, 0x0000000089500000| Complete 
| 126|0x0000000089600000, 0x0000000089700000, 0x0000000089700000|100%| E|CS|TAMS 0x0000000089600000, 0x0000000089600000| Complete 
| 127|0x0000000089700000, 0x0000000089800000, 0x0000000089800000|100%| E|CS|TAMS 0x0000000089700000, 0x0000000089700000| Complete 

Card table byte_map: [0x000001c4f73a0000,0x000001c4f77a0000] _byte_map_base: 0x000001c4f6f94000

Marking Bits (Prev, Next): (CMBitMap*) 0x000001c4ee8f9a80, (CMBitMap*) 0x000001c4ee8f9a48
 Prev Bits: [0x000001c4f9b40000, 0x000001c4fbae0000)
 Next Bits: [0x000001c4f7ba0000, 0x000001c4f9b40000)

Polling page: 0x000001c4ec8b0000

Metaspace:

Usage:
  Non-class:     22.22 MB capacity,    21.91 MB ( 99%) used,   261.46 KB (  1%) free+waste,    65.25 KB ( <1%) overhead. 
      Class:      3.08 MB capacity,     2.85 MB ( 93%) used,   204.60 KB (  6%) free+waste,    31.25 KB ( <1%) overhead. 
       Both:     25.31 MB capacity,    24.76 MB ( 98%) used,   466.06 KB (  2%) free+waste,    96.50 KB ( <1%) overhead. 

Virtual space:
  Non-class space:       24.00 MB reserved,      22.25 MB ( 93%) committed 
      Class space:        1.00 GB reserved,       3.13 MB ( <1%) committed 
             Both:        1.02 GB reserved,      25.38 MB (  2%) committed 

Chunk freelists:
   Non-Class:  26.00 KB
       Class:  11.00 KB
        Both:  37.00 KB

MaxMetaspaceSize: 17179869184.00 GB
CompressedClassSpaceSize: 1.00 GB

CodeHeap 'non-profiled nmethods': size=120064Kb used=811Kb max_used=811Kb free=119253Kb
 bounds [0x000001c487ac0000, 0x000001c487d30000, 0x000001c48f000000]
CodeHeap 'profiled nmethods': size=120000Kb used=4112Kb max_used=4112Kb free=115887Kb
 bounds [0x000001c480590000, 0x000001c4809a0000, 0x000001c487ac0000]
CodeHeap 'non-nmethods': size=5696Kb used=1120Kb max_used=1146Kb free=4575Kb
 bounds [0x000001c480000000, 0x000001c480270000, 0x000001c480590000]
 total_blobs=2560 nmethods=2119 adapters=352
 compilation: enabled
              stopped_count=0, restarted_count=0
 full_count=0

Compilation events (20 events):
Event: 15.552 Thread 0x000001c4fe00d000 2093       3       java.lang.ClassNotFoundException::<init> (7 bytes)
Event: 15.552 Thread 0x000001c4fe00d000 nmethod 2093 0x000001c48097fb90 code [0x000001c48097fd60, 0x000001c48097ff68]
Event: 15.580 Thread 0x000001c4fe007000 nmethod 2092 0x000001c487b84b10 code [0x000001c487b84ce0, 0x000001c487b860b8]
Event: 15.615 Thread 0x000001c4fe00d000 2094       3       org.springframework.util.StringUtils::delimitedListToStringArray (7 bytes)
Event: 15.616 Thread 0x000001c4fe00d000 nmethod 2094 0x000001c480980090 code [0x000001c480980240, 0x000001c480980348]
Event: 15.626 Thread 0x000001c4fe00d000 2095       3       java.lang.StringLatin1::compareTo (52 bytes)
Event: 15.627 Thread 0x000001c4fe00d000 nmethod 2095 0x000001c480980410 code [0x000001c480980600, 0x000001c4809809b8]
Event: 15.627 Thread 0x000001c4fe00d000 2096       3       java.lang.String::compareTo (9 bytes)
Event: 15.627 Thread 0x000001c4fe00d000 nmethod 2096 0x000001c480980b90 code [0x000001c480980d60, 0x000001c480980f68]
Event: 15.630 Thread 0x000001c4fe007000 2097       4       java.lang.StringLatin1::compareTo (52 bytes)
Event: 15.635 Thread 0x000001c4fe00d000 2098       3       java.util.LinkedHashSet::<init> (10 bytes)
Event: 15.635 Thread 0x000001c4fe00d000 nmethod 2098 0x000001c480981010 code [0x000001c480981220, 0x000001c480981628]
Event: 15.642 Thread 0x000001c4fe007000 nmethod 2097 0x000001c487b86490 code [0x000001c487b86620, 0x000001c487b86858]
Event: 15.645 Thread 0x000001c4fe00d000 2099       3       java.util.HashSet::isEmpty (8 bytes)
Event: 15.646 Thread 0x000001c4fe00d000 nmethod 2099 0x000001c480981810 code [0x000001c4809819c0, 0x000001c480981bf8]
Event: 15.703 Thread 0x000001c4fe007000 2100       4       java.util.HashMap::putVal (300 bytes)
Event: 15.738 Thread 0x000001c4fe00d000 2101       3       jdk.internal.org.objectweb.asm.MethodVisitor::visitInsn (16 bytes)
Event: 15.739 Thread 0x000001c4fe00d000 nmethod 2101 0x000001c480981d10 code [0x000001c480981ec0, 0x000001c4809820a8]
Event: 15.800 Thread 0x000001c4fe007000 nmethod 2100 0x000001c487b86910 code [0x000001c487b86b00, 0x000001c487b87a98]
Event: 15.800 Thread 0x000001c4fe007000 2103       4       java.util.Properties::loadConvert (524 bytes)

GC Heap History (10 events):
Event: 3.343 GC heap before
{Heap before GC invocations=0 (full 0):
 garbage-first heap   total 131072K, used 14336K [0x0000000081800000, 0x0000000100000000)
  region size 1024K, 14 young (14336K), 0 survivors (0K)
 Metaspace       used 9357K, capacity 9521K, committed 9600K, reserved 1058816K
  class space    used 847K, capacity 877K, committed 896K, reserved 1048576K
}
Event: 3.379 GC heap after
{Heap after GC invocations=1 (full 0):
 garbage-first heap   total 131072K, used 5973K [0x0000000081800000, 0x0000000100000000)
  region size 1024K, 2 young (2048K), 2 survivors (2048K)
 Metaspace       used 9357K, capacity 9521K, committed 9600K, reserved 1058816K
  class space    used 847K, capacity 877K, committed 896K, reserved 1048576K
}
Event: 7.301 GC heap before
{Heap before GC invocations=1 (full 0):
 garbage-first heap   total 131072K, used 18261K [0x0000000081800000, 0x0000000100000000)
  region size 1024K, 14 young (14336K), 2 survivors (2048K)
 Metaspace       used 13479K, capacity 13769K, committed 14080K, reserved 1062912K
  class space    used 1343K, capacity 1429K, committed 1536K, reserved 1048576K
}
Event: 7.320 GC heap after
{Heap after GC invocations=2 (full 0):
 garbage-first heap   total 131072K, used 6905K [0x0000000081800000, 0x0000000100000000)
  region size 1024K, 1 young (1024K), 1 survivors (1024K)
 Metaspace       used 13479K, capacity 13769K, committed 14080K, reserved 1062912K
  class space    used 1343K, capacity 1429K, committed 1536K, reserved 1048576K
}
Event: 12.603 GC heap before
{Heap before GC invocations=2 (full 0):
 garbage-first heap   total 131072K, used 32505K [0x0000000081800000, 0x0000000100000000)
  region size 1024K, 26 young (26624K), 1 survivors (1024K)
 Metaspace       used 19288K, capacity 19784K, committed 20096K, reserved 1067008K
  class space    used 2137K, capacity 2327K, committed 2432K, reserved 1048576K
}
Event: 13.023 GC heap after
{Heap after GC invocations=3 (full 0):
 garbage-first heap   total 131072K, used 8437K [0x0000000081800000, 0x0000000100000000)
  region size 1024K, 3 young (3072K), 3 survivors (3072K)
 Metaspace       used 19288K, capacity 19784K, committed 20096K, reserved 1067008K
  class space    used 2137K, capacity 2327K, committed 2432K, reserved 1048576K
}
Event: 14.021 GC heap before
{Heap before GC invocations=3 (full 0):
 garbage-first heap   total 131072K, used 18677K [0x0000000081800000, 0x0000000100000000)
  region size 1024K, 14 young (14336K), 3 survivors (3072K)
 Metaspace       used 20629K, capacity 21140K, committed 21248K, reserved 1069056K
  class space    used 2366K, capacity 2545K, committed 2560K, reserved 1048576K
}
Event: 14.035 GC heap after
{Heap after GC invocations=4 (full 0):
 garbage-first heap   total 131072K, used 8974K [0x0000000081800000, 0x0000000100000000)
  region size 1024K, 3 young (3072K), 3 survivors (3072K)
 Metaspace       used 20629K, capacity 21140K, committed 21248K, reserved 1069056K
  class space    used 2366K, capacity 2545K, committed 2560K, reserved 1048576K
}
Event: 15.372 GC heap before
{Heap before GC invocations=5 (full 0):
 garbage-first heap   total 131072K, used 45838K [0x0000000081800000, 0x0000000100000000)
  region size 1024K, 40 young (40960K), 3 survivors (3072K)
 Metaspace       used 23808K, capacity 24350K, committed 24576K, reserved 1071104K
  class space    used 2778K, capacity 3021K, committed 3072K, reserved 1048576K
}
Event: 15.387 GC heap after
{Heap after GC invocations=6 (full 0):
 garbage-first heap   total 131072K, used 10129K [0x0000000081800000, 0x0000000100000000)
  region size 1024K, 4 young (4096K), 4 survivors (4096K)
 Metaspace       used 23808K, capacity 24350K, committed 24576K, reserved 1071104K
  class space    used 2778K, capacity 3021K, committed 3072K, reserved 1048576K
}

Deoptimization events (20 events):
Event: 15.798 Thread 0x000001c4ee8ba800 DEOPT PACKING pc=0x000001c4806ae616 sp=0x0000002e2fafe870
Event: 15.798 Thread 0x000001c4ee8ba800 DEOPT UNPACKING pc=0x000001c4800276ce sp=0x0000002e2fafdd88 mode 0
Event: 15.798 Thread 0x000001c4ee8ba800 DEOPT PACKING pc=0x000001c4806b8e91 sp=0x0000002e2fafe8a0
Event: 15.799 Thread 0x000001c4ee8ba800 DEOPT UNPACKING pc=0x000001c4800276ce sp=0x0000002e2fafdd78 mode 0
Event: 15.799 Thread 0x000001c4ee8ba800 DEOPT PACKING pc=0x000001c4806ae616 sp=0x0000002e2fafe870
Event: 15.799 Thread 0x000001c4ee8ba800 DEOPT UNPACKING pc=0x000001c4800276ce sp=0x0000002e2fafdd88 mode 0
Event: 15.799 Thread 0x000001c4ee8ba800 DEOPT PACKING pc=0x000001c4806b8e91 sp=0x0000002e2fafe8a0
Event: 15.799 Thread 0x000001c4ee8ba800 DEOPT UNPACKING pc=0x000001c4800276ce sp=0x0000002e2fafdd78 mode 0
Event: 15.800 Thread 0x000001c4ee8ba800 DEOPT PACKING pc=0x000001c4806ae616 sp=0x0000002e2fafe870
Event: 15.800 Thread 0x000001c4ee8ba800 DEOPT UNPACKING pc=0x000001c4800276ce sp=0x0000002e2fafdd88 mode 0
Event: 15.800 Thread 0x000001c4ee8ba800 DEOPT PACKING pc=0x000001c4806b8e91 sp=0x0000002e2fafe8a0
Event: 15.800 Thread 0x000001c4ee8ba800 DEOPT UNPACKING pc=0x000001c4800276ce sp=0x0000002e2fafdd78 mode 0
Event: 15.801 Thread 0x000001c4ee8ba800 DEOPT PACKING pc=0x000001c4806ae616 sp=0x0000002e2fafe870
Event: 15.801 Thread 0x000001c4ee8ba800 DEOPT UNPACKING pc=0x000001c4800276ce sp=0x0000002e2fafdd88 mode 0
Event: 15.801 Thread 0x000001c4ee8ba800 DEOPT PACKING pc=0x000001c4806b8e91 sp=0x0000002e2fafe8a0
Event: 15.801 Thread 0x000001c4ee8ba800 DEOPT UNPACKING pc=0x000001c4800276ce sp=0x0000002e2fafdd78 mode 0
Event: 15.802 Thread 0x000001c4ee8ba800 DEOPT PACKING pc=0x000001c4806ae616 sp=0x0000002e2fafe870
Event: 15.802 Thread 0x000001c4ee8ba800 DEOPT UNPACKING pc=0x000001c4800276ce sp=0x0000002e2fafdd88 mode 0
Event: 15.802 Thread 0x000001c4ee8ba800 DEOPT PACKING pc=0x000001c4806b8e91 sp=0x0000002e2fafe8a0
Event: 15.802 Thread 0x000001c4ee8ba800 DEOPT UNPACKING pc=0x000001c4800276ce sp=0x0000002e2fafdd78 mode 0

Classes redefined (0 events):
No events

Internal exceptions (20 events):
Event: 14.081 Thread 0x000001c4ee8ba800 Exception <a 'java/lang/ClassNotFoundException'{0x0000000089769c30}: java/lang/ObjectCustomizer> (0x0000000089769c30) thrown at [./src/hotspot/share/classfile/systemDictionary.cpp, line 231]
Event: 14.101 Thread 0x000001c4ee8ba800 Exception <a 'java/lang/ClassNotFoundException'{0x0000000089795288}: org/springframework/context/annotation/ConfigurationClassPostProcessorCustomizer> (0x0000000089795288) thrown at [./src/hotspot/share/classfile/systemDictionary.cpp, line 231]
Event: 14.126 Thread 0x000001c4ee8ba800 Exception <a 'java/lang/ClassNotFoundException'{0x00000000897c2a80}: org/springframework/beans/factory/support/BeanDefinitionRegistryPostProcessorCustomizer> (0x00000000897c2a80) thrown at [./src/hotspot/share/classfile/systemDictionary.cpp, line 231]
Event: 14.128 Thread 0x000001c4ee8ba800 Exception <a 'java/lang/ClassNotFoundException'{0x00000000895eee98}: org/springframework/beans/factory/config/BeanFactoryPostProcessorCustomizer> (0x00000000895eee98) thrown at [./src/hotspot/share/classfile/systemDictionary.cpp, line 231]
Event: 14.129 Thread 0x000001c4ee8ba800 Exception <a 'java/lang/ClassNotFoundException'{0x00000000895fbb68}: org/springframework/core/PriorityOrderedCustomizer> (0x00000000895fbb68) thrown at [./src/hotspot/share/classfile/systemDictionary.cpp, line 231]
Event: 14.130 Thread 0x000001c4ee8ba800 Exception <a 'java/lang/ClassNotFoundException'{0x00000000894554e0}: org/springframework/core/OrderedCustomizer> (0x00000000894554e0) thrown at [./src/hotspot/share/classfile/systemDictionary.cpp, line 231]
Event: 14.131 Thread 0x000001c4ee8ba800 Exception <a 'java/lang/ClassNotFoundException'{0x0000000089462890}: org/springframework/context/ResourceLoaderAwareCustomizer> (0x0000000089462890) thrown at [./src/hotspot/share/classfile/systemDictionary.cpp, line 231]
Event: 14.132 Thread 0x000001c4ee8ba800 Exception <a 'java/lang/ClassNotFoundException'{0x000000008946f138}: org/springframework/beans/factory/AwareCustomizer> (0x000000008946f138) thrown at [./src/hotspot/share/classfile/systemDictionary.cpp, line 231]
Event: 14.133 Thread 0x000001c4ee8ba800 Exception <a 'java/lang/ClassNotFoundException'{0x000000008947c218}: org/springframework/context/ApplicationStartupAwareCustomizer> (0x000000008947c218) thrown at [./src/hotspot/share/classfile/systemDictionary.cpp, line 231]
Event: 14.134 Thread 0x000001c4ee8ba800 Exception <a 'java/lang/ClassNotFoundException'{0x0000000089488d38}: org/springframework/beans/factory/AwareCustomizer> (0x0000000089488d38) thrown at [./src/hotspot/share/classfile/systemDictionary.cpp, line 231]
Event: 14.135 Thread 0x000001c4ee8ba800 Exception <a 'java/lang/ClassNotFoundException'{0x0000000089495e40}: org/springframework/beans/factory/BeanClassLoaderAwareCustomizer> (0x0000000089495e40) thrown at [./src/hotspot/share/classfile/systemDictionary.cpp, line 231]
Event: 14.136 Thread 0x000001c4ee8ba800 Exception <a 'java/lang/ClassNotFoundException'{0x00000000894a2700}: org/springframework/beans/factory/AwareCustomizer> (0x00000000894a2700) thrown at [./src/hotspot/share/classfile/systemDictionary.cpp, line 231]
Event: 14.137 Thread 0x000001c4ee8ba800 Exception <a 'java/lang/ClassNotFoundException'{0x00000000894ae978}: org/springframework/context/EnvironmentAwareCustomizer> (0x00000000894ae978) thrown at [./src/hotspot/share/classfile/systemDictionary.cpp, line 231]
Event: 14.139 Thread 0x000001c4ee8ba800 Exception <a 'java/lang/ClassNotFoundException'{0x00000000894bb1b0}: org/springframework/beans/factory/AwareCustomizer> (0x00000000894bb1b0) thrown at [./src/hotspot/share/classfile/systemDictionary.cpp, line 231]
Event: 14.831 Thread 0x000001c4ff321800 Exception <a 'java/lang/NoSuchMethodError'{0x000000008841c148}: 'java.lang.Object java.lang.invoke.DirectMethodHandle$Holder.invokeStaticInit(java.lang.Object, java.lang.Object, java.lang.Object, java.lang.Object, java.lang.Object)'> (0x000000008841c148) thrown at [./src/hotspot/share/interpreter/linkResolver.cpp, line 773]
Event: 14.897 Thread 0x000001c4ff321800 Exception <a 'java/lang/NoSuchMethodError'{0x0000000088308040}: 'java.lang.Object java.lang.invoke.DirectMethodHandle$Holder.invokeSpecial(java.lang.Object, java.lang.Object, int, int, java.lang.Object, java.lang.Object, java.lang.Object)'> (0x0000000088308040) thrown at [./src/hotspot/share/interpreter/linkResolver.cpp, line 773]
Event: 14.897 Thread 0x000001c4ff321800 Exception <a 'java/lang/NoSuchMethodError'{0x000000008830b5d0}: 'java.lang.Object java.lang.invoke.DelegatingMethodHandle$Holder.reinvoke_L(java.lang.Object, int, int, java.lang.Object, java.lang.Object, java.lang.Object)'> (0x000000008830b5d0) thrown at [./src/hotspot/share/interpreter/linkResolver.cpp, line 773]
Event: 14.898 Thread 0x000001c4ff321800 Exception <a 'java/lang/NoSuchMethodError'{0x000000008830f5b0}: 'java.lang.Object java.lang.invoke.DirectMethodHandle$Holder.invokeStatic(java.lang.Object, java.lang.Object, java.lang.Object, java.lang.Object, int)'> (0x000000008830f5b0) thrown at [./src/hotspot/share/interpreter/linkResolver.cpp, line 773]
Event: 14.980 Thread 0x000001c4ee8ba800 Exception <a 'java/lang/NoSuchMethodError'{0x00000000884c14e0}: 'int java.lang.invoke.DirectMethodHandle$Holder.invokeSpecialIFC(java.lang.Object, java.lang.Object, java.lang.Object, java.lang.Object)'> (0x00000000884c14e0) thrown at [./src/hotspot/share/interpreter/linkResolver.cpp, line 773]
Event: 15.732 Thread 0x000001c4ee8ba800 Exception <a 'java/lang/IncompatibleClassChangeError'{0x0000000087a1c6f0}: Found class java.lang.Object, but interface was expected> (0x0000000087a1c6f0) thrown at [./src/hotspot/share/interpreter/linkResolver.cpp, line 839]

Events (20 events):
Event: 15.649 loading class org/springframework/boot/jdbc/XADataSourceWrapper
Event: 15.649 loading class org/springframework/boot/jdbc/XADataSourceWrapper done
Event: 15.651 loading class com/fasterxml/jackson/databind/type/TypeFactory
Event: 15.651 loading class com/fasterxml/jackson/databind/type/TypeFactory done
Event: 15.678 loading class org/springframework/mail/javamail/JavaMailSenderImpl
Event: 15.678 loading class org/springframework/mail/javamail/JavaMailSenderImpl done
Event: 15.699 loading class org/springframework/mail/javamail/JavaMailSender
Event: 15.699 loading class org/springframework/mail/javamail/JavaMailSender done
Event: 15.700 loading class org/springframework/boot/autoconfigure/AutoConfigurationImportListener
Event: 15.700 loading class org/springframework/boot/autoconfigure/AutoConfigurationImportListener done
Event: 15.701 loading class org/springframework/boot/autoconfigure/condition/ConditionEvaluationReportAutoConfigurationImportListener
Event: 15.701 loading class org/springframework/boot/autoconfigure/condition/ConditionEvaluationReportAutoConfigurationImportListener done
Event: 15.702 loading class org/springframework/boot/autoconfigure/AutoConfigurationImportEvent
Event: 15.702 loading class org/springframework/boot/autoconfigure/AutoConfigurationImportEvent done
Event: 15.731 loading class org/springframework/boot/autoconfigure/AutoConfigurationImportSelector$AutoConfigurationEntry
Event: 15.731 loading class org/springframework/boot/autoconfigure/AutoConfigurationImportSelector$AutoConfigurationEntry done
Event: 15.732 loading class java/util/HashMap$KeySpliterator
Event: 15.733 loading class java/util/HashMap$KeySpliterator done
Event: 15.737 loading class org/springframework/boot/autoconfigure/AutoConfigurationImportSelector$AutoConfigurationEntry
Event: 15.737 loading class org/springframework/boot/autoconfigure/AutoConfigurationImportSelector$AutoConfigurationEntry done


Dynamic libraries:
0x00007ff794860000 - 0x00007ff79486d000 	C:\Users\Administrator\AppData\Local\Programs\AdoptOpenJDK\jdk-11.0.10.9-hotspot\bin\java.exe
0x00007ffeb8970000 - 0x00007ffeb8b3f000 	C:\Windows\SYSTEM32\ntdll.dll
0x00007ffeb80d0000 - 0x00007ffeb817c000 	C:\Windows\System32\KERNEL32.DLL
0x00007ffeb5190000 - 0x00007ffeb53ae000 	C:\Windows\System32\KERNELBASE.dll
0x00007ffeb5670000 - 0x00007ffeb5764000 	C:\Windows\System32\ucrtbase.dll
0x00007ffe9ba40000 - 0x00007ffe9ba57000 	C:\Users\Administrator\AppData\Local\Programs\AdoptOpenJDK\jdk-11.0.10.9-hotspot\bin\jli.dll
0x00007ffeb6330000 - 0x00007ffeb6496000 	C:\Windows\System32\USER32.dll
0x00007ffeb5410000 - 0x00007ffeb542e000 	C:\Windows\System32\win32u.dll
0x00007ffeb87b0000 - 0x00007ffeb87e4000 	C:\Windows\System32\GDI32.dll
0x00007ffeb4e60000 - 0x00007ffeb4fe3000 	C:\Windows\System32\gdi32full.dll
0x00007ffe9b510000 - 0x00007ffe9b525000 	C:\Users\Administrator\AppData\Local\Programs\AdoptOpenJDK\jdk-11.0.10.9-hotspot\bin\VCRUNTIME140.dll
0x00007ffea9120000 - 0x00007ffea939a000 	C:\Windows\WinSxS\amd64_microsoft.windows.common-controls_6595b64144ccf1df_6.0.14393.4169_none_7de0bbf28341b1f2\COMCTL32.dll
0x00007ffeb6500000 - 0x00007ffeb659e000 	C:\Windows\System32\msvcrt.dll
0x00007ffeb5f30000 - 0x00007ffeb61f7000 	C:\Windows\System32\combase.dll
0x00007ffeb65b0000 - 0x00007ffeb66d1000 	C:\Windows\System32\RPCRT4.dll
0x00007ffeb5430000 - 0x00007ffeb549b000 	C:\Windows\System32\bcryptPrimitives.dll
0x00007ffeb5f00000 - 0x00007ffeb5f2e000 	C:\Windows\System32\IMM32.DLL
0x00007ffe98a70000 - 0x00007ffe98b0b000 	C:\Users\Administrator\AppData\Local\Programs\AdoptOpenJDK\jdk-11.0.10.9-hotspot\bin\msvcp140.dll
0x00007ffe8cce0000 - 0x00007ffe8d823000 	C:\Users\Administrator\AppData\Local\Programs\AdoptOpenJDK\jdk-11.0.10.9-hotspot\bin\server\jvm.dll
0x00007ffeb6260000 - 0x00007ffeb6302000 	C:\Windows\System32\ADVAPI32.dll
0x00007ffeb8850000 - 0x00007ffeb88a9000 	C:\Windows\System32\sechost.dll
0x00007ffeb80c0000 - 0x00007ffeb80c8000 	C:\Windows\System32\PSAPI.DLL
0x00007ffeb1ec0000 - 0x00007ffeb1ec9000 	C:\Windows\SYSTEM32\WSOCK32.dll
0x00007ffeb66e0000 - 0x00007ffeb674a000 	C:\Windows\System32\WS2_32.dll
0x00007ffeb32d0000 - 0x00007ffeb32f3000 	C:\Windows\SYSTEM32\WINMM.dll
0x00007ffea96e0000 - 0x00007ffea96ea000 	C:\Windows\SYSTEM32\VERSION.dll
0x00007ffeb32a0000 - 0x00007ffeb32cb000 	C:\Windows\SYSTEM32\WINMMBASE.dll
0x00007ffeb50a0000 - 0x00007ffeb50e2000 	C:\Windows\System32\cfgmgr32.dll
0x00007ffeb4e50000 - 0x00007ffeb4e5f000 	C:\Windows\System32\kernel.appcore.dll
0x00007ffeb2620000 - 0x00007ffeb2630000 	C:\Users\Administrator\AppData\Local\Programs\AdoptOpenJDK\jdk-11.0.10.9-hotspot\bin\verify.dll
0x00007ffeb1700000 - 0x00007ffeb1892000 	C:\Windows\SYSTEM32\DBGHELP.DLL
0x00007ffea4020000 - 0x00007ffea4049000 	C:\Windows\SYSTEM32\dbgcore.DLL
0x00007ffe996c0000 - 0x00007ffe996e8000 	C:\Users\Administrator\AppData\Local\Programs\AdoptOpenJDK\jdk-11.0.10.9-hotspot\bin\java.dll
0x00007ffeb10e0000 - 0x00007ffeb10ea000 	C:\Users\Administrator\AppData\Local\Programs\AdoptOpenJDK\jdk-11.0.10.9-hotspot\bin\jimage.dll
0x00007ffe996a0000 - 0x00007ffe996b7000 	C:\Users\Administrator\AppData\Local\Programs\AdoptOpenJDK\jdk-11.0.10.9-hotspot\bin\zip.dll
0x00007ffeb68a0000 - 0x00007ffeb7da5000 	C:\Windows\System32\SHELL32.dll
0x00007ffeb5820000 - 0x00007ffeb5ef3000 	C:\Windows\System32\windows.storage.dll
0x00007ffeb4dd0000 - 0x00007ffeb4e1c000 	C:\Windows\System32\powrprof.dll
0x00007ffeb6200000 - 0x00007ffeb6252000 	C:\Windows\System32\shlwapi.dll
0x00007ffeb4ff0000 - 0x00007ffeb5098000 	C:\Windows\System32\shcore.dll
0x00007ffeb4e20000 - 0x00007ffeb4e34000 	C:\Windows\System32\profapi.dll
0x00007ffe98b90000 - 0x00007ffe98ba9000 	C:\Users\Administrator\AppData\Local\Programs\AdoptOpenJDK\jdk-11.0.10.9-hotspot\bin\net.dll
0x00007ffeb1980000 - 0x00007ffeb1a4d000 	C:\Windows\SYSTEM32\WINHTTP.dll
0x00007ffeb46a0000 - 0x00007ffeb46fd000 	C:\Windows\system32\mswsock.dll
0x00007ffe98b70000 - 0x00007ffe98b82000 	C:\Users\Administrator\AppData\Local\Programs\AdoptOpenJDK\jdk-11.0.10.9-hotspot\bin\nio.dll
0x00007ffe9d340000 - 0x00007ffe9d349000 	C:\Users\Administrator\AppData\Local\Programs\AdoptOpenJDK\jdk-11.0.10.9-hotspot\bin\management.dll
0x00007ffe9ca70000 - 0x00007ffe9ca7b000 	C:\Users\Administrator\AppData\Local\Programs\AdoptOpenJDK\jdk-11.0.10.9-hotspot\bin\management_ext.dll
0x00007ffea23e0000 - 0x00007ffea23f6000 	C:\Windows\system32\napinsp.dll
0x00007ffea23c0000 - 0x00007ffea23da000 	C:\Windows\system32\pnrpnsp.dll
0x00007ffeb2740000 - 0x00007ffeb2758000 	C:\Windows\system32\NLAapi.dll
0x00007ffeb4410000 - 0x00007ffeb44b2000 	C:\Windows\SYSTEM32\DNSAPI.dll
0x00007ffeb6890000 - 0x00007ffeb6898000 	C:\Windows\System32\NSI.dll
0x00007ffeb43d0000 - 0x00007ffeb4408000 	C:\Windows\SYSTEM32\IPHLPAPI.DLL
0x00007ffea21c0000 - 0x00007ffea21ce000 	C:\Windows\System32\winrnr.dll
0x00007ffea21a0000 - 0x00007ffea21b5000 	C:\Windows\System32\wshbth.dll
0x00007ffea8f40000 - 0x00007ffea8f4a000 	C:\Windows\System32\rasadhlp.dll
0x00007ffeacb30000 - 0x00007ffeacb9a000 	C:\Windows\System32\fwpuclnt.dll
0x00007ffeb4d10000 - 0x00007ffeb4d3b000 	C:\Windows\SYSTEM32\bcrypt.dll

dbghelp: loaded successfully - version: 4.0.5 - missing functions: none
symbol engine: initialized successfully - sym options: 0x614 - pdb path: .;C:\Users\Administrator\AppData\Local\Programs\AdoptOpenJDK\jdk-11.0.10.9-hotspot\bin;C:\Windows\SYSTEM32;C:\Windows\WinSxS\amd64_microsoft.windows.common-controls_6595b64144ccf1df_6.0.14393.4169_none_7de0bbf28341b1f2;C:\Users\Administrator\AppData\Local\Programs\AdoptOpenJDK\jdk-11.0.10.9-hotspot\bin\server

VM Arguments:
jvm_args: -Dfile.encoding=UTF-8 
java_command: rs.ac.uns.ftn.informatika.jpa.JpaExampleApplication
java_class_path (initial): C:\Users\Administrator\Desktop\New folder\ISA\target\classes;C:\Users\Administrator\.m2\repository\org\springframework\boot\spring-boot-starter-amqp\2.4.2\spring-boot-starter-amqp-2.4.2.jar;C:\Users\Administrator\.m2\repository\org\springframework\boot\spring-boot-starter\2.4.2\spring-boot-starter-2.4.2.jar;C:\Users\Administrator\.m2\repository\org\springframework\boot\spring-boot\2.4.2\spring-boot-2.4.2.jar;C:\Users\Administrator\.m2\repository\org\springframework\boot\spring-boot-autoconfigure\2.4.2\spring-boot-autoconfigure-2.4.2.jar;C:\Users\Administrator\.m2\repository\org\springframework\boot\spring-boot-starter-logging\2.4.2\spring-boot-starter-logging-2.4.2.jar;C:\Users\Administrator\.m2\repository\ch\qos\logback\logback-classic\1.2.3\logback-classic-1.2.3.jar;C:\Users\Administrator\.m2\repository\ch\qos\logback\logback-core\1.2.3\logback-core-1.2.3.jar;C:\Users\Administrator\.m2\repository\org\apache\logging\log4j\log4j-to-slf4j\2.13.3\log4j-to-slf4j-2.13.3.jar;C:\Users\Administrator\.m2\repository\org\apache\logging\log4j\log4j-api\2.13.3\log4j-api-2.13.3.jar;C:\Users\Administrator\.m2\repository\org\slf4j\jul-to-slf4j\1.7.30\jul-to-slf4j-1.7.30.jar;C:\Users\Administrator\.m2\repository\jakarta\annotation\jakarta.annotation-api\1.3.5\jakarta.annotation-api-1.3.5.jar;C:\Users\Administrator\.m2\repository\org\yaml\snakeyaml\1.27\snakeyaml-1.27.jar;C:\Users\Administrator\.m2\repository\org\springframework\spring-messaging\5.3.3\spring-messaging-5.3.3.jar;C:\Users\Administrator\.m2\repository\org\springframework\spring-beans\5.3.3\spring-beans-5.3.3.jar;C:\Users\Administrator\.m2\repository\org\springframework\amqp\spring-rabbit\2.3.4\spring-rabbit-2.3.4.jar;C:\Users\Administrator\.m2\repository\org\springframework\amqp\spring-amqp\2.3.4\spring-amqp-2.3.4.jar;C:\Users\Administrator\.m2\repository\org\springframework\retry\spring-retry\1.3.1\spring-retry-1.3.1.jar;C:\Users\Administrator\.m2\repository\javax\annotation\javax.annotati
Launcher Type: SUN_STANDARD

[Global flags]
     intx CICompilerCount                          = 3                                         {product} {ergonomic}
     uint ConcGCThreads                            = 1                                         {product} {ergonomic}
     uint G1ConcRefinementThreads                  = 4                                         {product} {ergonomic}
   size_t G1HeapRegionSize                         = 1048576                                   {product} {ergonomic}
    uintx GCDrainStackTargetSize                   = 64                                        {product} {ergonomic}
   size_t InitialHeapSize                          = 134217728                                 {product} {ergonomic}
   size_t MarkStackSize                            = 4194304                                   {product} {ergonomic}
   size_t MaxHeapSize                              = 2122317824                                {product} {ergonomic}
   size_t MaxNewSize                               = 1272971264                                {product} {ergonomic}
   size_t MinHeapDeltaBytes                        = 1048576                                   {product} {ergonomic}
    uintx NonNMethodCodeHeapSize                   = 5830732                                {pd product} {ergonomic}
    uintx NonProfiledCodeHeapSize                  = 122913754                              {pd product} {ergonomic}
    uintx ProfiledCodeHeapSize                     = 122913754                              {pd product} {ergonomic}
    uintx ReservedCodeCacheSize                    = 251658240                              {pd product} {ergonomic}
     bool SegmentedCodeCache                       = true                                      {product} {ergonomic}
     bool UseCompressedClassPointers               = true                                 {lp64_product} {ergonomic}
     bool UseCompressedOops                        = true                                 {lp64_product} {ergonomic}
     bool UseG1GC                                  = true                                      {product} {ergonomic}
     bool UseLargePagesIndividualAllocation        = false                                  {pd product} {ergonomic}

Logging:
Log output configuration:
 #0: stdout all=warning uptime,level,tags
 #1: stderr all=off uptime,level,tags

Environment Variables:
JAVA_HOME=c:\Users\Administrator\AppData\Local\Programs\AdoptOpenJDK\jdk-11.0.10.9-hotspot\
PATH=c:\oraclexe\app\oracle\product\11.2.0\server\bin;;D:\Administrator\app\oracle\product\11.2.0\server\bin;c:\oraclexe\app\oracle\product\11.2.0\server\bin;C:\Program Files (x86)\Intel\iCLS Client\;C:\Program Files\Intel\iCLS Client\;C:\Program Files (x86)\Common Files\Oracle\Java\javapath;C:\ProgramData\Oracle\Java\javapath;C:\Windows\system32;C:\Windows;C:\Windows\System32\Wbem;C:\Windows\System32\WindowsPowerShell\v1.0\;C:\Program Files (x86)\Windows Live\Shared;c:\Program Files (x86)\Intel\Intel(R) Management Engine Components\DAL;c:\Program Files\Intel\Intel(R) Management Engine Components\DAL;c:\Program Files (x86)\Intel\Intel(R) Management Engine Components\IPT;c:\Program Files\Intel\Intel(R) Management Engine Components\IPT;C:\Program Files\MATLAB\R2018a\runtime\win64;C:\Program Files\MATLAB\R2018a\bin;C:\Program Files\Microsoft SQL Server\130\Tools\Binn\;C:\Program Files\Git\cmd;C:\Users\Administrator\Desktop\k3\Priprema-K3\Priprema K3 - Predavanje\IN\Python;C:\Users\Administrator\AppData\Local\Programs\Python\Python38-32;C:\Program Files\Java\jre7\bin;C:\Program Files\Java\jdk1.8.0_191\bin;C:\Program Files\dotnet\;C:\Program Files\Microsoft SQL Server\Client SDK\ODBC\170\Tools\Binn\;C:\Program Files\PostgreSQL\13\bin;c:\Users\Administrator\AppData\Local\Programs\AdoptOpenJDK\jdk-11.0.10.9-hotspot\bin;C:\Program Files\MySQL\MySQL Shell 8.0\bin\;C:\Users\Administrator\AppData\Local\Programs\Python\Python38-32\Scripts\;C:\Users\Administrator\AppData\Local\Programs\Python\Python38-32\;C:\Users\Administrator\AppData\Local\Microsoft\WindowsApps;C:\Users\Administrator\AppData\Local\GitHubDesktop\bin;D:\Administrator\PyCharm Community Edition 2020.2.3\py\bin;;C:\Users\Administrator\.dotnet\tools;C:\Program Files\nodejs;C:\Program Files\PostgreSQL\13\bin;C:\Users\Administrator\AppData\Local\Programs\Microsoft VS Code\bin
USERNAME=Administrator
LANG=en_US.UTF-8
OS=Windows_NT
PROCESSOR_IDENTIFIER=Intel64 Family 6 Model 61 Stepping 4, GenuineIntel



---------------  S Y S T E M  ---------------

OS: Windows 10 , 64 bit Build 14393 (10.0.14393.3630)
OS uptime: 12 days 4:09 hours

CPU:total 4 (initial active 4) (2 cores per cpu, 2 threads per core) family 6 model 61 stepping 4 microcode 0x2d, cmov, cx8, fxsr, mmx, sse, sse2, sse3, ssse3, sse4.1, sse4.2, popcnt, avx, avx2, aes, clmul, erms, 3dnowpref, lzcnt, ht, tsc, tscinvbit, bmi1, bmi2, adx, fma

Memory: 4k page, system-wide physical 8093M (1204M free)
TotalPageFile size 12331M (AvailPageFile size 14M)
current process WorkingSet (physical memory assigned to process): 141M, peak: 142M
current process commit charge ("private bytes"): 254M, peak: 257M

vm_info: OpenJDK 64-Bit Server VM (11.0.10+9) for windows-amd64 JRE (11.0.10+9), built on Jan 20 2021 06:07:07 by "" with MS VC++ 15.9 (VS2017)

END.
