#
# There is insufficient memory for the Java Runtime Environment to continue.
# Native memory allocation (malloc) failed to allocate 1215376 bytes for Chunk::new
# Possible reasons:
#   The system is out of physical RAM or swap space
#   The process is running with CompressedOops enabled, and the Java Heap may be blocking the growth of the native heap
# Possible solutions:
#   Reduce memory load on the system
#   Increase physical memory or swap space
#   Check if swap backing store is full
#   Decrease Java heap size (-Xmx/-Xms)
#   Decrease number of Java threads
#   Decrease Java thread stack sizes (-Xss)
#   Set larger code cache with -XX:ReservedCodeCacheSize=
#   JVM is running with Unscaled Compressed Oops mode in which the Java heap is
#     placed in the first 4GB address space. The Java Heap base address is the
#     maximum limit for the native heap growth. Please use -XX:HeapBaseMinAddress
#     to set the Java Heap base and to place the Java Heap above 4GB virtual address.
# This output file may be truncated or incomplete.
#
#  Out of Memory Error (./src/hotspot/share/memory/arena.cpp:197), pid=25208, tid=10768
#
# JRE version: OpenJDK Runtime Environment AdoptOpenJDK (11.0.10+9) (build 11.0.10+9)
# Java VM: OpenJDK 64-Bit Server VM AdoptOpenJDK (11.0.10+9, mixed mode, tiered, compressed oops, g1 gc, windows-amd64)
# No core dump will be written. Minidumps are not enabled by default on client versions of Windows
#

---------------  S U M M A R Y ------------

Command Line: -Dfile.encoding=UTF-8 rs.ac.uns.ftn.informatika.jpa.JpaExampleApplication

Host: Intel(R) Core(TM) i3-5005U CPU @ 2.00GHz, 4 cores, 7G,  Windows 10 , 64 bit Build 14393 (10.0.14393.3630)
Time: Thu Feb  4 18:46:26 2021 Central Europe Standard Time elapsed time: 179.286346 seconds (0d 0h 2m 59s)

---------------  T H R E A D  ---------------

Current thread (0x00000148f0c68800):  JavaThread "C2 CompilerThread0" daemon [_thread_in_native, id=10768, stack(0x00000004cdb00000,0x00000004cdc00000)]


Current CompileTask:
C2: 179286 7303       4       org.springframework.core.ResolvableType::forType (115 bytes)

Stack: [0x00000004cdb00000,0x00000004cdc00000]
Native frames: (J=compiled Java code, j=interpreted, Vv=VM code, C=native code)
V  [jvm.dll+0x5f35ea]
V  [jvm.dll+0x77c65e]
V  [jvm.dll+0x77dd2f]
V  [jvm.dll+0x77e3f3]
V  [jvm.dll+0x246c38]
V  [jvm.dll+0xbe6cc]
V  [jvm.dll+0xbedcc]
V  [jvm.dll+0x34bf92]
V  [jvm.dll+0x198919]
V  [jvm.dll+0x200632]
V  [jvm.dll+0x1ff70f]
V  [jvm.dll+0x1846bc]
V  [jvm.dll+0x20ec37]
V  [jvm.dll+0x20ce1b]
V  [jvm.dll+0x740b39]
V  [jvm.dll+0x739ba4]
V  [jvm.dll+0x5f2466]
C  [ucrtbase.dll+0x1fb80]
C  [KERNEL32.DLL+0x84d4]
C  [ntdll.dll+0x51791]


---------------  P R O C E S S  ---------------

Threads class SMR info:
_java_thread_list=0x00000148f1f4f0c0, length=29, elements={
0x00000148f0c46000, 0x00000148f0c48000, 0x00000148f0c61000, 0x00000148f0c63000,
0x00000148f0c64800, 0x00000148f0c68800, 0x00000148f0c6a000, 0x00000148f0c6f800,
0x00000148f1728800, 0x00000148f68dc000, 0x00000148f4c72000, 0x00000148f53bd000,
0x00000148f269c000, 0x00000148f2859000, 0x00000148f4a3c800, 0x00000148fa44e800,
0x00000148f85ed800, 0x00000148f7a5c000, 0x00000148f46ab800, 0x00000148f46ac800,
0x00000148f46ad800, 0x00000148f46b1800, 0x00000148f46b2800, 0x00000148f46ae000,
0x00000148f46af000, 0x00000148f7b0b000, 0x00000148f7b0d800, 0x00000148f7b0e800,
0x00000148f7b0f800
}

Java Threads: ( => current thread )
  0x00000148f0c46000 JavaThread "Reference Handler" daemon [_thread_blocked, id=10620, stack(0x00000004cd600000,0x00000004cd700000)]
  0x00000148f0c48000 JavaThread "Finalizer" daemon [_thread_blocked, id=23500, stack(0x00000004cd700000,0x00000004cd800000)]
  0x00000148f0c61000 JavaThread "Signal Dispatcher" daemon [_thread_blocked, id=9816, stack(0x00000004cd800000,0x00000004cd900000)]
  0x00000148f0c63000 JavaThread "Attach Listener" daemon [_thread_blocked, id=7084, stack(0x00000004cd900000,0x00000004cda00000)]
  0x00000148f0c64800 JavaThread "Service Thread" daemon [_thread_blocked, id=3744, stack(0x00000004cda00000,0x00000004cdb00000)]
=>0x00000148f0c68800 JavaThread "C2 CompilerThread0" daemon [_thread_in_native, id=10768, stack(0x00000004cdb00000,0x00000004cdc00000)]
  0x00000148f0c6a000 JavaThread "C1 CompilerThread0" daemon [_thread_blocked, id=17736, stack(0x00000004cdc00000,0x00000004cdd00000)]
  0x00000148f0c6f800 JavaThread "Sweeper thread" daemon [_thread_blocked, id=8200, stack(0x00000004cdd00000,0x00000004cde00000)]
  0x00000148f1728800 JavaThread "Common-Cleaner" daemon [_thread_blocked, id=9632, stack(0x00000004cdf00000,0x00000004ce000000)]
  0x00000148f68dc000 JavaThread "Catalina-utility-1" [_thread_blocked, id=24824, stack(0x00000004cea00000,0x00000004ceb00000)]
  0x00000148f4c72000 JavaThread "Catalina-utility-2" [_thread_blocked, id=24668, stack(0x00000004ceb00000,0x00000004cec00000)]
  0x00000148f53bd000 JavaThread "container-0" [_thread_blocked, id=3772, stack(0x00000004cec00000,0x00000004ced00000)]
  0x00000148f269c000 JavaThread "PostgreSQL-JDBC-SharedTimer-1" daemon [_thread_blocked, id=9212, stack(0x00000004cee00000,0x00000004cef00000)]
  0x00000148f2859000 JavaThread "HikariPool-1 housekeeper" daemon [_thread_blocked, id=13744, stack(0x00000004cef00000,0x00000004cf000000)]
  0x00000148f4a3c800 JavaThread "http-nio-8080-BlockPoller" daemon [_thread_in_native, id=9740, stack(0x00000004cf500000,0x00000004cf600000)]
  0x00000148fa44e800 JavaThread "http-nio-8080-exec-1" daemon [_thread_blocked, id=17172, stack(0x00000004cf600000,0x00000004cf700000)]
  0x00000148f85ed800 JavaThread "http-nio-8080-exec-2" daemon [_thread_blocked, id=17564, stack(0x00000004cf700000,0x00000004cf800000)]
  0x00000148f7a5c000 JavaThread "http-nio-8080-exec-3" daemon [_thread_blocked, id=1096, stack(0x00000004cf800000,0x00000004cf900000)]
  0x00000148f46ab800 JavaThread "http-nio-8080-exec-4" daemon [_thread_blocked, id=7404, stack(0x00000004cf900000,0x00000004cfa00000)]
  0x00000148f46ac800 JavaThread "http-nio-8080-exec-5" daemon [_thread_blocked, id=2520, stack(0x00000004cfa00000,0x00000004cfb00000)]
  0x00000148f46ad800 JavaThread "http-nio-8080-exec-6" daemon [_thread_blocked, id=25124, stack(0x00000004cfb00000,0x00000004cfc00000)]
  0x00000148f46b1800 JavaThread "http-nio-8080-exec-7" daemon [_thread_blocked, id=16308, stack(0x00000004cfc00000,0x00000004cfd00000)]
  0x00000148f46b2800 JavaThread "http-nio-8080-exec-8" daemon [_thread_blocked, id=7592, stack(0x00000004cfd00000,0x00000004cfe00000)]
  0x00000148f46ae000 JavaThread "http-nio-8080-exec-9" daemon [_thread_blocked, id=7220, stack(0x00000004cfe00000,0x00000004cff00000)]
  0x00000148f46af000 JavaThread "http-nio-8080-exec-10" daemon [_thread_blocked, id=3780, stack(0x00000004cff00000,0x00000004d0000000)]
  0x00000148f7b0b000 JavaThread "http-nio-8080-ClientPoller" daemon [_thread_in_native, id=5560, stack(0x00000004d0000000,0x00000004d0100000)]
  0x00000148f7b0d800 JavaThread "http-nio-8080-Acceptor" daemon [_thread_in_native, id=17444, stack(0x00000004d0100000,0x00000004d0200000)]
  0x00000148f7b0e800 JavaThread "DestroyJavaVM" [_thread_blocked, id=18360, stack(0x00000004ccf00000,0x00000004cd000000)]
  0x00000148f7b0f800 JavaThread "C2 CompilerThread1" daemon [_thread_blocked, id=12168, stack(0x00000004d0600000,0x00000004d0700000)]

Other Threads:
  0x00000148f0c1c800 VMThread "VM Thread" [stack: 0x00000004cd500000,0x00000004cd600000] [id=9852]
  0x00000148f1723800 WatcherThread [stack: 0x00000004cde00000,0x00000004cdf00000] [id=14128]
  0x00000148d2542800 GCTaskThread "GC Thread#0" [stack: 0x00000004cd000000,0x00000004cd100000] [id=16168]
  0x00000148f26b3000 GCTaskThread "GC Thread#1" [stack: 0x00000004ce100000,0x00000004ce200000] [id=11200]
  0x00000148f196b000 GCTaskThread "GC Thread#2" [stack: 0x00000004ce200000,0x00000004ce300000] [id=17100]
  0x00000148f2b65800 GCTaskThread "GC Thread#3" [stack: 0x00000004ce600000,0x00000004ce700000] [id=23484]
  0x00000148d2575000 ConcurrentGCThread "G1 Main Marker" [stack: 0x00000004cd100000,0x00000004cd200000] [id=12148]
  0x00000148d2576800 ConcurrentGCThread "G1 Conc#0" [stack: 0x00000004cd200000,0x00000004cd300000] [id=19956]
  0x00000148d25fe000 ConcurrentGCThread "G1 Refine#0" [stack: 0x00000004cd300000,0x00000004cd400000] [id=5244]
  0x00000148f0a82800 ConcurrentGCThread "G1 Young RemSet Sampling" [stack: 0x00000004cd400000,0x00000004cd500000] [id=22900]

Threads with active compile tasks:
C2 CompilerThread0 179320 7303       4       org.springframework.core.ResolvableType::forType (115 bytes)

VM state:not at safepoint (normal execution)

VM Mutex/Monitor currently owned by a thread: None

Heap address: 0x0000000081800000, size: 2024 MB, Compressed Oops mode: 32-bit
Narrow klass base: 0x0000000000000000, Narrow klass shift: 3
Compressed class space size: 1073741824 Address: 0x0000000100000000

Heap:
 garbage-first heap   total 157696K, used 45594K [0x0000000081800000, 0x0000000100000000)
  region size 1024K, 30 young (30720K), 12 survivors (12288K)
 Metaspace       used 69886K, capacity 71554K, committed 71660K, reserved 1112064K
  class space    used 8752K, capacity 9420K, committed 9472K, reserved 1048576K
Heap Regions: E=young(eden), S=young(survivor), O=old, HS=humongous(starts), HC=humongous(continues), CS=collection set, F=free, A=archive, TAMS=top-at-mark-start (previous, next)
|   0|0x0000000081800000, 0x0000000081900000, 0x0000000081900000|100%|HS|  |TAMS 0x0000000081900000, 0x0000000081800000| Complete 
|   1|0x0000000081900000, 0x0000000081a00000, 0x0000000081a00000|100%| O|  |TAMS 0x0000000081a00000, 0x0000000081900000| Untracked 
|   2|0x0000000081a00000, 0x0000000081b00000, 0x0000000081b00000|100%| O|  |TAMS 0x0000000081b00000, 0x0000000081a00000| Untracked 
|   3|0x0000000081b00000, 0x0000000081c00000, 0x0000000081c00000|100%| O|  |TAMS 0x0000000081c00000, 0x0000000081b00000| Untracked 
|   4|0x0000000081c00000, 0x0000000081d00000, 0x0000000081d00000|100%| O|  |TAMS 0x0000000081d00000, 0x0000000081c00000| Untracked 
|   5|0x0000000081d00000, 0x0000000081e00000, 0x0000000081e00000|100%| O|  |TAMS 0x0000000081e00000, 0x0000000081d00000| Untracked 
|   6|0x0000000081e00000, 0x0000000081f00000, 0x0000000081f00000|100%| O|  |TAMS 0x0000000081f00000, 0x0000000081e00000| Untracked 
|   7|0x0000000081f00000, 0x0000000082000000, 0x0000000082000000|100%| O|  |TAMS 0x0000000082000000, 0x0000000081f00000| Untracked 
|   8|0x0000000082000000, 0x0000000082100000, 0x0000000082100000|100%| O|  |TAMS 0x0000000082100000, 0x0000000082000000| Untracked 
|   9|0x0000000082100000, 0x0000000082200000, 0x0000000082200000|100%| O|  |TAMS 0x0000000082200000, 0x0000000082100000| Untracked 
|  10|0x0000000082200000, 0x0000000082300000, 0x0000000082300000|100%| O|  |TAMS 0x0000000082300000, 0x0000000082200000| Untracked 
|  11|0x0000000082300000, 0x0000000082400000, 0x0000000082400000|100%| O|  |TAMS 0x0000000082400000, 0x0000000082300000| Untracked 
|  12|0x0000000082400000, 0x0000000082500000, 0x0000000082500000|100%| O|  |TAMS 0x0000000082500000, 0x0000000082400000| Untracked 
|  13|0x0000000082500000, 0x0000000082600000, 0x0000000082600000|100%| O|  |TAMS 0x00000000825bd000, 0x0000000082500000| Untracked 
|  14|0x0000000082600000, 0x0000000082700000, 0x0000000082700000|100%| O|  |TAMS 0x0000000082600000, 0x0000000082600000| Untracked 
|  15|0x0000000082700000, 0x0000000082786a00, 0x0000000082800000| 52%| O|  |TAMS 0x0000000082700000, 0x0000000082700000| Untracked 
|  16|0x0000000082800000, 0x0000000082800000, 0x0000000082900000|  0%| F|  |TAMS 0x0000000082800000, 0x0000000082800000| Untracked 
|  17|0x0000000082900000, 0x0000000082900000, 0x0000000082a00000|  0%| F|  |TAMS 0x0000000082900000, 0x0000000082900000| Untracked 
|  18|0x0000000082a00000, 0x0000000082a00000, 0x0000000082b00000|  0%| F|  |TAMS 0x0000000082a00000, 0x0000000082a00000| Untracked 
|  19|0x0000000082b00000, 0x0000000082b00000, 0x0000000082c00000|  0%| F|  |TAMS 0x0000000082b00000, 0x0000000082b00000| Untracked 
|  20|0x0000000082c00000, 0x0000000082c00000, 0x0000000082d00000|  0%| F|  |TAMS 0x0000000082c00000, 0x0000000082c00000| Untracked 
|  21|0x0000000082d00000, 0x0000000082d00000, 0x0000000082e00000|  0%| F|  |TAMS 0x0000000082d00000, 0x0000000082d00000| Untracked 
|  22|0x0000000082e00000, 0x0000000082e00000, 0x0000000082f00000|  0%| F|  |TAMS 0x0000000082e00000, 0x0000000082e00000| Untracked 
|  23|0x0000000082f00000, 0x0000000082f00000, 0x0000000083000000|  0%| F|  |TAMS 0x0000000082f00000, 0x0000000082f00000| Untracked 
|  24|0x0000000083000000, 0x0000000083000000, 0x0000000083100000|  0%| F|  |TAMS 0x0000000083000000, 0x0000000083000000| Untracked 
|  25|0x0000000083100000, 0x0000000083100000, 0x0000000083200000|  0%| F|  |TAMS 0x0000000083100000, 0x0000000083100000| Untracked 
|  26|0x0000000083200000, 0x0000000083200000, 0x0000000083300000|  0%| F|  |TAMS 0x0000000083200000, 0x0000000083200000| Untracked 
|  27|0x0000000083300000, 0x0000000083300000, 0x0000000083400000|  0%| F|  |TAMS 0x0000000083300000, 0x0000000083300000| Untracked 
|  28|0x0000000083400000, 0x0000000083400000, 0x0000000083500000|  0%| F|  |TAMS 0x0000000083400000, 0x0000000083400000| Untracked 
|  29|0x0000000083500000, 0x0000000083500000, 0x0000000083600000|  0%| F|  |TAMS 0x0000000083500000, 0x0000000083500000| Untracked 
|  30|0x0000000083600000, 0x0000000083600000, 0x0000000083700000|  0%| F|  |TAMS 0x0000000083600000, 0x0000000083600000| Untracked 
|  31|0x0000000083700000, 0x0000000083700000, 0x0000000083800000|  0%| F|  |TAMS 0x0000000083700000, 0x0000000083700000| Untracked 
|  32|0x0000000083800000, 0x0000000083800000, 0x0000000083900000|  0%| F|  |TAMS 0x0000000083800000, 0x0000000083800000| Untracked 
|  33|0x0000000083900000, 0x0000000083900000, 0x0000000083a00000|  0%| F|  |TAMS 0x0000000083900000, 0x0000000083900000| Untracked 
|  34|0x0000000083a00000, 0x0000000083a00000, 0x0000000083b00000|  0%| F|  |TAMS 0x0000000083a00000, 0x0000000083a00000| Untracked 
|  35|0x0000000083b00000, 0x0000000083b00000, 0x0000000083c00000|  0%| F|  |TAMS 0x0000000083b00000, 0x0000000083b00000| Untracked 
|  36|0x0000000083c00000, 0x0000000083c00000, 0x0000000083d00000|  0%| F|  |TAMS 0x0000000083c00000, 0x0000000083c00000| Untracked 
|  37|0x0000000083d00000, 0x0000000083d00000, 0x0000000083e00000|  0%| F|  |TAMS 0x0000000083d00000, 0x0000000083d00000| Untracked 
|  38|0x0000000083e00000, 0x0000000083e00000, 0x0000000083f00000|  0%| F|  |TAMS 0x0000000083e00000, 0x0000000083e00000| Untracked 
|  39|0x0000000083f00000, 0x0000000083f00000, 0x0000000084000000|  0%| F|  |TAMS 0x0000000083f00000, 0x0000000083f00000| Untracked 
|  40|0x0000000084000000, 0x0000000084000000, 0x0000000084100000|  0%| F|  |TAMS 0x0000000084000000, 0x0000000084000000| Untracked 
|  41|0x0000000084100000, 0x0000000084100000, 0x0000000084200000|  0%| F|  |TAMS 0x0000000084100000, 0x0000000084100000| Untracked 
|  42|0x0000000084200000, 0x0000000084200000, 0x0000000084300000|  0%| F|  |TAMS 0x0000000084200000, 0x0000000084200000| Untracked 
|  43|0x0000000084300000, 0x0000000084300000, 0x0000000084400000|  0%| F|  |TAMS 0x0000000084300000, 0x0000000084300000| Untracked 
|  44|0x0000000084400000, 0x0000000084400000, 0x0000000084500000|  0%| F|  |TAMS 0x0000000084400000, 0x0000000084400000| Untracked 
|  45|0x0000000084500000, 0x0000000084500000, 0x0000000084600000|  0%| F|  |TAMS 0x0000000084500000, 0x0000000084500000| Untracked 
|  46|0x0000000084600000, 0x0000000084600000, 0x0000000084700000|  0%| F|  |TAMS 0x0000000084600000, 0x0000000084600000| Untracked 
|  47|0x0000000084700000, 0x0000000084700000, 0x0000000084800000|  0%| F|  |TAMS 0x0000000084700000, 0x0000000084700000| Untracked 
|  48|0x0000000084800000, 0x0000000084800000, 0x0000000084900000|  0%| F|  |TAMS 0x0000000084800000, 0x0000000084800000| Untracked 
|  49|0x0000000084900000, 0x0000000084900000, 0x0000000084a00000|  0%| F|  |TAMS 0x0000000084900000, 0x0000000084900000| Untracked 
|  50|0x0000000084a00000, 0x0000000084b00000, 0x0000000084b00000|100%| S|CS|TAMS 0x0000000084a00000, 0x0000000084a00000| Complete 
|  51|0x0000000084b00000, 0x0000000084c00000, 0x0000000084c00000|100%| S|CS|TAMS 0x0000000084b00000, 0x0000000084b00000| Complete 
|  52|0x0000000084c00000, 0x0000000084d00000, 0x0000000084d00000|100%| S|CS|TAMS 0x0000000084c00000, 0x0000000084c00000| Complete 
|  53|0x0000000084d00000, 0x0000000084e00000, 0x0000000084e00000|100%| S|CS|TAMS 0x0000000084d00000, 0x0000000084d00000| Complete 
|  54|0x0000000084e00000, 0x0000000084f00000, 0x0000000084f00000|100%| S|CS|TAMS 0x0000000084e00000, 0x0000000084e00000| Complete 
|  55|0x0000000084f00000, 0x0000000085000000, 0x0000000085000000|100%| S|CS|TAMS 0x0000000084f00000, 0x0000000084f00000| Complete 
|  56|0x0000000085000000, 0x0000000085100000, 0x0000000085100000|100%| S|CS|TAMS 0x0000000085000000, 0x0000000085000000| Complete 
|  57|0x0000000085100000, 0x0000000085200000, 0x0000000085200000|100%| S|CS|TAMS 0x0000000085100000, 0x0000000085100000| Complete 
|  58|0x0000000085200000, 0x0000000085300000, 0x0000000085300000|100%| S|CS|TAMS 0x0000000085200000, 0x0000000085200000| Complete 
|  59|0x0000000085300000, 0x0000000085400000, 0x0000000085400000|100%| S|CS|TAMS 0x0000000085300000, 0x0000000085300000| Complete 
|  60|0x0000000085400000, 0x0000000085500000, 0x0000000085500000|100%| S|CS|TAMS 0x0000000085400000, 0x0000000085400000| Complete 
|  61|0x0000000085500000, 0x0000000085600000, 0x0000000085600000|100%| S|CS|TAMS 0x0000000085500000, 0x0000000085500000| Complete 
|  62|0x0000000085600000, 0x0000000085600000, 0x0000000085700000|  0%| F|  |TAMS 0x0000000085600000, 0x0000000085600000| Untracked 
|  63|0x0000000085700000, 0x0000000085700000, 0x0000000085800000|  0%| F|  |TAMS 0x0000000085700000, 0x0000000085700000| Untracked 
|  64|0x0000000085800000, 0x0000000085800000, 0x0000000085900000|  0%| F|  |TAMS 0x0000000085800000, 0x0000000085800000| Untracked 
|  65|0x0000000085900000, 0x0000000085900000, 0x0000000085a00000|  0%| F|  |TAMS 0x0000000085900000, 0x0000000085900000| Untracked 
|  66|0x0000000085a00000, 0x0000000085a00000, 0x0000000085b00000|  0%| F|  |TAMS 0x0000000085a00000, 0x0000000085a00000| Untracked 
|  67|0x0000000085b00000, 0x0000000085b00000, 0x0000000085c00000|  0%| F|  |TAMS 0x0000000085b00000, 0x0000000085b00000| Untracked 
|  68|0x0000000085c00000, 0x0000000085c00000, 0x0000000085d00000|  0%| F|  |TAMS 0x0000000085c00000, 0x0000000085c00000| Untracked 
|  69|0x0000000085d00000, 0x0000000085d00000, 0x0000000085e00000|  0%| F|  |TAMS 0x0000000085d00000, 0x0000000085d00000| Untracked 
|  70|0x0000000085e00000, 0x0000000085e00000, 0x0000000085f00000|  0%| F|  |TAMS 0x0000000085e00000, 0x0000000085e00000| Untracked 
|  71|0x0000000085f00000, 0x0000000085f00000, 0x0000000086000000|  0%| F|  |TAMS 0x0000000085f00000, 0x0000000085f00000| Untracked 
|  72|0x0000000086000000, 0x0000000086000000, 0x0000000086100000|  0%| F|  |TAMS 0x0000000086000000, 0x0000000086000000| Untracked 
|  73|0x0000000086100000, 0x0000000086100000, 0x0000000086200000|  0%| F|  |TAMS 0x0000000086100000, 0x0000000086100000| Untracked 
|  74|0x0000000086200000, 0x0000000086200000, 0x0000000086300000|  0%| F|  |TAMS 0x0000000086200000, 0x0000000086200000| Untracked 
|  75|0x0000000086300000, 0x0000000086300000, 0x0000000086400000|  0%| F|  |TAMS 0x0000000086300000, 0x0000000086300000| Untracked 
|  76|0x0000000086400000, 0x0000000086400000, 0x0000000086500000|  0%| F|  |TAMS 0x0000000086400000, 0x0000000086400000| Untracked 
|  77|0x0000000086500000, 0x0000000086500000, 0x0000000086600000|  0%| F|  |TAMS 0x0000000086500000, 0x0000000086500000| Untracked 
|  78|0x0000000086600000, 0x0000000086600000, 0x0000000086700000|  0%| F|  |TAMS 0x0000000086600000, 0x0000000086600000| Untracked 
|  79|0x0000000086700000, 0x0000000086700000, 0x0000000086800000|  0%| F|  |TAMS 0x0000000086700000, 0x0000000086700000| Untracked 
|  80|0x0000000086800000, 0x0000000086800000, 0x0000000086900000|  0%| F|  |TAMS 0x0000000086800000, 0x0000000086800000| Untracked 
|  81|0x0000000086900000, 0x0000000086900000, 0x0000000086a00000|  0%| F|  |TAMS 0x0000000086900000, 0x0000000086900000| Untracked 
|  82|0x0000000086a00000, 0x0000000086a00000, 0x0000000086b00000|  0%| F|  |TAMS 0x0000000086a00000, 0x0000000086a00000| Untracked 
|  83|0x0000000086b00000, 0x0000000086b00000, 0x0000000086c00000|  0%| F|  |TAMS 0x0000000086b00000, 0x0000000086b00000| Untracked 
|  84|0x0000000086c00000, 0x0000000086c00000, 0x0000000086d00000|  0%| F|  |TAMS 0x0000000086c00000, 0x0000000086c00000| Untracked 
|  85|0x0000000086d00000, 0x0000000086d00000, 0x0000000086e00000|  0%| F|  |TAMS 0x0000000086d00000, 0x0000000086d00000| Untracked 
|  86|0x0000000086e00000, 0x0000000086e00000, 0x0000000086f00000|  0%| F|  |TAMS 0x0000000086e00000, 0x0000000086e00000| Untracked 
|  87|0x0000000086f00000, 0x0000000086f00000, 0x0000000087000000|  0%| F|  |TAMS 0x0000000086f00000, 0x0000000086f00000| Untracked 
|  88|0x0000000087000000, 0x0000000087000000, 0x0000000087100000|  0%| F|  |TAMS 0x0000000087000000, 0x0000000087000000| Untracked 
|  89|0x0000000087100000, 0x0000000087100000, 0x0000000087200000|  0%| F|  |TAMS 0x0000000087100000, 0x0000000087100000| Untracked 
|  90|0x0000000087200000, 0x0000000087200000, 0x0000000087300000|  0%| F|  |TAMS 0x0000000087200000, 0x0000000087200000| Untracked 
|  91|0x0000000087300000, 0x0000000087300000, 0x0000000087400000|  0%| F|  |TAMS 0x0000000087300000, 0x0000000087300000| Untracked 
|  92|0x0000000087400000, 0x0000000087400000, 0x0000000087500000|  0%| F|  |TAMS 0x0000000087400000, 0x0000000087400000| Untracked 
|  93|0x0000000087500000, 0x0000000087500000, 0x0000000087600000|  0%| F|  |TAMS 0x0000000087500000, 0x0000000087500000| Untracked 
|  94|0x0000000087600000, 0x0000000087600000, 0x0000000087700000|  0%| F|  |TAMS 0x0000000087600000, 0x0000000087600000| Untracked 
|  95|0x0000000087700000, 0x0000000087700000, 0x0000000087800000|  0%| F|  |TAMS 0x0000000087700000, 0x0000000087700000| Untracked 
|  96|0x0000000087800000, 0x0000000087800000, 0x0000000087900000|  0%| F|  |TAMS 0x0000000087800000, 0x0000000087800000| Untracked 
|  97|0x0000000087900000, 0x0000000087900000, 0x0000000087a00000|  0%| F|  |TAMS 0x0000000087900000, 0x0000000087900000| Untracked 
|  98|0x0000000087a00000, 0x0000000087a00000, 0x0000000087b00000|  0%| F|  |TAMS 0x0000000087a00000, 0x0000000087a00000| Untracked 
|  99|0x0000000087b00000, 0x0000000087b00000, 0x0000000087c00000|  0%| F|  |TAMS 0x0000000087b00000, 0x0000000087b00000| Untracked 
| 100|0x0000000087c00000, 0x0000000087c00000, 0x0000000087d00000|  0%| F|  |TAMS 0x0000000087c00000, 0x0000000087c00000| Untracked 
| 101|0x0000000087d00000, 0x0000000087d00000, 0x0000000087e00000|  0%| F|  |TAMS 0x0000000087d00000, 0x0000000087d00000| Untracked 
| 102|0x0000000087e00000, 0x0000000087e00000, 0x0000000087f00000|  0%| F|  |TAMS 0x0000000087e00000, 0x0000000087e00000| Untracked 
| 103|0x0000000087f00000, 0x0000000087f00000, 0x0000000088000000|  0%| F|  |TAMS 0x0000000087f00000, 0x0000000087f00000| Untracked 
| 104|0x0000000088000000, 0x0000000088000000, 0x0000000088100000|  0%| F|  |TAMS 0x0000000088000000, 0x0000000088000000| Untracked 
| 105|0x0000000088100000, 0x0000000088100000, 0x0000000088200000|  0%| F|  |TAMS 0x0000000088100000, 0x0000000088100000| Untracked 
| 106|0x0000000088200000, 0x0000000088200000, 0x0000000088300000|  0%| F|  |TAMS 0x0000000088200000, 0x0000000088200000| Untracked 
| 107|0x0000000088300000, 0x0000000088300000, 0x0000000088400000|  0%| F|  |TAMS 0x0000000088300000, 0x0000000088300000| Untracked 
| 108|0x0000000088400000, 0x0000000088400000, 0x0000000088500000|  0%| F|  |TAMS 0x0000000088400000, 0x0000000088400000| Untracked 
| 109|0x0000000088500000, 0x0000000088500000, 0x0000000088600000|  0%| F|  |TAMS 0x0000000088500000, 0x0000000088500000| Untracked 
| 110|0x0000000088600000, 0x0000000088600000, 0x0000000088700000|  0%| F|  |TAMS 0x0000000088600000, 0x0000000088600000| Untracked 
| 111|0x0000000088700000, 0x0000000088700000, 0x0000000088800000|  0%| F|  |TAMS 0x0000000088700000, 0x0000000088700000| Untracked 
| 112|0x0000000088800000, 0x0000000088800000, 0x0000000088900000|  0%| F|  |TAMS 0x0000000088800000, 0x0000000088800000| Untracked 
| 113|0x0000000088900000, 0x0000000088900000, 0x0000000088a00000|  0%| F|  |TAMS 0x0000000088900000, 0x0000000088900000| Untracked 
| 114|0x0000000088a00000, 0x0000000088a00000, 0x0000000088b00000|  0%| F|  |TAMS 0x0000000088a00000, 0x0000000088a00000| Untracked 
| 115|0x0000000088b00000, 0x0000000088b00000, 0x0000000088c00000|  0%| F|  |TAMS 0x0000000088b00000, 0x0000000088b00000| Untracked 
| 116|0x0000000088c00000, 0x0000000088c00000, 0x0000000088d00000|  0%| F|  |TAMS 0x0000000088c00000, 0x0000000088c00000| Untracked 
| 117|0x0000000088d00000, 0x0000000088d00000, 0x0000000088e00000|  0%| F|  |TAMS 0x0000000088d00000, 0x0000000088d00000| Untracked 
| 118|0x0000000088e00000, 0x0000000088e00000, 0x0000000088f00000|  0%| F|  |TAMS 0x0000000088e00000, 0x0000000088e00000| Untracked 
| 119|0x0000000088f00000, 0x0000000088f00000, 0x0000000089000000|  0%| F|  |TAMS 0x0000000088f00000, 0x0000000088f00000| Untracked 
| 120|0x0000000089000000, 0x0000000089000000, 0x0000000089100000|  0%| F|  |TAMS 0x0000000089000000, 0x0000000089000000| Untracked 
| 121|0x0000000089100000, 0x0000000089100000, 0x0000000089200000|  0%| F|  |TAMS 0x0000000089100000, 0x0000000089100000| Untracked 
| 122|0x0000000089200000, 0x0000000089200000, 0x0000000089300000|  0%| F|  |TAMS 0x0000000089200000, 0x0000000089200000| Untracked 
| 123|0x0000000089300000, 0x0000000089300000, 0x0000000089400000|  0%| F|  |TAMS 0x0000000089300000, 0x0000000089300000| Untracked 
| 124|0x0000000089400000, 0x0000000089400000, 0x0000000089500000|  0%| F|  |TAMS 0x0000000089400000, 0x0000000089400000| Untracked 
| 125|0x0000000089500000, 0x0000000089500000, 0x0000000089600000|  0%| F|  |TAMS 0x0000000089500000, 0x0000000089500000| Untracked 
| 126|0x0000000089600000, 0x0000000089600000, 0x0000000089700000|  0%| F|  |TAMS 0x0000000089600000, 0x0000000089600000| Untracked 
| 127|0x0000000089700000, 0x0000000089700000, 0x0000000089800000|  0%| F|  |TAMS 0x0000000089700000, 0x0000000089700000| Untracked 
| 128|0x0000000089800000, 0x0000000089800000, 0x0000000089900000|  0%| F|  |TAMS 0x0000000089800000, 0x0000000089800000| Untracked 
| 129|0x0000000089900000, 0x0000000089900000, 0x0000000089a00000|  0%| F|  |TAMS 0x0000000089900000, 0x0000000089900000| Untracked 
| 130|0x0000000089a00000, 0x0000000089a00000, 0x0000000089b00000|  0%| F|  |TAMS 0x0000000089a00000, 0x0000000089a00000| Untracked 
| 131|0x0000000089b00000, 0x0000000089b00000, 0x0000000089c00000|  0%| F|  |TAMS 0x0000000089b00000, 0x0000000089b00000| Untracked 
| 132|0x0000000089c00000, 0x0000000089c00000, 0x0000000089d00000|  0%| F|  |TAMS 0x0000000089c00000, 0x0000000089c00000| Untracked 
| 133|0x0000000089d00000, 0x0000000089d00000, 0x0000000089e00000|  0%| F|  |TAMS 0x0000000089d00000, 0x0000000089d00000| Untracked 
| 134|0x0000000089e00000, 0x0000000089e00000, 0x0000000089f00000|  0%| F|  |TAMS 0x0000000089e00000, 0x0000000089e00000| Untracked 
| 135|0x0000000089f00000, 0x0000000089f00000, 0x000000008a000000|  0%| F|  |TAMS 0x0000000089f00000, 0x0000000089f00000| Untracked 
| 136|0x000000008a000000, 0x000000008a09a200, 0x000000008a100000| 60%| E|  |TAMS 0x000000008a000000, 0x000000008a000000| Complete 
| 137|0x000000008a100000, 0x000000008a200000, 0x000000008a200000|100%| E|CS|TAMS 0x000000008a100000, 0x000000008a100000| Complete 
| 138|0x000000008a200000, 0x000000008a300000, 0x000000008a300000|100%| E|CS|TAMS 0x000000008a200000, 0x000000008a200000| Complete 
| 139|0x000000008a300000, 0x000000008a400000, 0x000000008a400000|100%| E|CS|TAMS 0x000000008a300000, 0x000000008a300000| Complete 
| 140|0x000000008a400000, 0x000000008a500000, 0x000000008a500000|100%| E|CS|TAMS 0x000000008a400000, 0x000000008a400000| Complete 
| 141|0x000000008a500000, 0x000000008a600000, 0x000000008a600000|100%| E|CS|TAMS 0x000000008a500000, 0x000000008a500000| Complete 
| 142|0x000000008a600000, 0x000000008a700000, 0x000000008a700000|100%| E|CS|TAMS 0x000000008a600000, 0x000000008a600000| Complete 
| 143|0x000000008a700000, 0x000000008a800000, 0x000000008a800000|100%| E|CS|TAMS 0x000000008a700000, 0x000000008a700000| Complete 
| 144|0x000000008a800000, 0x000000008a900000, 0x000000008a900000|100%| E|CS|TAMS 0x000000008a800000, 0x000000008a800000| Complete 
| 145|0x000000008a900000, 0x000000008aa00000, 0x000000008aa00000|100%| E|CS|TAMS 0x000000008a900000, 0x000000008a900000| Complete 
| 146|0x000000008aa00000, 0x000000008ab00000, 0x000000008ab00000|100%| E|CS|TAMS 0x000000008aa00000, 0x000000008aa00000| Complete 
| 147|0x000000008ab00000, 0x000000008ac00000, 0x000000008ac00000|100%| E|CS|TAMS 0x000000008ab00000, 0x000000008ab00000| Complete 
| 148|0x000000008ac00000, 0x000000008ad00000, 0x000000008ad00000|100%| E|CS|TAMS 0x000000008ac00000, 0x000000008ac00000| Complete 
| 149|0x000000008ad00000, 0x000000008ae00000, 0x000000008ae00000|100%| E|CS|TAMS 0x000000008ad00000, 0x000000008ad00000| Complete 
| 150|0x000000008ae00000, 0x000000008af00000, 0x000000008af00000|100%| E|CS|TAMS 0x000000008ae00000, 0x000000008ae00000| Complete 
| 151|0x000000008af00000, 0x000000008b000000, 0x000000008b000000|100%| E|CS|TAMS 0x000000008af00000, 0x000000008af00000| Complete 
| 152|0x000000008b000000, 0x000000008b100000, 0x000000008b100000|100%| E|CS|TAMS 0x000000008b000000, 0x000000008b000000| Complete 
| 153|0x000000008b100000, 0x000000008b200000, 0x000000008b200000|100%| E|CS|TAMS 0x000000008b100000, 0x000000008b100000| Complete 

Card table byte_map: [0x00000148ea010000,0x00000148ea410000] _byte_map_base: 0x00000148e9c04000

Marking Bits (Prev, Next): (CMBitMap*) 0x00000148d256c490, (CMBitMap*) 0x00000148d256c458
 Prev Bits: [0x00000148ec7b0000, 0x00000148ee750000)
 Next Bits: [0x00000148ea810000, 0x00000148ec7b0000)

Polling page: 0x00000148d1d00000

Metaspace:

Usage:
  Non-class:     60.68 MB capacity,    59.70 MB ( 98%) used,   780.88 KB (  1%) free+waste,   219.81 KB ( <1%) overhead. 
      Class:      9.20 MB capacity,     8.55 MB ( 93%) used,   566.27 KB (  6%) free+waste,   101.00 KB (  1%) overhead. 
       Both:     69.88 MB capacity,    68.25 MB ( 98%) used,     1.32 MB (  2%) free+waste,   320.81 KB ( <1%) overhead. 

Virtual space:
  Non-class space:       62.00 MB reserved,      60.73 MB ( 98%) committed 
      Class space:        1.00 GB reserved,       9.25 MB ( <1%) committed 
             Both:        1.06 GB reserved,      69.98 MB (  6%) committed 

Chunk freelists:
   Non-Class:  54.00 KB
       Class:  20.00 KB
        Both:  74.00 KB

MaxMetaspaceSize: 17179869184.00 GB
CompressedClassSpaceSize: 1.00 GB

CodeHeap 'non-profiled nmethods': size=120064Kb used=4141Kb max_used=4141Kb free=115922Kb
 bounds [0x00000148e26d0000, 0x00000148e2ae0000, 0x00000148e9c10000]
CodeHeap 'profiled nmethods': size=120000Kb used=15601Kb max_used=15601Kb free=104398Kb
 bounds [0x00000148db1a0000, 0x00000148dc0e0000, 0x00000148e26d0000]
CodeHeap 'non-nmethods': size=5696Kb used=1230Kb max_used=1266Kb free=4465Kb
 bounds [0x00000148dac10000, 0x00000148dae80000, 0x00000148db1a0000]
 total_blobs=7881 nmethods=7284 adapters=507
 compilation: enabled
              stopped_count=0, restarted_count=0
 full_count=0

Compilation events (20 events):
Event: 178.610 Thread 0x00000148f0c6a000 nmethod 7331 0x00000148dc0d8690 code [0x00000148dc0d88c0, 0x00000148dc0d8ed8]
Event: 178.610 Thread 0x00000148f0c6a000 7332       3       org.springframework.util.MimeType::<init> (45 bytes)
Event: 178.610 Thread 0x00000148f0c6a000 nmethod 7332 0x00000148dc0d9110 code [0x00000148dc0d92e0, 0x00000148dc0d9638]
Event: 178.610 Thread 0x00000148f0c6a000 7334       3       org.springframework.util.StringUtils::tokenizeToStringArray (8 bytes)
Event: 178.610 Thread 0x00000148f0c6a000 nmethod 7334 0x00000148dc0d9710 code [0x00000148dc0d98c0, 0x00000148dc0d99c8]
Event: 178.610 Thread 0x00000148f0c6a000 7336       3       java.util.concurrent.ConcurrentLinkedDeque::first (65 bytes)
Event: 178.612 Thread 0x00000148f0c6a000 nmethod 7336 0x00000148dc0d9a90 code [0x00000148dc0d9d40, 0x00000148dc0daa18]
Event: 178.612 Thread 0x00000148f0c6a000 7333       3       org.springframework.util.MimeTypeUtils$$Lambda$879/0x0000000100814c40::apply (8 bytes)
Event: 178.613 Thread 0x00000148f0c6a000 nmethod 7333 0x00000148dc0daf10 code [0x00000148dc0db0e0, 0x00000148dc0db2e8]
Event: 178.613 Thread 0x00000148f0c6a000 7328       3       jdk.internal.misc.Unsafe::weakCompareAndSetObject (11 bytes)
Event: 178.613 Thread 0x00000148f0c6a000 nmethod 7328 0x00000148dc0db390 code [0x00000148dc0db540, 0x00000148dc0db698]
Event: 178.613 Thread 0x00000148f0c6a000 7329       3       java.lang.invoke.VarHandleObjects$FieldInstanceReadWrite::weakCompareAndSet (38 bytes)
Event: 178.614 Thread 0x00000148f0c6a000 nmethod 7329 0x00000148dc0db710 code [0x00000148dc0db980, 0x00000148dc0dc368]
Event: 178.766 Thread 0x00000148f7b0f800 nmethod 7325 0x00000148e2ad6010 code [0x00000148e2ad6260, 0x00000148e2ad8640]
Event: 178.766 Thread 0x00000148f7b0f800 7339       4       org.springframework.util.MimeType::checkToken (74 bytes)
Event: 178.773 Thread 0x00000148f7b0f800 nmethod 7339 0x00000148e2ad9610 code [0x00000148e2ad97e0, 0x00000148e2ad9a48]
Event: 178.773 Thread 0x00000148f7b0f800 7337       4       java.lang.StringLatin1::trim (76 bytes)
Event: 178.792 Thread 0x00000148f7b0f800 nmethod 7337 0x00000148e2ad9d10 code [0x00000148e2ad9ec0, 0x00000148e2ada398]
Event: 178.792 Thread 0x00000148f7b0f800 7340       4       java.util.StringTokenizer::nextToken (92 bytes)
Event: 178.840 Thread 0x00000148f7b0f800 nmethod 7340 0x00000148e2ada590 code [0x00000148e2ada780, 0x00000148e2adb038]

GC Heap History (20 events):
Event: 1.080 GC heap before
{Heap before GC invocations=0 (full 0):
 garbage-first heap   total 131072K, used 14336K [0x0000000081800000, 0x0000000100000000)
  region size 1024K, 14 young (14336K), 0 survivors (0K)
 Metaspace       used 9337K, capacity 9453K, committed 9600K, reserved 1058816K
  class space    used 847K, capacity 877K, committed 896K, reserved 1048576K
}
Event: 1.105 GC heap after
{Heap after GC invocations=1 (full 0):
 garbage-first heap   total 131072K, used 6097K [0x0000000081800000, 0x0000000100000000)
  region size 1024K, 2 young (2048K), 2 survivors (2048K)
 Metaspace       used 9337K, capacity 9453K, committed 9600K, reserved 1058816K
  class space    used 847K, capacity 877K, committed 896K, reserved 1048576K
}
Event: 4.109 GC heap before
{Heap before GC invocations=1 (full 0):
 garbage-first heap   total 131072K, used 53201K [0x0000000081800000, 0x0000000100000000)
  region size 1024K, 49 young (50176K), 2 survivors (2048K)
 Metaspace       used 20610K, capacity 21073K, committed 21248K, reserved 1069056K
  class space    used 2365K, capacity 2545K, committed 2560K, reserved 1048576K
}
Event: 4.133 GC heap after
{Heap after GC invocations=2 (full 0):
 garbage-first heap   total 131072K, used 9003K [0x0000000081800000, 0x0000000100000000)
  region size 1024K, 5 young (5120K), 5 survivors (5120K)
 Metaspace       used 20610K, capacity 21073K, committed 21248K, reserved 1069056K
  class space    used 2365K, capacity 2545K, committed 2560K, reserved 1048576K
}
Event: 5.783 GC heap before
{Heap before GC invocations=3 (full 0):
 garbage-first heap   total 131072K, used 31531K [0x0000000081800000, 0x0000000100000000)
  region size 1024K, 27 young (27648K), 5 survivors (5120K)
 Metaspace       used 23517K, capacity 24057K, committed 24320K, reserved 1071104K
  class space    used 2756K, capacity 2987K, committed 3072K, reserved 1048576K
}
Event: 5.801 GC heap after
{Heap after GC invocations=4 (full 0):
 garbage-first heap   total 131072K, used 10500K [0x0000000081800000, 0x0000000100000000)
  region size 1024K, 2 young (2048K), 2 survivors (2048K)
 Metaspace       used 23517K, capacity 24057K, committed 24320K, reserved 1071104K
  class space    used 2756K, capacity 2987K, committed 3072K, reserved 1048576K
}
Event: 6.380 GC heap before
{Heap before GC invocations=4 (full 0):
 garbage-first heap   total 131072K, used 58628K [0x0000000081800000, 0x0000000100000000)
  region size 1024K, 50 young (51200K), 2 survivors (2048K)
 Metaspace       used 25728K, capacity 26331K, committed 26496K, reserved 1073152K
  class space    used 2953K, capacity 3191K, committed 3200K, reserved 1048576K
}
Event: 6.384 GC heap after
{Heap after GC invocations=5 (full 0):
 garbage-first heap   total 131072K, used 10760K [0x0000000081800000, 0x0000000100000000)
  region size 1024K, 2 young (2048K), 2 survivors (2048K)
 Metaspace       used 25728K, capacity 26331K, committed 26496K, reserved 1073152K
  class space    used 2953K, capacity 3191K, committed 3200K, reserved 1048576K
}
Event: 10.034 GC heap before
{Heap before GC invocations=5 (full 0):
 garbage-first heap   total 131072K, used 73224K [0x0000000081800000, 0x0000000100000000)
  region size 1024K, 63 young (64512K), 2 survivors (2048K)
 Metaspace       used 33395K, capacity 34285K, committed 34304K, reserved 1079296K
  class space    used 3972K, capacity 4345K, committed 4352K, reserved 1048576K
}
Event: 10.048 GC heap after
{Heap after GC invocations=6 (full 0):
 garbage-first heap   total 131072K, used 13278K [0x0000000081800000, 0x0000000100000000)
  region size 1024K, 5 young (5120K), 5 survivors (5120K)
 Metaspace       used 33395K, capacity 34285K, committed 34304K, reserved 1079296K
  class space    used 3972K, capacity 4345K, committed 4352K, reserved 1048576K
}
Event: 10.585 GC heap before
{Heap before GC invocations=6 (full 0):
 garbage-first heap   total 131072K, used 20446K [0x0000000081800000, 0x0000000100000000)
  region size 1024K, 13 young (13312K), 5 survivors (5120K)
 Metaspace       used 34669K, capacity 35490K, committed 35628K, reserved 1081344K
  class space    used 4146K, capacity 4505K, committed 4608K, reserved 1048576K
}
Event: 10.600 GC heap after
{Heap after GC invocations=7 (full 0):
 garbage-first heap   total 131072K, used 14086K [0x0000000081800000, 0x0000000100000000)
  region size 1024K, 5 young (5120K), 5 survivors (5120K)
 Metaspace       used 34669K, capacity 35490K, committed 35628K, reserved 1081344K
  class space    used 4146K, capacity 4505K, committed 4608K, reserved 1048576K
}
Event: 12.715 GC heap before
{Heap before GC invocations=8 (full 0):
 garbage-first heap   total 131072K, used 81670K [0x0000000081800000, 0x0000000100000000)
  region size 1024K, 72 young (73728K), 5 survivors (5120K)
 Metaspace       used 38988K, capacity 40072K, committed 40192K, reserved 1085440K
  class space    used 4679K, capacity 5116K, committed 5120K, reserved 1048576K
}
Event: 12.732 GC heap after
{Heap after GC invocations=9 (full 0):
 garbage-first heap   total 131072K, used 16368K [0x0000000081800000, 0x0000000100000000)
  region size 1024K, 7 young (7168K), 7 survivors (7168K)
 Metaspace       used 38988K, capacity 40072K, committed 40192K, reserved 1085440K
  class space    used 4679K, capacity 5116K, committed 5120K, reserved 1048576K
}
Event: 18.038 GC heap before
{Heap before GC invocations=9 (full 0):
 garbage-first heap   total 131072K, used 87024K [0x0000000081800000, 0x0000000100000000)
  region size 1024K, 76 young (77824K), 7 survivors (7168K)
 Metaspace       used 51329K, capacity 52465K, committed 52736K, reserved 1095680K
  class space    used 6395K, capacity 6846K, committed 6912K, reserved 1048576K
}
Event: 18.060 GC heap after
{Heap after GC invocations=10 (full 0):
 garbage-first heap   total 157696K, used 20059K [0x0000000081800000, 0x0000000100000000)
  region size 1024K, 7 young (7168K), 7 survivors (7168K)
 Metaspace       used 51329K, capacity 52465K, committed 52736K, reserved 1095680K
  class space    used 6395K, capacity 6846K, committed 6912K, reserved 1048576K
}
Event: 23.261 GC heap before
{Heap before GC invocations=10 (full 0):
 garbage-first heap   total 157696K, used 88667K [0x0000000081800000, 0x0000000100000000)
  region size 1024K, 75 young (76800K), 7 survivors (7168K)
 Metaspace       used 58333K, capacity 59550K, committed 59776K, reserved 1101824K
  class space    used 7324K, capacity 7790K, committed 7808K, reserved 1048576K
}
Event: 23.280 GC heap after
{Heap after GC invocations=11 (full 0):
 garbage-first heap   total 157696K, used 22260K [0x0000000081800000, 0x0000000100000000)
  region size 1024K, 8 young (8192K), 8 survivors (8192K)
 Metaspace       used 58333K, capacity 59550K, committed 59776K, reserved 1101824K
  class space    used 7324K, capacity 7790K, committed 7808K, reserved 1048576K
}
Event: 157.781 GC heap before
{Heap before GC invocations=12 (full 0):
 garbage-first heap   total 157696K, used 108276K [0x0000000081800000, 0x0000000100000000)
  region size 1024K, 92 young (94208K), 8 survivors (8192K)
 Metaspace       used 67680K, capacity 69310K, committed 69612K, reserved 1110016K
  class space    used 8499K, capacity 9123K, committed 9216K, reserved 1048576K
}
Event: 157.811 GC heap after
{Heap after GC invocations=13 (full 0):
 garbage-first heap   total 157696K, used 28186K [0x0000000081800000, 0x0000000100000000)
  region size 1024K, 12 young (12288K), 12 survivors (12288K)
 Metaspace       used 67680K, capacity 69310K, committed 69612K, reserved 1110016K
  class space    used 8499K, capacity 9123K, committed 9216K, reserved 1048576K
}

Deoptimization events (20 events):
Event: 32.515 Thread 0x00000148f68dc000 DEOPT PACKING pc=0x00000148e2922690 sp=0x00000004ceafec70
Event: 32.515 Thread 0x00000148f68dc000 DEOPT UNPACKING pc=0x00000148dac378af sp=0x00000004ceafec40 mode 2
Event: 32.515 Thread 0x00000148f68dc000 Uncommon trap: trap_request=0xffffffbe fr.pc=0x00000148e2922690 relative=0x0000000000002b30
Event: 32.515 Thread 0x00000148f68dc000 Uncommon trap: reason=profile_predicate action=maybe_recompile pc=0x00000148e2922690 method=java.util.TreeMap.put(Ljava/lang/Object;Ljava/lang/Object;)Ljava/lang/Object; @ 55 c2
Event: 32.515 Thread 0x00000148f68dc000 DEOPT PACKING pc=0x00000148e2922690 sp=0x00000004ceafec70
Event: 32.515 Thread 0x00000148f68dc000 DEOPT UNPACKING pc=0x00000148dac378af sp=0x00000004ceafec40 mode 2
Event: 158.353 Thread 0x00000148f85ed800 Uncommon trap: trap_request=0xffffff4d fr.pc=0x00000148e27470d0 relative=0x0000000000000170
Event: 158.353 Thread 0x00000148f85ed800 Uncommon trap: reason=unstable_if action=reinterpret pc=0x00000148e27470d0 method=java.util.concurrent.ConcurrentHashMap.addCount(JI)V @ 34 c2
Event: 158.353 Thread 0x00000148f85ed800 DEOPT PACKING pc=0x00000148e27470d0 sp=0x00000004cf7fd200
Event: 158.354 Thread 0x00000148f85ed800 DEOPT UNPACKING pc=0x00000148dac378af sp=0x00000004cf7fd140 mode 2
Event: 158.605 Thread 0x00000148f85ed800 Uncommon trap: trap_request=0xffffff4d fr.pc=0x00000148e27aac78 relative=0x0000000000000058
Event: 158.605 Thread 0x00000148f85ed800 Uncommon trap: reason=unstable_if action=reinterpret pc=0x00000148e27aac78 method=java.util.Objects.equals(Ljava/lang/Object;Ljava/lang/Object;)Z @ 6 c2
Event: 158.605 Thread 0x00000148f85ed800 DEOPT PACKING pc=0x00000148e27aac78 sp=0x00000004cf7fd070
Event: 158.605 Thread 0x00000148f85ed800 DEOPT UNPACKING pc=0x00000148dac378af sp=0x00000004cf7fd010 mode 2
Event: 159.439 Thread 0x00000148f46ac800 DEOPT PACKING pc=0x00000148e2a75bf4 sp=0x00000004cfafc080
Event: 159.439 Thread 0x00000148f46ac800 DEOPT UNPACKING pc=0x00000148dac376ce sp=0x00000004cfafb4e0 mode 0
Event: 159.644 Thread 0x00000148f46b1800 Uncommon trap: trap_request=0xffffff6e fr.pc=0x00000148e2979464 relative=0x0000000000000324
Event: 159.648 Thread 0x00000148f46b1800 Uncommon trap: reason=speculate_class_check action=maybe_recompile pc=0x00000148e2979464 method=jdk.internal.loader.Resource.cachedInputStream()Ljava/io/InputStream; @ 9 c2
Event: 159.648 Thread 0x00000148f46b1800 DEOPT PACKING pc=0x00000148e2979464 sp=0x00000004cfcfbfb0
Event: 159.648 Thread 0x00000148f46b1800 DEOPT UNPACKING pc=0x00000148dac378af sp=0x00000004cfcfbef8 mode 2

Classes redefined (0 events):
No events

Internal exceptions (20 events):
Event: 24.711 Thread 0x00000148d252a000 Exception <a 'java/lang/NoSuchMethodError'{0x0000000089341578}: 'java.lang.Object java.lang.invoke.DirectMethodHandle$Holder.invokeInterface(java.lang.Object, java.lang.Object, java.lang.Object, java.lang.Object)'> (0x0000000089341578) thrown at [./src/hotspot/share/interpreter/linkResolver.cpp, line 773]
Event: 24.809 Thread 0x00000148d252a000 Exception <a 'java/lang/ClassNotFoundException'{0x00000000891129e0}: java/lang/ObjectCustomizer> (0x00000000891129e0) thrown at [./src/hotspot/share/classfile/systemDictionary.cpp, line 231]
Event: 24.810 Thread 0x00000148d252a000 Exception <a 'java/lang/ClassNotFoundException'{0x0000000089125558}: org/springframework/web/servlet/config/annotation/WebMvcConfigurationSupportCustomizer> (0x0000000089125558) thrown at [./src/hotspot/share/classfile/systemDictionary.cpp, line 231]
Event: 24.811 Thread 0x00000148d252a000 Exception <a 'java/lang/ClassNotFoundException'{0x0000000089144078}: org/springframework/web/servlet/config/annotation/DelegatingWebMvcConfigurationCustomizer> (0x0000000089144078) thrown at [./src/hotspot/share/classfile/systemDictionary.cpp, line 231]
Event: 24.812 Thread 0x00000148d252a000 Exception <a 'java/lang/ClassNotFoundException'{0x000000008915a778}: org/springframework/boot/autoconfigure/web/servlet/WebMvcAutoConfiguration$EnableWebMvcConfigurationCustomizer> (0x000000008915a778) thrown at [./src/hotspot/share/classfile/systemDictionary.cpp, line 231]
Event: 24.814 Thread 0x00000148d252a000 Exception <a 'java/lang/ClassNotFoundException'{0x0000000089175eb0}: org/springframework/context/ResourceLoaderAwareCustomizer> (0x0000000089175eb0) thrown at [./src/hotspot/share/classfile/systemDictionary.cpp, line 231]
Event: 24.815 Thread 0x00000148d252a000 Exception <a 'java/lang/ClassNotFoundException'{0x0000000089182518}: org/springframework/beans/factory/AwareCustomizer> (0x0000000089182518) thrown at [./src/hotspot/share/classfile/systemDictionary.cpp, line 231]
Event: 24.816 Thread 0x00000148d252a000 Exception <a 'java/lang/ClassNotFoundException'{0x000000008918f358}: org/springframework/context/ApplicationContextAwareCustomizer> (0x000000008918f358) thrown at [./src/hotspot/share/classfile/systemDictionary.cpp, line 231]
Event: 24.817 Thread 0x00000148d252a000 Exception <a 'java/lang/ClassNotFoundException'{0x000000008919c0e8}: org/springframework/beans/factory/AwareCustomizer> (0x000000008919c0e8) thrown at [./src/hotspot/share/classfile/systemDictionary.cpp, line 231]
Event: 24.823 Thread 0x00000148d252a000 Exception <a 'java/lang/ClassNotFoundException'{0x00000000891a8f00}: org/springframework/web/context/ServletContextAwareCustomizer> (0x00000000891a8f00) thrown at [./src/hotspot/share/classfile/systemDictionary.cpp, line 231]
Event: 24.828 Thread 0x00000148d252a000 Exception <a 'java/lang/ClassNotFoundException'{0x00000000891b5768}: org/springframework/beans/factory/AwareCustomizer> (0x00000000891b5768) thrown at [./src/hotspot/share/classfile/systemDictionary.cpp, line 231]
Event: 25.334 Thread 0x00000148d252a000 Exception <a 'java/lang/NoSuchMethodError'{0x00000000888820a0}: 'void java.lang.invoke.DirectMethodHandle$Holder.invokeVirtual(java.lang.Object, java.lang.Object, int)'> (0x00000000888820a0) thrown at [./src/hotspot/share/interpreter/linkResolver.cpp, line 773]
Event: 25.339 Thread 0x00000148d252a000 Exception <a 'java/lang/NoSuchMethodError'{0x000000008889ca28}: 'void java.lang.invoke.DirectMethodHandle$Holder.invokeVirtual(java.lang.Object, java.lang.Object, long)'> (0x000000008889ca28) thrown at [./src/hotspot/share/interpreter/linkResolver.cpp, line 773]
Event: 25.820 Thread 0x00000148d252a000 Exception <a 'java/lang/IncompatibleClassChangeError'{0x0000000087f75a90}: Found class java.lang.Object, but interface was expected> (0x0000000087f75a90) thrown at [./src/hotspot/share/interpreter/linkResolver.cpp, line 839]
Event: 25.921 Thread 0x00000148d252a000 Exception <a 'java/lang/NoSuchMethodError'{0x0000000087d99818}: 'int java.lang.invoke.DirectMethodHandle$Holder.invokeStaticInit(java.lang.Object, java.lang.Object, java.lang.Object, java.lang.Object)'> (0x0000000087d99818) thrown at [./src/hotspot/share/interpreter/linkResolver.cpp, line 773]
Event: 26.883 Thread 0x00000148d252a000 Exception <a 'java/lang/NoSuchMethodError'{0x0000000086058318}: 'java.lang.Object java.lang.invoke.DirectMethodHandle$Holder.invokeSpecial(java.lang.Object, java.lang.Object, int, java.lang.Object, int, java.lang.Object)'> (0x0000000086058318) thrown at [./src/hotspot/share/interpreter/linkResolver.cpp, line 773]
Event: 26.885 Thread 0x00000148d252a000 Exception <a 'java/lang/NoSuchMethodError'{0x000000008605f800}: 'java.lang.Object java.lang.invoke.DirectMethodHandle$Holder.invokeStatic(java.lang.Object, java.lang.Object, int, java.lang.Object, int)'> (0x000000008605f800) thrown at [./src/hotspot/share/interpreter/linkResolver.cpp, line 773]
Event: 26.885 Thread 0x00000148d252a000 Exception <a 'java/lang/NoSuchMethodError'{0x0000000086062fe0}: 'java.lang.Object java.lang.invoke.DirectMethodHandle$Holder.invokeSpecial(java.lang.Object, java.lang.Object, java.lang.Object, int, java.lang.Object, int)'> (0x0000000086062fe0) thrown at [./src/hotspot/share/interpreter/linkResolver.cpp, line 773]
Event: 26.888 Thread 0x00000148d252a000 Exception <a 'java/lang/NoSuchMethodError'{0x000000008606d268}: 'void java.lang.invoke.DirectMethodHandle$Holder.invokeVirtual(java.lang.Object, java.lang.Object)'> (0x000000008606d268) thrown at [./src/hotspot/share/interpreter/linkResolver.cpp, line 773]
Event: 159.910 Thread 0x00000148f46b1800 Exception <a 'java/lang/NoSuchMethodError'{0x000000008a343138}: 'java.lang.Object java.lang.invoke.DirectMethodHandle$Holder.invokeStaticInit(java.lang.Object, java.lang.Object, java.lang.Object, java.lang.Object, java.lang.Object, java.lang.Object)'> (0x000000008a343138) thrown at [./src/hotspot/share/interpreter/linkResolver.cpp, line 773]

Events (20 events):
Event: 159.980 loading class org/hibernate/internal/util/collections/ConcurrentReferenceHashMap$WriteThroughEntry done
Event: 159.980 loading class org/hibernate/internal/util/collections/ConcurrentReferenceHashMap$SimpleEntry
Event: 159.980 loading class org/hibernate/internal/util/collections/ConcurrentReferenceHashMap$SimpleEntry done
Event: 159.981 loading class org/hibernate/engine/internal/EntityEntryContext$EntityEntryCrossRefImpl
Event: 159.981 loading class org/hibernate/engine/internal/EntityEntryContext$EntityEntryCrossRefImpl done
Event: 159.982 loading class org/hibernate/engine/internal/EntityEntryContext$EntityEntryCrossRef
Event: 159.982 loading class org/hibernate/engine/internal/EntityEntryContext$EntityEntryCrossRef done
Event: 159.982 loading class org/hibernate/engine/spi/SharedSessionContractImplementor
Event: 159.982 loading class org/hibernate/engine/spi/SharedSessionContractImplementor done
Event: 159.982 loading class org/hibernate/engine/spi/SharedSessionContractImplementor
Event: 159.982 loading class org/hibernate/engine/spi/SharedSessionContractImplementor done
Event: 159.983 loading class org/hibernate/internal/util/collections/IdentityMap$IdentityKey
Event: 159.983 loading class org/hibernate/internal/util/collections/IdentityMap$IdentityKey done
Event: 178.560 loading class org/springframework/http/MediaTypeFactory
Event: 178.560 loading class org/springframework/http/MediaTypeFactory done
Event: 178.563 Executing VM operation: RevokeBias
Event: 178.563 Executing VM operation: RevokeBias done
Event: 178.563 loading class sun/nio/cs/US_ASCII$Decoder
Event: 178.564 loading class sun/nio/cs/US_ASCII$Decoder done
Event: 178.581 Thread 0x00000148f7b0f800 Thread added: 0x00000148f7b0f800


Dynamic libraries:
0x00007ff794860000 - 0x00007ff79486d000 	C:\Users\Administrator\AppData\Local\Programs\AdoptOpenJDK\jdk-11.0.10.9-hotspot\bin\java.exe
0x00007ffeb8970000 - 0x00007ffeb8b3f000 	C:\Windows\SYSTEM32\ntdll.dll
0x00007ffeb80d0000 - 0x00007ffeb817c000 	C:\Windows\System32\KERNEL32.DLL
0x00007ffeb5190000 - 0x00007ffeb53ae000 	C:\Windows\System32\KERNELBASE.dll
0x00007ffeb5670000 - 0x00007ffeb5764000 	C:\Windows\System32\ucrtbase.dll
0x00007ffe9ba40000 - 0x00007ffe9ba57000 	C:\Users\Administrator\AppData\Local\Programs\AdoptOpenJDK\jdk-11.0.10.9-hotspot\bin\jli.dll
0x00007ffe9b510000 - 0x00007ffe9b525000 	C:\Users\Administrator\AppData\Local\Programs\AdoptOpenJDK\jdk-11.0.10.9-hotspot\bin\VCRUNTIME140.dll
0x00007ffeb6330000 - 0x00007ffeb6496000 	C:\Windows\System32\USER32.dll
0x00007ffeb5410000 - 0x00007ffeb542e000 	C:\Windows\System32\win32u.dll
0x00007ffea9120000 - 0x00007ffea939a000 	C:\Windows\WinSxS\amd64_microsoft.windows.common-controls_6595b64144ccf1df_6.0.14393.4169_none_7de0bbf28341b1f2\COMCTL32.dll
0x00007ffeb6500000 - 0x00007ffeb659e000 	C:\Windows\System32\msvcrt.dll
0x00007ffeb87b0000 - 0x00007ffeb87e4000 	C:\Windows\System32\GDI32.dll
0x00007ffeb4e60000 - 0x00007ffeb4fe3000 	C:\Windows\System32\gdi32full.dll
0x00007ffeb5f30000 - 0x00007ffeb61f7000 	C:\Windows\System32\combase.dll
0x00007ffeb65b0000 - 0x00007ffeb66d1000 	C:\Windows\System32\RPCRT4.dll
0x00007ffeb5430000 - 0x00007ffeb549b000 	C:\Windows\System32\bcryptPrimitives.dll
0x00007ffeb5f00000 - 0x00007ffeb5f2e000 	C:\Windows\System32\IMM32.DLL
0x00007ffe98a70000 - 0x00007ffe98b0b000 	C:\Users\Administrator\AppData\Local\Programs\AdoptOpenJDK\jdk-11.0.10.9-hotspot\bin\msvcp140.dll
0x00007ffe8cce0000 - 0x00007ffe8d823000 	C:\Users\Administrator\AppData\Local\Programs\AdoptOpenJDK\jdk-11.0.10.9-hotspot\bin\server\jvm.dll
0x00007ffeb6260000 - 0x00007ffeb6302000 	C:\Windows\System32\ADVAPI32.dll
0x00007ffeb8850000 - 0x00007ffeb88a9000 	C:\Windows\System32\sechost.dll
0x00007ffeb80c0000 - 0x00007ffeb80c8000 	C:\Windows\System32\PSAPI.DLL
0x00007ffeb1ec0000 - 0x00007ffeb1ec9000 	C:\Windows\SYSTEM32\WSOCK32.dll
0x00007ffeb32d0000 - 0x00007ffeb32f3000 	C:\Windows\SYSTEM32\WINMM.dll
0x00007ffea96e0000 - 0x00007ffea96ea000 	C:\Windows\SYSTEM32\VERSION.dll
0x00007ffeb66e0000 - 0x00007ffeb674a000 	C:\Windows\System32\WS2_32.dll
0x00000148d1cd0000 - 0x00000148d1cfb000 	C:\Windows\SYSTEM32\WINMMBASE.dll
0x00007ffeb50a0000 - 0x00007ffeb50e2000 	C:\Windows\System32\cfgmgr32.dll
0x00007ffeb4e50000 - 0x00007ffeb4e5f000 	C:\Windows\System32\kernel.appcore.dll
0x00007ffeb2620000 - 0x00007ffeb2630000 	C:\Users\Administrator\AppData\Local\Programs\AdoptOpenJDK\jdk-11.0.10.9-hotspot\bin\verify.dll
0x00007ffeb1700000 - 0x00007ffeb1892000 	C:\Windows\SYSTEM32\DBGHELP.DLL
0x00007ffea4020000 - 0x00007ffea4049000 	C:\Windows\SYSTEM32\dbgcore.DLL
0x00007ffe996c0000 - 0x00007ffe996e8000 	C:\Users\Administrator\AppData\Local\Programs\AdoptOpenJDK\jdk-11.0.10.9-hotspot\bin\java.dll
0x00007ffeb10e0000 - 0x00007ffeb10ea000 	C:\Users\Administrator\AppData\Local\Programs\AdoptOpenJDK\jdk-11.0.10.9-hotspot\bin\jimage.dll
0x00007ffe996a0000 - 0x00007ffe996b7000 	C:\Users\Administrator\AppData\Local\Programs\AdoptOpenJDK\jdk-11.0.10.9-hotspot\bin\zip.dll
0x00007ffeb68a0000 - 0x00007ffeb7da5000 	C:\Windows\System32\SHELL32.dll
0x00007ffeb5820000 - 0x00007ffeb5ef3000 	C:\Windows\System32\windows.storage.dll
0x00007ffeb4dd0000 - 0x00007ffeb4e1c000 	C:\Windows\System32\powrprof.dll
0x00007ffeb6200000 - 0x00007ffeb6252000 	C:\Windows\System32\shlwapi.dll
0x00007ffeb4ff0000 - 0x00007ffeb5098000 	C:\Windows\System32\shcore.dll
0x00007ffeb4e20000 - 0x00007ffeb4e34000 	C:\Windows\System32\profapi.dll
0x00007ffe98b90000 - 0x00007ffe98ba9000 	C:\Users\Administrator\AppData\Local\Programs\AdoptOpenJDK\jdk-11.0.10.9-hotspot\bin\net.dll
0x00007ffeb1980000 - 0x00007ffeb1a4d000 	C:\Windows\SYSTEM32\WINHTTP.dll
0x00007ffeb46a0000 - 0x00007ffeb46fd000 	C:\Windows\system32\mswsock.dll
0x00007ffe98b70000 - 0x00007ffe98b82000 	C:\Users\Administrator\AppData\Local\Programs\AdoptOpenJDK\jdk-11.0.10.9-hotspot\bin\nio.dll
0x00007ffeac140000 - 0x00007ffeac149000 	C:\Users\Administrator\AppData\Local\Programs\AdoptOpenJDK\jdk-11.0.10.9-hotspot\bin\management.dll
0x00007ffeab310000 - 0x00007ffeab31b000 	C:\Users\Administrator\AppData\Local\Programs\AdoptOpenJDK\jdk-11.0.10.9-hotspot\bin\management_ext.dll
0x00007ffea23e0000 - 0x00007ffea23f6000 	C:\Windows\system32\napinsp.dll
0x00007ffea23c0000 - 0x00007ffea23da000 	C:\Windows\system32\pnrpnsp.dll
0x00007ffeb2740000 - 0x00007ffeb2758000 	C:\Windows\system32\NLAapi.dll
0x00007ffeb4410000 - 0x00007ffeb44b2000 	C:\Windows\SYSTEM32\DNSAPI.dll
0x00007ffeb6890000 - 0x00007ffeb6898000 	C:\Windows\System32\NSI.dll
0x00007ffeb43d0000 - 0x00007ffeb4408000 	C:\Windows\SYSTEM32\IPHLPAPI.DLL
0x00007ffea21c0000 - 0x00007ffea21ce000 	C:\Windows\System32\winrnr.dll
0x00007ffea21a0000 - 0x00007ffea21b5000 	C:\Windows\System32\wshbth.dll
0x00007ffea8f40000 - 0x00007ffea8f4a000 	C:\Windows\System32\rasadhlp.dll
0x00007ffeacb30000 - 0x00007ffeacb9a000 	C:\Windows\System32\fwpuclnt.dll
0x00007ffeb4d10000 - 0x00007ffeb4d3b000 	C:\Windows\SYSTEM32\bcrypt.dll
0x00007ffeb4840000 - 0x00007ffeb4857000 	C:\Windows\SYSTEM32\CRYPTSP.dll
0x00007ffeb4250000 - 0x00007ffeb4283000 	C:\Windows\system32\rsaenh.dll
0x00007ffeb44d0000 - 0x00007ffeb44f0000 	C:\Windows\SYSTEM32\USERENV.dll
0x00007ffeb4d00000 - 0x00007ffeb4d0b000 	C:\Windows\SYSTEM32\CRYPTBASE.dll
0x00007ffeac990000 - 0x00007ffeac9a6000 	C:\Windows\SYSTEM32\dhcpcsvc6.DLL
0x00007ffeac970000 - 0x00007ffeac98a000 	C:\Windows\SYSTEM32\dhcpcsvc.DLL
0x00007ffe98d30000 - 0x00007ffe98d55000 	C:\Users\Administrator\AppData\Local\Programs\AdoptOpenJDK\jdk-11.0.10.9-hotspot\bin\sunec.dll

dbghelp: loaded successfully - version: 4.0.5 - missing functions: none
symbol engine: initialized successfully - sym options: 0x614 - pdb path: .;C:\Users\Administrator\AppData\Local\Programs\AdoptOpenJDK\jdk-11.0.10.9-hotspot\bin;C:\Windows\SYSTEM32;C:\Windows\WinSxS\amd64_microsoft.windows.common-controls_6595b64144ccf1df_6.0.14393.4169_none_7de0bbf28341b1f2;C:\Users\Administrator\AppData\Local\Programs\AdoptOpenJDK\jdk-11.0.10.9-hotspot\bin\server

VM Arguments:
jvm_args: -Dfile.encoding=UTF-8 
java_command: rs.ac.uns.ftn.informatika.jpa.JpaExampleApplication
java_class_path (initial): C:\Users\Administrator\Desktop\New folder\ISA\target\classes;C:\Users\Administrator\.m2\repository\org\springframework\boot\spring-boot-starter-amqp\2.4.2\spring-boot-starter-amqp-2.4.2.jar;C:\Users\Administrator\.m2\repository\org\springframework\boot\spring-boot-starter\2.4.2\spring-boot-starter-2.4.2.jar;C:\Users\Administrator\.m2\repository\org\springframework\boot\spring-boot\2.4.2\spring-boot-2.4.2.jar;C:\Users\Administrator\.m2\repository\org\springframework\boot\spring-boot-autoconfigure\2.4.2\spring-boot-autoconfigure-2.4.2.jar;C:\Users\Administrator\.m2\repository\org\springframework\boot\spring-boot-starter-logging\2.4.2\spring-boot-starter-logging-2.4.2.jar;C:\Users\Administrator\.m2\repository\ch\qos\logback\logback-classic\1.2.3\logback-classic-1.2.3.jar;C:\Users\Administrator\.m2\repository\ch\qos\logback\logback-core\1.2.3\logback-core-1.2.3.jar;C:\Users\Administrator\.m2\repository\org\apache\logging\log4j\log4j-to-slf4j\2.13.3\log4j-to-slf4j-2.13.3.jar;C:\Users\Administrator\.m2\repository\org\apache\logging\log4j\log4j-api\2.13.3\log4j-api-2.13.3.jar;C:\Users\Administrator\.m2\repository\org\slf4j\jul-to-slf4j\1.7.30\jul-to-slf4j-1.7.30.jar;C:\Users\Administrator\.m2\repository\jakarta\annotation\jakarta.annotation-api\1.3.5\jakarta.annotation-api-1.3.5.jar;C:\Users\Administrator\.m2\repository\org\yaml\snakeyaml\1.27\snakeyaml-1.27.jar;C:\Users\Administrator\.m2\repository\org\springframework\spring-messaging\5.3.3\spring-messaging-5.3.3.jar;C:\Users\Administrator\.m2\repository\org\springframework\spring-beans\5.3.3\spring-beans-5.3.3.jar;C:\Users\Administrator\.m2\repository\org\springframework\amqp\spring-rabbit\2.3.4\spring-rabbit-2.3.4.jar;C:\Users\Administrator\.m2\repository\org\springframework\amqp\spring-amqp\2.3.4\spring-amqp-2.3.4.jar;C:\Users\Administrator\.m2\repository\org\springframework\retry\spring-retry\1.3.1\spring-retry-1.3.1.jar;C:\Users\Administrator\.m2\repository\javax\annotation\javax.annotati
Launcher Type: SUN_STANDARD

[Global flags]
     intx CICompilerCount                          = 3                                         {product} {ergonomic}
     uint ConcGCThreads                            = 1                                         {product} {ergonomic}
     uint G1ConcRefinementThreads                  = 4                                         {product} {ergonomic}
   size_t G1HeapRegionSize                         = 1048576                                   {product} {ergonomic}
    uintx GCDrainStackTargetSize                   = 64                                        {product} {ergonomic}
   size_t InitialHeapSize                          = 134217728                                 {product} {ergonomic}
   size_t MarkStackSize                            = 4194304                                   {product} {ergonomic}
   size_t MaxHeapSize                              = 2122317824                                {product} {ergonomic}
   size_t MaxNewSize                               = 1272971264                                {product} {ergonomic}
   size_t MinHeapDeltaBytes                        = 1048576                                   {product} {ergonomic}
    uintx NonNMethodCodeHeapSize                   = 5830732                                {pd product} {ergonomic}
    uintx NonProfiledCodeHeapSize                  = 122913754                              {pd product} {ergonomic}
    uintx ProfiledCodeHeapSize                     = 122913754                              {pd product} {ergonomic}
    uintx ReservedCodeCacheSize                    = 251658240                              {pd product} {ergonomic}
     bool SegmentedCodeCache                       = true                                      {product} {ergonomic}
     bool UseCompressedClassPointers               = true                                 {lp64_product} {ergonomic}
     bool UseCompressedOops                        = true                                 {lp64_product} {ergonomic}
     bool UseG1GC                                  = true                                      {product} {ergonomic}
     bool UseLargePagesIndividualAllocation        = false                                  {pd product} {ergonomic}

Logging:
Log output configuration:
 #0: stdout all=warning uptime,level,tags
 #1: stderr all=off uptime,level,tags

Environment Variables:
JAVA_HOME=c:\Users\Administrator\AppData\Local\Programs\AdoptOpenJDK\jdk-11.0.10.9-hotspot\
PATH=c:\oraclexe\app\oracle\product\11.2.0\server\bin;;D:\Administrator\app\oracle\product\11.2.0\server\bin;c:\oraclexe\app\oracle\product\11.2.0\server\bin;C:\Program Files (x86)\Intel\iCLS Client\;C:\Program Files\Intel\iCLS Client\;C:\Program Files (x86)\Common Files\Oracle\Java\javapath;C:\ProgramData\Oracle\Java\javapath;C:\Windows\system32;C:\Windows;C:\Windows\System32\Wbem;C:\Windows\System32\WindowsPowerShell\v1.0\;C:\Program Files (x86)\Windows Live\Shared;c:\Program Files (x86)\Intel\Intel(R) Management Engine Components\DAL;c:\Program Files\Intel\Intel(R) Management Engine Components\DAL;c:\Program Files (x86)\Intel\Intel(R) Management Engine Components\IPT;c:\Program Files\Intel\Intel(R) Management Engine Components\IPT;C:\Program Files\MATLAB\R2018a\runtime\win64;C:\Program Files\MATLAB\R2018a\bin;C:\Program Files\Microsoft SQL Server\130\Tools\Binn\;C:\Program Files\Git\cmd;C:\Users\Administrator\Desktop\k3\Priprema-K3\Priprema K3 - Predavanje\IN\Python;C:\Users\Administrator\AppData\Local\Programs\Python\Python38-32;C:\Program Files\Java\jre7\bin;C:\Program Files\Java\jdk1.8.0_191\bin;C:\Program Files\dotnet\;C:\Program Files\Microsoft SQL Server\Client SDK\ODBC\170\Tools\Binn\;C:\Program Files\PostgreSQL\13\bin;c:\Users\Administrator\AppData\Local\Programs\AdoptOpenJDK\jdk-11.0.10.9-hotspot\bin;C:\Program Files\MySQL\MySQL Shell 8.0\bin\;C:\Users\Administrator\AppData\Local\Programs\Python\Python38-32\Scripts\;C:\Users\Administrator\AppData\Local\Programs\Python\Python38-32\;C:\Users\Administrator\AppData\Local\Microsoft\WindowsApps;C:\Users\Administrator\AppData\Local\GitHubDesktop\bin;D:\Administrator\PyCharm Community Edition 2020.2.3\py\bin;;C:\Users\Administrator\.dotnet\tools;C:\Program Files\nodejs;C:\Program Files\PostgreSQL\13\bin;C:\Users\Administrator\AppData\Local\Programs\Microsoft VS Code\bin
USERNAME=Administrator
LANG=en_US.UTF-8
OS=Windows_NT
PROCESSOR_IDENTIFIER=Intel64 Family 6 Model 61 Stepping 4, GenuineIntel



---------------  S Y S T E M  ---------------

OS: Windows 10 , 64 bit Build 14393 (10.0.14393.3630)
OS uptime: 12 days 5:37 hours

CPU:total 4 (initial active 4) (2 cores per cpu, 2 threads per core) family 6 model 61 stepping 4 microcode 0x2d, cmov, cx8, fxsr, mmx, sse, sse2, sse3, ssse3, sse4.1, sse4.2, popcnt, avx, avx2, aes, clmul, erms, 3dnowpref, lzcnt, ht, tsc, tscinvbit, bmi1, bmi2, adx, fma

Memory: 4k page, system-wide physical 8093M (1998M free)
TotalPageFile size 12331M (AvailPageFile size 5M)
current process WorkingSet (physical memory assigned to process): 301M, peak: 318M
current process commit charge ("private bytes"): 365M, peak: 384M

vm_info: OpenJDK 64-Bit Server VM (11.0.10+9) for windows-amd64 JRE (11.0.10+9), built on Jan 20 2021 06:07:07 by "" with MS VC++ 15.9 (VS2017)

END.
