#
# There is insufficient memory for the Java Runtime Environment to continue.
# Native memory allocation (malloc) failed to allocate 32744 bytes for ChunkPool::allocate
# Possible reasons:
#   The system is out of physical RAM or swap space
#   The process is running with CompressedOops enabled, and the Java Heap may be blocking the growth of the native heap
# Possible solutions:
#   Reduce memory load on the system
#   Increase physical memory or swap space
#   Check if swap backing store is full
#   Decrease Java heap size (-Xmx/-Xms)
#   Decrease number of Java threads
#   Decrease Java thread stack sizes (-Xss)
#   Set larger code cache with -XX:ReservedCodeCacheSize=
#   JVM is running with Unscaled Compressed Oops mode in which the Java heap is
#     placed in the first 4GB address space. The Java Heap base address is the
#     maximum limit for the native heap growth. Please use -XX:HeapBaseMinAddress
#     to set the Java Heap base and to place the Java Heap above 4GB virtual address.
# This output file may be truncated or incomplete.
#
#  Out of Memory Error (./src/hotspot/share/memory/arena.cpp:81), pid=21844, tid=8604
#
# JRE version: OpenJDK Runtime Environment AdoptOpenJDK (11.0.10+9) (build 11.0.10+9)
# Java VM: OpenJDK 64-Bit Server VM AdoptOpenJDK (11.0.10+9, mixed mode, tiered, compressed oops, g1 gc, windows-amd64)
# No core dump will be written. Minidumps are not enabled by default on client versions of Windows
#

---------------  S U M M A R Y ------------

Command Line: -agentlib:jdwp=transport=dt_socket,server=n,suspend=y,address=localhost:58200 -Dfile.encoding=UTF-8 rs.ac.uns.ftn.informatika.jpa.JpaExampleApplication

Host: Intel(R) Core(TM) i3-5005U CPU @ 2.00GHz, 4 cores, 7G,  Windows 10 , 64 bit Build 14393 (10.0.14393.3630)
Time: Thu Feb  4 17:24:35 2021 Central Europe Standard Time elapsed time: 13.909829 seconds (0d 0h 0m 13s)

---------------  T H R E A D  ---------------

Current thread (0x000002a0e6466000):  JavaThread "C2 CompilerThread0" daemon [_thread_in_native, id=8604, stack(0x000000d07c900000,0x000000d07ca00000)]


Current CompileTask:
C2:  13909 3251       4       org.springframework.core.ResolvableType::resolveClass (73 bytes)

Stack: [0x000000d07c900000,0x000000d07ca00000]
Native frames: (J=compiled Java code, j=interpreted, Vv=VM code, C=native code)
V  [jvm.dll+0x5f35ea]
V  [jvm.dll+0x77c65e]
V  [jvm.dll+0x77dd2f]
V  [jvm.dll+0x77e3f3]
V  [jvm.dll+0x246c38]
V  [jvm.dll+0xbea6b]
V  [jvm.dll+0xbedcc]
V  [jvm.dll+0x350d5d]
V  [jvm.dll+0x34c00f]
V  [jvm.dll+0x198b11]
V  [jvm.dll+0x200632]
V  [jvm.dll+0x1ff70f]
V  [jvm.dll+0x1846bc]
V  [jvm.dll+0x20ec37]
V  [jvm.dll+0x20ce1b]
V  [jvm.dll+0x740b39]
V  [jvm.dll+0x739ba4]
V  [jvm.dll+0x5f2466]
C  [ucrtbase.dll+0x1fb80]
C  [KERNEL32.DLL+0x84d4]
C  [ntdll.dll+0x51791]


---------------  P R O C E S S  ---------------

Threads class SMR info:
_java_thread_list=0x000002a0ea2e5300, length=14, elements={
0x000002a0c7e3e000, 0x000002a0e6444800, 0x000002a0e6445000, 0x000002a0e6461000,
0x000002a0e6462000, 0x000002a0e6463000, 0x000002a0e6466000, 0x000002a0e6468000,
0x000002a0e6e16800, 0x000002a0e6f28800, 0x000002a0e6f2d800, 0x000002a0e6f3a800,
0x000002a0e6f4a000, 0x000002a0eb6c9800
}

Java Threads: ( => current thread )
  0x000002a0c7e3e000 JavaThread "main" [_thread_in_Java, id=16376, stack(0x000000d07bd00000,0x000000d07be00000)]
  0x000002a0e6444800 JavaThread "Reference Handler" daemon [_thread_blocked, id=21364, stack(0x000000d07c400000,0x000000d07c500000)]
  0x000002a0e6445000 JavaThread "Finalizer" daemon [_thread_blocked, id=9556, stack(0x000000d07c500000,0x000000d07c600000)]
  0x000002a0e6461000 JavaThread "Signal Dispatcher" daemon [_thread_blocked, id=11376, stack(0x000000d07c600000,0x000000d07c700000)]
  0x000002a0e6462000 JavaThread "Attach Listener" daemon [_thread_blocked, id=168, stack(0x000000d07c700000,0x000000d07c800000)]
  0x000002a0e6463000 JavaThread "Service Thread" daemon [_thread_blocked, id=22552, stack(0x000000d07c800000,0x000000d07c900000)]
=>0x000002a0e6466000 JavaThread "C2 CompilerThread0" daemon [_thread_in_native, id=8604, stack(0x000000d07c900000,0x000000d07ca00000)]
  0x000002a0e6468000 JavaThread "C1 CompilerThread0" daemon [_thread_blocked, id=24300, stack(0x000000d07ca00000,0x000000d07cb00000)]
  0x000002a0e6e16800 JavaThread "Sweeper thread" daemon [_thread_blocked, id=25340, stack(0x000000d07cb00000,0x000000d07cc00000)]
  0x000002a0e6f28800 JavaThread "JDWP Transport Listener: dt_socket" daemon [_thread_blocked, id=8712, stack(0x000000d07cc00000,0x000000d07cd00000)]
  0x000002a0e6f2d800 JavaThread "JDWP Event Helper Thread" daemon [_thread_blocked, id=17164, stack(0x000000d07cd00000,0x000000d07ce00000)]
  0x000002a0e6f3a800 JavaThread "JDWP Command Reader" daemon [_thread_in_native, id=21640, stack(0x000000d07ce00000,0x000000d07cf00000)]
  0x000002a0e6f4a000 JavaThread "Common-Cleaner" daemon [_thread_blocked, id=3644, stack(0x000000d07d000000,0x000000d07d100000)]
  0x000002a0eb6c9800 JavaThread "C2 CompilerThread1" daemon [_thread_in_native, id=1568, stack(0x000000d07d900000,0x000000d07da00000)]

Other Threads:
  0x000002a0e641b000 VMThread "VM Thread" [stack: 0x000000d07c300000,0x000000d07c400000] [id=13616]
  0x000002a0e6f3d800 WatcherThread [stack: 0x000000d07cf00000,0x000000d07d000000] [id=7100]
  0x000002a0c7e54000 GCTaskThread "GC Thread#0" [stack: 0x000000d07be00000,0x000000d07bf00000] [id=4368]
  0x000002a0e82c9800 GCTaskThread "GC Thread#1" [stack: 0x000000d07d200000,0x000000d07d300000] [id=7620]
  0x000002a0e8262000 GCTaskThread "GC Thread#2" [stack: 0x000000d07d300000,0x000000d07d400000] [id=11380]
  0x000002a0e8339000 GCTaskThread "GC Thread#3" [stack: 0x000000d07d600000,0x000000d07d700000] [id=1124]
  0x000002a0c7e81000 ConcurrentGCThread "G1 Main Marker" [stack: 0x000000d07bf00000,0x000000d07c000000] [id=12392]
  0x000002a0c7e82800 ConcurrentGCThread "G1 Conc#0" [stack: 0x000000d07c000000,0x000000d07c100000] [id=7752]
  0x000002a0c7f0c000 ConcurrentGCThread "G1 Refine#0" [stack: 0x000000d07c100000,0x000000d07c200000] [id=7516]
  0x000002a0c7f0d800 ConcurrentGCThread "G1 Young RemSet Sampling" [stack: 0x000000d07c200000,0x000000d07c300000] [id=23860]

Threads with active compile tasks:
C2 CompilerThread0  13945 3251       4       org.springframework.core.ResolvableType::resolveClass (73 bytes)
C2 CompilerThread1  13945 3250       4       org.springframework.core.ResolvableType::forType (115 bytes)

VM state:not at safepoint (normal execution)

VM Mutex/Monitor currently owned by a thread: None

Heap address: 0x0000000081800000, size: 2024 MB, Compressed Oops mode: 32-bit
Narrow klass base: 0x0000000000000000, Narrow klass shift: 3
Compressed class space size: 1073741824 Address: 0x0000000100000000

Heap:
 garbage-first heap   total 160768K, used 18116K [0x0000000081800000, 0x0000000100000000)
  region size 1024K, 13 young (13312K), 8 survivors (8192K)
 Metaspace       used 35419K, capacity 36376K, committed 36608K, reserved 1081344K
  class space    used 4242K, capacity 4639K, committed 4736K, reserved 1048576K
Heap Regions: E=young(eden), S=young(survivor), O=old, HS=humongous(starts), HC=humongous(continues), CS=collection set, F=free, A=archive, TAMS=top-at-mark-start (previous, next)
|   0|0x0000000081800000, 0x0000000081900000, 0x0000000081900000|100%|HS|  |TAMS 0x0000000081900000, 0x0000000081800000| Complete 
|   1|0x0000000081900000, 0x0000000081a00000, 0x0000000081a00000|100%| O|  |TAMS 0x0000000081a00000, 0x0000000081900000| Untracked 
|   2|0x0000000081a00000, 0x0000000081b00000, 0x0000000081b00000|100%| O|  |TAMS 0x0000000081b00000, 0x0000000081a00000| Untracked 
|   3|0x0000000081b00000, 0x0000000081c00000, 0x0000000081c00000|100%| O|  |TAMS 0x0000000081c00000, 0x0000000081b00000| Untracked 
|   4|0x0000000081c00000, 0x0000000081d00000, 0x0000000081d00000|100%| O|  |TAMS 0x0000000081d00000, 0x0000000081c00000| Untracked 
|   5|0x0000000081d00000, 0x0000000081e00000, 0x0000000081e00000|100%| O|  |TAMS 0x0000000081e00000, 0x0000000081d00000| Untracked 
|   6|0x0000000081e00000, 0x0000000081e10000, 0x0000000081f00000|  6%| O|  |TAMS 0x0000000081e10000, 0x0000000081e00000| Untracked 
|   7|0x0000000081f00000, 0x0000000081f00000, 0x0000000082000000|  0%| F|  |TAMS 0x0000000081f00000, 0x0000000081f00000| Untracked 
|   8|0x0000000082000000, 0x0000000082000000, 0x0000000082100000|  0%| F|  |TAMS 0x0000000082000000, 0x0000000082000000| Untracked 
|   9|0x0000000082100000, 0x0000000082100000, 0x0000000082200000|  0%| F|  |TAMS 0x0000000082100000, 0x0000000082100000| Untracked 
|  10|0x0000000082200000, 0x0000000082200000, 0x0000000082300000|  0%| F|  |TAMS 0x0000000082200000, 0x0000000082200000| Untracked 
|  11|0x0000000082300000, 0x0000000082300000, 0x0000000082400000|  0%| F|  |TAMS 0x0000000082300000, 0x0000000082300000| Untracked 
|  12|0x0000000082400000, 0x0000000082400000, 0x0000000082500000|  0%| F|  |TAMS 0x0000000082400000, 0x0000000082400000| Untracked 
|  13|0x0000000082500000, 0x0000000082500000, 0x0000000082600000|  0%| F|  |TAMS 0x0000000082500000, 0x0000000082500000| Untracked 
|  14|0x0000000082600000, 0x0000000082600000, 0x0000000082700000|  0%| F|  |TAMS 0x0000000082600000, 0x0000000082600000| Untracked 
|  15|0x0000000082700000, 0x0000000082700000, 0x0000000082800000|  0%| F|  |TAMS 0x0000000082700000, 0x0000000082700000| Untracked 
|  16|0x0000000082800000, 0x0000000082800000, 0x0000000082900000|  0%| F|  |TAMS 0x0000000082800000, 0x0000000082800000| Untracked 
|  17|0x0000000082900000, 0x0000000082900000, 0x0000000082a00000|  0%| F|  |TAMS 0x0000000082900000, 0x0000000082900000| Untracked 
|  18|0x0000000082a00000, 0x0000000082a00000, 0x0000000082b00000|  0%| F|  |TAMS 0x0000000082a00000, 0x0000000082a00000| Untracked 
|  19|0x0000000082b00000, 0x0000000082b00000, 0x0000000082c00000|  0%| F|  |TAMS 0x0000000082b00000, 0x0000000082b00000| Untracked 
|  20|0x0000000082c00000, 0x0000000082c00000, 0x0000000082d00000|  0%| F|  |TAMS 0x0000000082c00000, 0x0000000082c00000| Untracked 
|  21|0x0000000082d00000, 0x0000000082d00000, 0x0000000082e00000|  0%| F|  |TAMS 0x0000000082d00000, 0x0000000082d00000| Untracked 
|  22|0x0000000082e00000, 0x0000000082e00000, 0x0000000082f00000|  0%| F|  |TAMS 0x0000000082e00000, 0x0000000082e00000| Untracked 
|  23|0x0000000082f00000, 0x0000000082f00000, 0x0000000083000000|  0%| F|  |TAMS 0x0000000082f00000, 0x0000000082f00000| Untracked 
|  24|0x0000000083000000, 0x0000000083000000, 0x0000000083100000|  0%| F|  |TAMS 0x0000000083000000, 0x0000000083000000| Untracked 
|  25|0x0000000083100000, 0x0000000083100000, 0x0000000083200000|  0%| F|  |TAMS 0x0000000083100000, 0x0000000083100000| Untracked 
|  26|0x0000000083200000, 0x0000000083200000, 0x0000000083300000|  0%| F|  |TAMS 0x0000000083200000, 0x0000000083200000| Untracked 
|  27|0x0000000083300000, 0x0000000083300000, 0x0000000083400000|  0%| F|  |TAMS 0x0000000083300000, 0x0000000083300000| Untracked 
|  28|0x0000000083400000, 0x0000000083400000, 0x0000000083500000|  0%| F|  |TAMS 0x0000000083400000, 0x0000000083400000| Untracked 
|  29|0x0000000083500000, 0x0000000083500000, 0x0000000083600000|  0%| F|  |TAMS 0x0000000083500000, 0x0000000083500000| Untracked 
|  30|0x0000000083600000, 0x0000000083600000, 0x0000000083700000|  0%| F|  |TAMS 0x0000000083600000, 0x0000000083600000| Untracked 
|  31|0x0000000083700000, 0x0000000083700000, 0x0000000083800000|  0%| F|  |TAMS 0x0000000083700000, 0x0000000083700000| Untracked 
|  32|0x0000000083800000, 0x0000000083800000, 0x0000000083900000|  0%| F|  |TAMS 0x0000000083800000, 0x0000000083800000| Untracked 
|  33|0x0000000083900000, 0x0000000083900000, 0x0000000083a00000|  0%| F|  |TAMS 0x0000000083900000, 0x0000000083900000| Untracked 
|  34|0x0000000083a00000, 0x0000000083a00000, 0x0000000083b00000|  0%| F|  |TAMS 0x0000000083a00000, 0x0000000083a00000| Untracked 
|  35|0x0000000083b00000, 0x0000000083b00000, 0x0000000083c00000|  0%| F|  |TAMS 0x0000000083b00000, 0x0000000083b00000| Untracked 
|  36|0x0000000083c00000, 0x0000000083c00000, 0x0000000083d00000|  0%| F|  |TAMS 0x0000000083c00000, 0x0000000083c00000| Untracked 
|  37|0x0000000083d00000, 0x0000000083d00000, 0x0000000083e00000|  0%| F|  |TAMS 0x0000000083d00000, 0x0000000083d00000| Untracked 
|  38|0x0000000083e00000, 0x0000000083e00000, 0x0000000083f00000|  0%| F|  |TAMS 0x0000000083e00000, 0x0000000083e00000| Untracked 
|  39|0x0000000083f00000, 0x0000000083f00000, 0x0000000084000000|  0%| F|  |TAMS 0x0000000083f00000, 0x0000000083f00000| Untracked 
|  40|0x0000000084000000, 0x0000000084000000, 0x0000000084100000|  0%| F|  |TAMS 0x0000000084000000, 0x0000000084000000| Untracked 
|  41|0x0000000084100000, 0x0000000084100000, 0x0000000084200000|  0%| F|  |TAMS 0x0000000084100000, 0x0000000084100000| Untracked 
|  42|0x0000000084200000, 0x0000000084200000, 0x0000000084300000|  0%| F|  |TAMS 0x0000000084200000, 0x0000000084200000| Untracked 
|  43|0x0000000084300000, 0x0000000084300000, 0x0000000084400000|  0%| F|  |TAMS 0x0000000084300000, 0x0000000084300000| Untracked 
|  44|0x0000000084400000, 0x0000000084400000, 0x0000000084500000|  0%| F|  |TAMS 0x0000000084400000, 0x0000000084400000| Untracked 
|  45|0x0000000084500000, 0x0000000084500000, 0x0000000084600000|  0%| F|  |TAMS 0x0000000084500000, 0x0000000084500000| Untracked 
|  46|0x0000000084600000, 0x0000000084600000, 0x0000000084700000|  0%| F|  |TAMS 0x0000000084600000, 0x0000000084600000| Untracked 
|  47|0x0000000084700000, 0x0000000084700000, 0x0000000084800000|  0%| F|  |TAMS 0x0000000084700000, 0x0000000084700000| Untracked 
|  48|0x0000000084800000, 0x0000000084800000, 0x0000000084900000|  0%| F|  |TAMS 0x0000000084800000, 0x0000000084800000| Untracked 
|  49|0x0000000084900000, 0x0000000084900000, 0x0000000084a00000|  0%| F|  |TAMS 0x0000000084900000, 0x0000000084900000| Untracked 
|  50|0x0000000084a00000, 0x0000000084a00000, 0x0000000084b00000|  0%| F|  |TAMS 0x0000000084a00000, 0x0000000084a00000| Untracked 
|  51|0x0000000084b00000, 0x0000000084b00000, 0x0000000084c00000|  0%| F|  |TAMS 0x0000000084b00000, 0x0000000084b00000| Untracked 
|  52|0x0000000084c00000, 0x0000000084c00000, 0x0000000084d00000|  0%| F|  |TAMS 0x0000000084c00000, 0x0000000084c00000| Untracked 
|  53|0x0000000084d00000, 0x0000000084d00000, 0x0000000084e00000|  0%| F|  |TAMS 0x0000000084d00000, 0x0000000084d00000| Untracked 
|  54|0x0000000084e00000, 0x0000000084e00000, 0x0000000084f00000|  0%| F|  |TAMS 0x0000000084e00000, 0x0000000084e00000| Untracked 
|  55|0x0000000084f00000, 0x0000000084f00000, 0x0000000085000000|  0%| F|  |TAMS 0x0000000084f00000, 0x0000000084f00000| Untracked 
|  56|0x0000000085000000, 0x0000000085000000, 0x0000000085100000|  0%| F|  |TAMS 0x0000000085000000, 0x0000000085000000| Untracked 
|  57|0x0000000085100000, 0x0000000085100000, 0x0000000085200000|  0%| F|  |TAMS 0x0000000085100000, 0x0000000085100000| Untracked 
|  58|0x0000000085200000, 0x0000000085200000, 0x0000000085300000|  0%| F|  |TAMS 0x0000000085200000, 0x0000000085200000| Untracked 
|  59|0x0000000085300000, 0x0000000085300000, 0x0000000085400000|  0%| F|  |TAMS 0x0000000085300000, 0x0000000085300000| Untracked 
|  60|0x0000000085400000, 0x0000000085400000, 0x0000000085500000|  0%| F|  |TAMS 0x0000000085400000, 0x0000000085400000| Untracked 
|  61|0x0000000085500000, 0x0000000085500000, 0x0000000085600000|  0%| F|  |TAMS 0x0000000085500000, 0x0000000085500000| Untracked 
|  62|0x0000000085600000, 0x0000000085600000, 0x0000000085700000|  0%| F|  |TAMS 0x0000000085600000, 0x0000000085600000| Untracked 
|  63|0x0000000085700000, 0x0000000085700000, 0x0000000085800000|  0%| F|  |TAMS 0x0000000085700000, 0x0000000085700000| Untracked 
|  64|0x0000000085800000, 0x0000000085800000, 0x0000000085900000|  0%| F|  |TAMS 0x0000000085800000, 0x0000000085800000| Untracked 
|  65|0x0000000085900000, 0x0000000085900000, 0x0000000085a00000|  0%| F|  |TAMS 0x0000000085900000, 0x0000000085900000| Untracked 
|  66|0x0000000085a00000, 0x0000000085a00000, 0x0000000085b00000|  0%| F|  |TAMS 0x0000000085a00000, 0x0000000085a00000| Untracked 
|  67|0x0000000085b00000, 0x0000000085b00000, 0x0000000085c00000|  0%| F|  |TAMS 0x0000000085b00000, 0x0000000085b00000| Untracked 
|  68|0x0000000085c00000, 0x0000000085c00000, 0x0000000085d00000|  0%| F|  |TAMS 0x0000000085c00000, 0x0000000085c00000| Untracked 
|  69|0x0000000085d00000, 0x0000000085d00000, 0x0000000085e00000|  0%| F|  |TAMS 0x0000000085d00000, 0x0000000085d00000| Untracked 
|  70|0x0000000085e00000, 0x0000000085e00000, 0x0000000085f00000|  0%| F|  |TAMS 0x0000000085e00000, 0x0000000085e00000| Untracked 
|  71|0x0000000085f00000, 0x0000000085f00000, 0x0000000086000000|  0%| F|  |TAMS 0x0000000085f00000, 0x0000000085f00000| Untracked 
|  72|0x0000000086000000, 0x0000000086000000, 0x0000000086100000|  0%| F|  |TAMS 0x0000000086000000, 0x0000000086000000| Untracked 
|  73|0x0000000086100000, 0x0000000086100000, 0x0000000086200000|  0%| F|  |TAMS 0x0000000086100000, 0x0000000086100000| Untracked 
|  74|0x0000000086200000, 0x0000000086200000, 0x0000000086300000|  0%| F|  |TAMS 0x0000000086200000, 0x0000000086200000| Untracked 
|  75|0x0000000086300000, 0x0000000086300000, 0x0000000086400000|  0%| F|  |TAMS 0x0000000086300000, 0x0000000086300000| Untracked 
|  76|0x0000000086400000, 0x0000000086400000, 0x0000000086500000|  0%| F|  |TAMS 0x0000000086400000, 0x0000000086400000| Untracked 
|  77|0x0000000086500000, 0x0000000086500000, 0x0000000086600000|  0%| F|  |TAMS 0x0000000086500000, 0x0000000086500000| Untracked 
|  78|0x0000000086600000, 0x0000000086600000, 0x0000000086700000|  0%| F|  |TAMS 0x0000000086600000, 0x0000000086600000| Untracked 
|  79|0x0000000086700000, 0x0000000086700000, 0x0000000086800000|  0%| F|  |TAMS 0x0000000086700000, 0x0000000086700000| Untracked 
|  80|0x0000000086800000, 0x0000000086800000, 0x0000000086900000|  0%| F|  |TAMS 0x0000000086800000, 0x0000000086800000| Untracked 
|  81|0x0000000086900000, 0x0000000086900000, 0x0000000086a00000|  0%| F|  |TAMS 0x0000000086900000, 0x0000000086900000| Untracked 
|  82|0x0000000086a00000, 0x0000000086a00000, 0x0000000086b00000|  0%| F|  |TAMS 0x0000000086a00000, 0x0000000086a00000| Untracked 
|  83|0x0000000086b00000, 0x0000000086b00000, 0x0000000086c00000|  0%| F|  |TAMS 0x0000000086b00000, 0x0000000086b00000| Untracked 
|  84|0x0000000086c00000, 0x0000000086c00000, 0x0000000086d00000|  0%| F|  |TAMS 0x0000000086c00000, 0x0000000086c00000| Untracked 
|  85|0x0000000086d00000, 0x0000000086d00000, 0x0000000086e00000|  0%| F|  |TAMS 0x0000000086d00000, 0x0000000086d00000| Untracked 
|  86|0x0000000086e00000, 0x0000000086e00000, 0x0000000086f00000|  0%| F|  |TAMS 0x0000000086e00000, 0x0000000086e00000| Untracked 
|  87|0x0000000086f00000, 0x0000000086f00000, 0x0000000087000000|  0%| F|  |TAMS 0x0000000086f00000, 0x0000000086f00000| Untracked 
|  88|0x0000000087000000, 0x0000000087000000, 0x0000000087100000|  0%| F|  |TAMS 0x0000000087000000, 0x0000000087000000| Untracked 
|  89|0x0000000087100000, 0x0000000087100000, 0x0000000087200000|  0%| F|  |TAMS 0x0000000087100000, 0x0000000087100000| Untracked 
|  90|0x0000000087200000, 0x0000000087200000, 0x0000000087300000|  0%| F|  |TAMS 0x0000000087200000, 0x0000000087200000| Untracked 
|  91|0x0000000087300000, 0x0000000087300000, 0x0000000087400000|  0%| F|  |TAMS 0x0000000087300000, 0x0000000087300000| Untracked 
|  92|0x0000000087400000, 0x0000000087400000, 0x0000000087500000|  0%| F|  |TAMS 0x0000000087400000, 0x0000000087400000| Untracked 
|  93|0x0000000087500000, 0x0000000087500000, 0x0000000087600000|  0%| F|  |TAMS 0x0000000087500000, 0x0000000087500000| Untracked 
|  94|0x0000000087600000, 0x0000000087600000, 0x0000000087700000|  0%| F|  |TAMS 0x0000000087600000, 0x0000000087600000| Untracked 
|  95|0x0000000087700000, 0x0000000087700000, 0x0000000087800000|  0%| F|  |TAMS 0x0000000087700000, 0x0000000087700000| Untracked 
|  96|0x0000000087800000, 0x0000000087800000, 0x0000000087900000|  0%| F|  |TAMS 0x0000000087800000, 0x0000000087800000| Untracked 
|  97|0x0000000087900000, 0x0000000087900000, 0x0000000087a00000|  0%| F|  |TAMS 0x0000000087900000, 0x0000000087900000| Untracked 
|  98|0x0000000087a00000, 0x0000000087a00000, 0x0000000087b00000|  0%| F|  |TAMS 0x0000000087a00000, 0x0000000087a00000| Untracked 
|  99|0x0000000087b00000, 0x0000000087b00000, 0x0000000087c00000|  0%| F|  |TAMS 0x0000000087b00000, 0x0000000087b00000| Untracked 
| 100|0x0000000087c00000, 0x0000000087c00000, 0x0000000087d00000|  0%| F|  |TAMS 0x0000000087c00000, 0x0000000087c00000| Untracked 
| 101|0x0000000087d00000, 0x0000000087d00000, 0x0000000087e00000|  0%| F|  |TAMS 0x0000000087d00000, 0x0000000087d00000| Untracked 
| 102|0x0000000087e00000, 0x0000000087e00000, 0x0000000087f00000|  0%| F|  |TAMS 0x0000000087e00000, 0x0000000087e00000| Untracked 
| 103|0x0000000087f00000, 0x0000000087f00000, 0x0000000088000000|  0%| F|  |TAMS 0x0000000087f00000, 0x0000000087f00000| Untracked 
| 104|0x0000000088000000, 0x0000000088000000, 0x0000000088100000|  0%| F|  |TAMS 0x0000000088000000, 0x0000000088000000| Untracked 
| 105|0x0000000088100000, 0x0000000088100000, 0x0000000088200000|  0%| F|  |TAMS 0x0000000088100000, 0x0000000088100000| Untracked 
| 106|0x0000000088200000, 0x0000000088200000, 0x0000000088300000|  0%| F|  |TAMS 0x0000000088200000, 0x0000000088200000| Untracked 
| 107|0x0000000088300000, 0x0000000088300000, 0x0000000088400000|  0%| F|  |TAMS 0x0000000088300000, 0x0000000088300000| Untracked 
| 108|0x0000000088400000, 0x0000000088400000, 0x0000000088500000|  0%| F|  |TAMS 0x0000000088400000, 0x0000000088400000| Untracked 
| 109|0x0000000088500000, 0x0000000088500000, 0x0000000088600000|  0%| F|  |TAMS 0x0000000088500000, 0x0000000088500000| Untracked 
| 110|0x0000000088600000, 0x0000000088600000, 0x0000000088700000|  0%| F|  |TAMS 0x0000000088600000, 0x0000000088600000| Untracked 
| 111|0x0000000088700000, 0x0000000088700000, 0x0000000088800000|  0%| F|  |TAMS 0x0000000088700000, 0x0000000088700000| Untracked 
| 112|0x0000000088800000, 0x0000000088800000, 0x0000000088900000|  0%| F|  |TAMS 0x0000000088800000, 0x0000000088800000| Untracked 
| 113|0x0000000088900000, 0x0000000088900000, 0x0000000088a00000|  0%| F|  |TAMS 0x0000000088900000, 0x0000000088900000| Untracked 
| 114|0x0000000088a00000, 0x0000000088a00000, 0x0000000088b00000|  0%| F|  |TAMS 0x0000000088a00000, 0x0000000088a00000| Untracked 
| 115|0x0000000088b00000, 0x0000000088b00000, 0x0000000088c00000|  0%| F|  |TAMS 0x0000000088b00000, 0x0000000088b00000| Untracked 
| 116|0x0000000088c00000, 0x0000000088ca12a0, 0x0000000088d00000| 62%| S|CS|TAMS 0x0000000088c00000, 0x0000000088c00000| Complete 
| 117|0x0000000088d00000, 0x0000000088e00000, 0x0000000088e00000|100%| S|CS|TAMS 0x0000000088d00000, 0x0000000088d00000| Complete 
| 118|0x0000000088e00000, 0x0000000088f00000, 0x0000000088f00000|100%| S|CS|TAMS 0x0000000088e00000, 0x0000000088e00000| Complete 
| 119|0x0000000088f00000, 0x0000000089000000, 0x0000000089000000|100%| S|CS|TAMS 0x0000000088f00000, 0x0000000088f00000| Complete 
| 120|0x0000000089000000, 0x0000000089100000, 0x0000000089100000|100%| S|CS|TAMS 0x0000000089000000, 0x0000000089000000| Complete 
| 121|0x0000000089100000, 0x0000000089200000, 0x0000000089200000|100%| S|CS|TAMS 0x0000000089100000, 0x0000000089100000| Complete 
| 122|0x0000000089200000, 0x0000000089300000, 0x0000000089300000|100%| S|CS|TAMS 0x0000000089200000, 0x0000000089200000| Complete 
| 123|0x0000000089300000, 0x0000000089400000, 0x0000000089400000|100%| S|CS|TAMS 0x0000000089300000, 0x0000000089300000| Complete 
| 124|0x0000000089400000, 0x0000000089400000, 0x0000000089500000|  0%| F|  |TAMS 0x0000000089400000, 0x0000000089400000| Untracked 
| 125|0x0000000089500000, 0x0000000089500000, 0x0000000089600000|  0%| F|  |TAMS 0x0000000089500000, 0x0000000089500000| Untracked 
| 126|0x0000000089600000, 0x0000000089600000, 0x0000000089700000|  0%| F|  |TAMS 0x0000000089600000, 0x0000000089600000| Untracked 
| 127|0x0000000089700000, 0x0000000089700000, 0x0000000089800000|  0%| F|  |TAMS 0x0000000089700000, 0x0000000089700000| Untracked 
| 128|0x0000000089800000, 0x0000000089800000, 0x0000000089900000|  0%| F|  |TAMS 0x0000000089800000, 0x0000000089800000| Untracked 
| 129|0x0000000089900000, 0x0000000089900000, 0x0000000089a00000|  0%| F|  |TAMS 0x0000000089900000, 0x0000000089900000| Untracked 
| 130|0x0000000089a00000, 0x0000000089a00000, 0x0000000089b00000|  0%| F|  |TAMS 0x0000000089a00000, 0x0000000089a00000| Untracked 
| 131|0x0000000089b00000, 0x0000000089b00000, 0x0000000089c00000|  0%| F|  |TAMS 0x0000000089b00000, 0x0000000089b00000| Untracked 
| 132|0x0000000089c00000, 0x0000000089c00000, 0x0000000089d00000|  0%| F|  |TAMS 0x0000000089c00000, 0x0000000089c00000| Untracked 
| 133|0x0000000089d00000, 0x0000000089d00000, 0x0000000089e00000|  0%| F|  |TAMS 0x0000000089d00000, 0x0000000089d00000| Untracked 
| 134|0x0000000089e00000, 0x0000000089e00000, 0x0000000089f00000|  0%| F|  |TAMS 0x0000000089e00000, 0x0000000089e00000| Untracked 
| 135|0x0000000089f00000, 0x0000000089f00000, 0x000000008a000000|  0%| F|  |TAMS 0x0000000089f00000, 0x0000000089f00000| Untracked 
| 136|0x000000008a000000, 0x000000008a000000, 0x000000008a100000|  0%| F|  |TAMS 0x000000008a000000, 0x000000008a000000| Untracked 
| 137|0x000000008a100000, 0x000000008a100000, 0x000000008a200000|  0%| F|  |TAMS 0x000000008a100000, 0x000000008a100000| Untracked 
| 138|0x000000008a200000, 0x000000008a200000, 0x000000008a300000|  0%| F|  |TAMS 0x000000008a200000, 0x000000008a200000| Untracked 
| 139|0x000000008a300000, 0x000000008a300000, 0x000000008a400000|  0%| F|  |TAMS 0x000000008a300000, 0x000000008a300000| Untracked 
| 140|0x000000008a400000, 0x000000008a400000, 0x000000008a500000|  0%| F|  |TAMS 0x000000008a400000, 0x000000008a400000| Untracked 
| 141|0x000000008a500000, 0x000000008a500000, 0x000000008a600000|  0%| F|  |TAMS 0x000000008a500000, 0x000000008a500000| Untracked 
| 142|0x000000008a600000, 0x000000008a600000, 0x000000008a700000|  0%| F|  |TAMS 0x000000008a600000, 0x000000008a600000| Untracked 
| 143|0x000000008a700000, 0x000000008a700000, 0x000000008a800000|  0%| F|  |TAMS 0x000000008a700000, 0x000000008a700000| Untracked 
| 144|0x000000008a800000, 0x000000008a800000, 0x000000008a900000|  0%| F|  |TAMS 0x000000008a800000, 0x000000008a800000| Untracked 
| 145|0x000000008a900000, 0x000000008a900000, 0x000000008aa00000|  0%| F|  |TAMS 0x000000008a900000, 0x000000008a900000| Untracked 
| 146|0x000000008aa00000, 0x000000008aa00000, 0x000000008ab00000|  0%| F|  |TAMS 0x000000008aa00000, 0x000000008aa00000| Untracked 
| 147|0x000000008ab00000, 0x000000008ab00000, 0x000000008ac00000|  0%| F|  |TAMS 0x000000008ab00000, 0x000000008ab00000| Untracked 
| 148|0x000000008ac00000, 0x000000008ac00000, 0x000000008ad00000|  0%| F|  |TAMS 0x000000008ac00000, 0x000000008ac00000| Untracked 
| 149|0x000000008ad00000, 0x000000008ad00000, 0x000000008ae00000|  0%| F|  |TAMS 0x000000008ad00000, 0x000000008ad00000| Untracked 
| 150|0x000000008ae00000, 0x000000008ae00000, 0x000000008af00000|  0%| F|  |TAMS 0x000000008ae00000, 0x000000008ae00000| Untracked 
| 151|0x000000008af00000, 0x000000008af80800, 0x000000008b000000| 50%| E|  |TAMS 0x000000008af00000, 0x000000008af00000| Complete 
| 152|0x000000008b000000, 0x000000008b100000, 0x000000008b100000|100%| E|CS|TAMS 0x000000008b000000, 0x000000008b000000| Complete 
| 153|0x000000008b100000, 0x000000008b200000, 0x000000008b200000|100%| E|CS|TAMS 0x000000008b100000, 0x000000008b100000| Complete 
| 154|0x000000008b200000, 0x000000008b300000, 0x000000008b300000|100%| E|CS|TAMS 0x000000008b200000, 0x000000008b200000| Complete 
| 155|0x000000008b300000, 0x000000008b400000, 0x000000008b400000|100%| E|CS|TAMS 0x000000008b300000, 0x000000008b300000| Complete 
| 156|0x000000008b400000, 0x000000008b500000, 0x000000008b500000|100%| E|CS|TAMS 0x000000008b400000, 0x000000008b400000| Complete 

Card table byte_map: [0x000002a0df920000,0x000002a0dfd20000] _byte_map_base: 0x000002a0df514000

Marking Bits (Prev, Next): (CMBitMap*) 0x000002a0c7e784c8, (CMBitMap*) 0x000002a0c7e78500
 Prev Bits: [0x000002a0e0120000, 0x000002a0e20c0000)
 Next Bits: [0x000002a0e20c0000, 0x000002a0e4060000)

Polling page: 0x000002a0c5bf0000

Metaspace:

Usage:
  Non-class:     30.99 MB capacity,    30.46 MB ( 98%) used,   428.93 KB (  1%) free+waste,   119.25 KB ( <1%) overhead. 
      Class:      4.53 MB capacity,     4.14 MB ( 91%) used,   339.52 KB (  7%) free+waste,    56.00 KB (  1%) overhead. 
       Both:     35.52 MB capacity,    34.60 MB ( 97%) used,   768.45 KB (  2%) free+waste,   175.25 KB ( <1%) overhead. 

Virtual space:
  Non-class space:       32.00 MB reserved,      31.13 MB ( 97%) committed 
      Class space:        1.00 GB reserved,       4.63 MB ( <1%) committed 
             Both:        1.03 GB reserved,      35.75 MB (  3%) committed 

Chunk freelists:
   Non-Class:  7.00 KB
       Class:  0 bytes
        Both:  7.00 KB

MaxMetaspaceSize: 17179869184.00 GB
CompressedClassSpaceSize: 1.00 GB

CodeHeap 'non-profiled nmethods': size=120064Kb used=1721Kb max_used=1721Kb free=118342Kb
 bounds [0x000002a0d7fe0000, 0x000002a0d8250000, 0x000002a0df520000]
CodeHeap 'profiled nmethods': size=120000Kb used=7974Kb max_used=7974Kb free=112025Kb
 bounds [0x000002a0d0ab0000, 0x000002a0d1280000, 0x000002a0d7fe0000]
CodeHeap 'non-nmethods': size=5696Kb used=1207Kb max_used=1261Kb free=4488Kb
 bounds [0x000002a0d0520000, 0x000002a0d0790000, 0x000002a0d0ab0000]
 total_blobs=3793 nmethods=3348 adapters=364
 compilation: enabled
              stopped_count=0, restarted_count=0
 full_count=0

Compilation events (20 events):
Event: 13.811 Thread 0x000002a0e6468000 3342       3       org.springframework.util.ReflectionUtils::findMethod (109 bytes)
Event: 13.814 Thread 0x000002a0e6468000 nmethod 3342 0x000002a0d1267810 code [0x000002a0d1267b00, 0x000002a0d1268818]
Event: 13.814 Thread 0x000002a0e6468000 3343       3       java.lang.reflect.Field::getDeclaredAnnotations (8 bytes)
Event: 13.815 Thread 0x000002a0e6468000 nmethod 3343 0x000002a0d1268e10 code [0x000002a0d1269000, 0x000002a0d1269428]
Event: 13.815 Thread 0x000002a0e6468000 3344       3       org.springframework.beans.factory.annotation.AutowiredAnnotationBeanPostProcessor$$Lambda$439/0x0000000100426c40::doWith (13 bytes)
Event: 13.815 Thread 0x000002a0e6468000 nmethod 3344 0x000002a0d1269590 code [0x000002a0d1269740, 0x000002a0d1269888]
Event: 13.816 Thread 0x000002a0e6468000 3345       3       org.springframework.transaction.annotation.AnnotationTransactionAttributeSource::determineTransactionAttribute (51 bytes)
Event: 13.817 Thread 0x000002a0e6468000 nmethod 3345 0x000002a0d1269990 code [0x000002a0d1269ba0, 0x000002a0d126a1b8]
Event: 13.818 Thread 0x000002a0e6468000 3346       3       org.springframework.transaction.annotation.SpringTransactionAnnotationParser::parseTransactionAnnotation (21 bytes)
Event: 13.822 Thread 0x000002a0e6468000 nmethod 3346 0x000002a0d126a390 code [0x000002a0d126a620, 0x000002a0d126afe8]
Event: 13.825 Thread 0x000002a0e6468000 3347       3       org.springframework.transaction.annotation.JtaTransactionAnnotationParser::parseTransactionAnnotation (19 bytes)
Event: 13.827 Thread 0x000002a0e6468000 nmethod 3347 0x000002a0d126b410 code [0x000002a0d126b6a0, 0x000002a0d126c068]
Event: 13.828 Thread 0x000002a0e6468000 3348       3       org.springframework.core.annotation.AnnotationsScanner::getBaseTypeMethods (145 bytes)
Event: 13.830 Thread 0x000002a0e6468000 nmethod 3348 0x000002a0d126c490 code [0x000002a0d126c780, 0x000002a0d126d638]
Event: 13.836 Thread 0x000002a0e6468000 3349   !   3       org.springframework.core.annotation.AnnotationsScanner::processClassInheritedAnnotations (247 bytes)
Event: 13.839 Thread 0x000002a0e6468000 nmethod 3349 0x000002a0d126db90 code [0x000002a0d126dee0, 0x000002a0d126f618]
Event: 13.841 Thread 0x000002a0e6468000 3350       3       org.springframework.transaction.interceptor.AbstractFallbackTransactionAttributeSource::computeTransactionAttribute (112 bytes)
Event: 13.845 Thread 0x000002a0e6468000 nmethod 3350 0x000002a0d1270190 code [0x000002a0d1270580, 0x000002a0d12720b8]
Event: 13.845 Thread 0x000002a0e6468000 3351       3       org.springframework.util.ClassUtils::isOverridable (61 bytes)
Event: 13.848 Thread 0x000002a0e6468000 nmethod 3351 0x000002a0d1272910 code [0x000002a0d1272c80, 0x000002a0d1273fa8]

GC Heap History (14 events):
Event: 2.006 GC heap before
{Heap before GC invocations=0 (full 0):
 garbage-first heap   total 131072K, used 14336K [0x0000000081800000, 0x0000000100000000)
  region size 1024K, 14 young (14336K), 0 survivors (0K)
 Metaspace       used 9409K, capacity 9516K, committed 9600K, reserved 1058816K
  class space    used 840K, capacity 874K, committed 896K, reserved 1048576K
}
Event: 2.046 GC heap after
{Heap after GC invocations=1 (full 0):
 garbage-first heap   total 131072K, used 5976K [0x0000000081800000, 0x0000000100000000)
  region size 1024K, 2 young (2048K), 2 survivors (2048K)
 Metaspace       used 9409K, capacity 9516K, committed 9600K, reserved 1058816K
  class space    used 840K, capacity 874K, committed 896K, reserved 1048576K
}
Event: 2.743 GC heap before
{Heap before GC invocations=1 (full 0):
 garbage-first heap   total 131072K, used 15192K [0x0000000081800000, 0x0000000100000000)
  region size 1024K, 11 young (11264K), 2 survivors (2048K)
 Metaspace       used 11988K, capacity 12224K, committed 12288K, reserved 1060864K
  class space    used 1183K, capacity 1251K, committed 1280K, reserved 1048576K
}
Event: 2.750 GC heap after
{Heap after GC invocations=2 (full 0):
 garbage-first heap   total 131072K, used 6831K [0x0000000081800000, 0x0000000100000000)
  region size 1024K, 1 young (1024K), 1 survivors (1024K)
 Metaspace       used 11988K, capacity 12224K, committed 12288K, reserved 1060864K
  class space    used 1183K, capacity 1251K, committed 1280K, reserved 1048576K
}
Event: 4.563 GC heap before
{Heap before GC invocations=2 (full 0):
 garbage-first heap   total 131072K, used 32431K [0x0000000081800000, 0x0000000100000000)
  region size 1024K, 26 young (26624K), 1 survivors (1024K)
 Metaspace       used 18940K, capacity 19354K, committed 19456K, reserved 1067008K
  class space    used 2065K, capacity 2224K, committed 2304K, reserved 1048576K
}
Event: 4.615 GC heap after
{Heap after GC invocations=3 (full 0):
 garbage-first heap   total 131072K, used 8415K [0x0000000081800000, 0x0000000100000000)
  region size 1024K, 3 young (3072K), 3 survivors (3072K)
 Metaspace       used 18940K, capacity 19354K, committed 19456K, reserved 1067008K
  class space    used 2065K, capacity 2224K, committed 2304K, reserved 1048576K
}
Event: 5.159 GC heap before
{Heap before GC invocations=3 (full 0):
 garbage-first heap   total 131072K, used 18655K [0x0000000081800000, 0x0000000100000000)
  region size 1024K, 14 young (14336K), 3 survivors (3072K)
 Metaspace       used 20705K, capacity 21192K, committed 21248K, reserved 1069056K
  class space    used 2325K, capacity 2513K, committed 2560K, reserved 1048576K
}
Event: 5.170 GC heap after
{Heap after GC invocations=4 (full 0):
 garbage-first heap   total 131072K, used 9056K [0x0000000081800000, 0x0000000100000000)
  region size 1024K, 3 young (3072K), 3 survivors (3072K)
 Metaspace       used 20705K, capacity 21192K, committed 21248K, reserved 1069056K
  class space    used 2325K, capacity 2513K, committed 2560K, reserved 1048576K
}
Event: 6.236 GC heap before
{Heap before GC invocations=5 (full 0):
 garbage-first heap   total 131072K, used 58208K [0x0000000081800000, 0x0000000100000000)
  region size 1024K, 52 young (53248K), 3 survivors (3072K)
 Metaspace       used 23409K, capacity 23972K, committed 24192K, reserved 1071104K
  class space    used 2713K, capacity 2927K, committed 2944K, reserved 1048576K
}
Event: 6.248 GC heap after
{Heap after GC invocations=6 (full 0):
 garbage-first heap   total 131072K, used 10238K [0x0000000081800000, 0x0000000100000000)
  region size 1024K, 4 young (4096K), 4 survivors (4096K)
 Metaspace       used 23409K, capacity 23972K, committed 24192K, reserved 1071104K
  class space    used 2713K, capacity 2927K, committed 2944K, reserved 1048576K
}
Event: 10.210 GC heap before
{Heap before GC invocations=6 (full 0):
 garbage-first heap   total 131072K, used 70654K [0x0000000081800000, 0x0000000100000000)
  region size 1024K, 64 young (65536K), 4 survivors (4096K)
 Metaspace       used 29970K, capacity 30697K, committed 30976K, reserved 1077248K
  class space    used 3470K, capacity 3759K, committed 3840K, reserved 1048576K
}
Event: 10.233 GC heap after
{Heap after GC invocations=7 (full 0):
 garbage-first heap   total 160768K, used 12005K [0x0000000081800000, 0x0000000100000000)
  region size 1024K, 6 young (6144K), 6 survivors (6144K)
 Metaspace       used 29970K, capacity 30697K, committed 30976K, reserved 1077248K
  class space    used 3470K, capacity 3759K, committed 3840K, reserved 1048576K
}
Event: 12.904 GC heap before
{Heap before GC invocations=7 (full 0):
 garbage-first heap   total 160768K, used 44773K [0x0000000081800000, 0x0000000100000000)
  region size 1024K, 39 young (39936K), 6 survivors (6144K)
 Metaspace       used 34843K, capacity 35735K, committed 35840K, reserved 1081344K
  class space    used 4125K, capacity 4468K, committed 4480K, reserved 1048576K
}
Event: 12.938 GC heap after
{Heap after GC invocations=8 (full 0):
 garbage-first heap   total 160768K, used 14020K [0x0000000081800000, 0x0000000100000000)
  region size 1024K, 8 young (8192K), 8 survivors (8192K)
 Metaspace       used 34843K, capacity 35735K, committed 35840K, reserved 1081344K
  class space    used 4125K, capacity 4468K, committed 4480K, reserved 1048576K
}

Deoptimization events (20 events):
Event: 13.281 Thread 0x000002a0c7e3e000 DEOPT PACKING pc=0x000002a0d1071e74 sp=0x000000d07bdfd980
Event: 13.282 Thread 0x000002a0c7e3e000 DEOPT UNPACKING pc=0x000002a0d055c1ce sp=0x000000d07bdfceb8 mode 1
Event: 13.282 Thread 0x000002a0c7e3e000 DEOPT PACKING pc=0x000002a0d1071e74 sp=0x000000d07bdfd980
Event: 13.282 Thread 0x000002a0c7e3e000 DEOPT UNPACKING pc=0x000002a0d055c1ce sp=0x000000d07bdfceb8 mode 1
Event: 13.307 Thread 0x000002a0c7e3e000 DEOPT PACKING pc=0x000002a0d1071e74 sp=0x000000d07bdfd980
Event: 13.307 Thread 0x000002a0c7e3e000 DEOPT UNPACKING pc=0x000002a0d055c1ce sp=0x000000d07bdfceb8 mode 1
Event: 13.307 Thread 0x000002a0c7e3e000 DEOPT PACKING pc=0x000002a0d1071e74 sp=0x000000d07bdfd980
Event: 13.307 Thread 0x000002a0c7e3e000 DEOPT UNPACKING pc=0x000002a0d055c1ce sp=0x000000d07bdfceb8 mode 1
Event: 13.727 Thread 0x000002a0c7e3e000 DEOPT PACKING pc=0x000002a0d0bd750c sp=0x000000d07bdfa120
Event: 13.727 Thread 0x000002a0c7e3e000 DEOPT UNPACKING pc=0x000002a0d055c1ce sp=0x000000d07bdf95b8 mode 1
Event: 13.727 Thread 0x000002a0c7e3e000 DEOPT PACKING pc=0x000002a0d0bc6254 sp=0x000000d07bdfa1f0
Event: 13.727 Thread 0x000002a0c7e3e000 DEOPT UNPACKING pc=0x000002a0d055c1ce sp=0x000000d07bdf96a8 mode 1
Event: 13.729 Thread 0x000002a0c7e3e000 DEOPT PACKING pc=0x000002a0d0bd750c sp=0x000000d07bdfa1e0
Event: 13.729 Thread 0x000002a0c7e3e000 DEOPT UNPACKING pc=0x000002a0d055c1ce sp=0x000000d07bdf9678 mode 1
Event: 13.729 Thread 0x000002a0c7e3e000 DEOPT PACKING pc=0x000002a0d0bc6254 sp=0x000000d07bdfa2b0
Event: 13.729 Thread 0x000002a0c7e3e000 DEOPT UNPACKING pc=0x000002a0d055c1ce sp=0x000000d07bdf9768 mode 1
Event: 13.733 Thread 0x000002a0c7e3e000 DEOPT PACKING pc=0x000002a0d0bd750c sp=0x000000d07bdfa2b0
Event: 13.733 Thread 0x000002a0c7e3e000 DEOPT UNPACKING pc=0x000002a0d055c1ce sp=0x000000d07bdf9748 mode 1
Event: 13.733 Thread 0x000002a0c7e3e000 DEOPT PACKING pc=0x000002a0d0bc6254 sp=0x000000d07bdfa380
Event: 13.733 Thread 0x000002a0c7e3e000 DEOPT UNPACKING pc=0x000002a0d055c1ce sp=0x000000d07bdf9838 mode 1

Classes redefined (0 events):
No events

Internal exceptions (20 events):
Event: 12.222 Thread 0x000002a0c7e3e000 Exception <a 'java/lang/ClassNotFoundException'{0x0000000089c5b7b0}: org/springframework/beans/factory/config/SmartInstantiationAwareBeanPostProcessorCustomizer> (0x0000000089c5b7b0) thrown at [./src/hotspot/share/classfile/systemDictionary.cpp, line 231]
Event: 12.224 Thread 0x000002a0c7e3e000 Exception <a 'java/lang/ClassNotFoundException'{0x0000000089c6ef90}: org/springframework/beans/factory/config/InstantiationAwareBeanPostProcessorCustomizer> (0x0000000089c6ef90) thrown at [./src/hotspot/share/classfile/systemDictionary.cpp, line 231]
Event: 12.226 Thread 0x000002a0c7e3e000 Exception <a 'java/lang/ClassNotFoundException'{0x0000000089c80800}: org/springframework/beans/factory/config/BeanPostProcessorCustomizer> (0x0000000089c80800) thrown at [./src/hotspot/share/classfile/systemDictionary.cpp, line 231]
Event: 12.227 Thread 0x000002a0c7e3e000 Exception <a 'java/lang/ClassNotFoundException'{0x0000000089c8ec88}: org/springframework/beans/factory/BeanFactoryAwareCustomizer> (0x0000000089c8ec88) thrown at [./src/hotspot/share/classfile/systemDictionary.cpp, line 231]
Event: 12.228 Thread 0x000002a0c7e3e000 Exception <a 'java/lang/ClassNotFoundException'{0x0000000089c9ba20}: org/springframework/beans/factory/AwareCustomizer> (0x0000000089c9ba20) thrown at [./src/hotspot/share/classfile/systemDictionary.cpp, line 231]
Event: 12.229 Thread 0x000002a0c7e3e000 Exception <a 'java/lang/ClassNotFoundException'{0x0000000089ca66f8}: org/springframework/core/OrderedCustomizer> (0x0000000089ca66f8) thrown at [./src/hotspot/share/classfile/systemDictionary.cpp, line 231]
Event: 12.229 Thread 0x000002a0c7e3e000 Exception <a 'java/lang/ClassNotFoundException'{0x0000000089cb4340}: org/springframework/beans/factory/BeanClassLoaderAwareCustomizer> (0x0000000089cb4340) thrown at [./src/hotspot/share/classfile/systemDictionary.cpp, line 231]
Event: 12.230 Thread 0x000002a0c7e3e000 Exception <a 'java/lang/ClassNotFoundException'{0x0000000089cc0798}: org/springframework/beans/factory/AwareCustomizer> (0x0000000089cc0798) thrown at [./src/hotspot/share/classfile/systemDictionary.cpp, line 231]
Event: 12.232 Thread 0x000002a0c7e3e000 Exception <a 'java/lang/ClassNotFoundException'{0x0000000089ccd8a0}: org/springframework/aop/framework/AopInfrastructureBeanCustomizer> (0x0000000089ccd8a0) thrown at [./src/hotspot/share/classfile/systemDictionary.cpp, line 231]
Event: 12.523 Thread 0x000002a0c7e3e000 Exception <a 'java/lang/ClassNotFoundException'{0x00000000899447c8}: java/lang/ObjectCustomizer> (0x00000000899447c8) thrown at [./src/hotspot/share/classfile/systemDictionary.cpp, line 231]
Event: 12.528 Thread 0x000002a0c7e3e000 Exception <a 'java/lang/ClassNotFoundException'{0x0000000089958180}: org/springframework/transaction/annotation/AbstractTransactionManagementConfigurationCustomizer> (0x0000000089958180) thrown at [./src/hotspot/share/classfile/systemDictionary.cpp, line 231]
Event: 12.533 Thread 0x000002a0c7e3e000 Exception <a 'java/lang/ClassNotFoundException'{0x000000008996ac38}: org/springframework/transaction/annotation/ProxyTransactionManagementConfigurationCustomizer> (0x000000008996ac38) thrown at [./src/hotspot/share/classfile/systemDictionary.cpp, line 231]
Event: 12.544 Thread 0x000002a0c7e3e000 Exception <a 'java/lang/ClassNotFoundException'{0x000000008997bca8}: org/springframework/context/annotation/ImportAwareCustomizer> (0x000000008997bca8) thrown at [./src/hotspot/share/classfile/systemDictionary.cpp, line 231]
Event: 12.545 Thread 0x000002a0c7e3e000 Exception <a 'java/lang/ClassNotFoundException'{0x0000000089988798}: org/springframework/beans/factory/AwareCustomizer> (0x0000000089988798) thrown at [./src/hotspot/share/classfile/systemDictionary.cpp, line 231]
Event: 12.566 Thread 0x000002a0c7e3e000 Exception <a 'java/lang/NoSuchMethodError'{0x00000000899c37b0}: 'java.lang.Object java.lang.invoke.DirectMethodHandle$Holder.invokeStatic(java.lang.Object, java.lang.Object, java.lang.Object, int, java.lang.Object)'> (0x00000000899c37b0) thrown at [./src/hotspot/share/interpreter/linkResolver.cpp, line 773]
Event: 12.568 Thread 0x000002a0c7e3e000 Exception <a 'java/lang/NoSuchMethodError'{0x00000000899ca5e8}: 'java.lang.Object java.lang.invoke.Invokers$Holder.linkToTargetMethod(java.lang.Object, java.lang.Object, int, java.lang.Object, java.lang.Object)'> (0x00000000899ca5e8) thrown at [./src/hotspot/share/interpreter/linkResolver.cpp, line 773]
Event: 12.722 Thread 0x000002a0c7e3e000 Exception <a 'java/lang/NoSuchMethodError'{0x000000008962e8a8}: 'java.lang.Object java.lang.invoke.DirectMethodHandle$Holder.invokeSpecialIFC(java.lang.Object, java.lang.Object, java.lang.Object)'> (0x000000008962e8a8) thrown at [./src/hotspot/share/interpreter/linkResolver.cpp, line 773]
Event: 13.346 Thread 0x000002a0c7e3e000 Exception <a 'java/lang/NoSuchMethodError'{0x000000008b3d39e0}: 'void java.lang.invoke.DirectMethodHandle$Holder.invokeInterface(java.lang.Object, java.lang.Object, int)'> (0x000000008b3d39e0) thrown at [./src/hotspot/share/interpreter/linkResolver.cpp, line 773]
Event: 13.407 Thread 0x000002a0c7e3e000 Exception <a 'java/lang/IncompatibleClassChangeError'{0x000000008b21f598}: Found class java.lang.Object, but interface was expected> (0x000000008b21f598) thrown at [./src/hotspot/share/interpreter/linkResolver.cpp, line 839]
Event: 13.409 Thread 0x000002a0c7e3e000 Exception <a 'java/lang/NoSuchMethodError'{0x000000008b224440}: 'void java.lang.invoke.DirectMethodHandle$Holder.invokeStatic(java.lang.Object, int, java.lang.Object)'> (0x000000008b224440) thrown at [./src/hotspot/share/interpreter/linkResolver.cpp, line 773]

Events (20 events):
Event: 13.733 loading class javax/servlet/http/LocalStrings_en_US
Event: 13.733 loading class javax/servlet/http/LocalStrings_en_US done
Event: 13.734 loading class org/springframework/web/context/support/XmlWebApplicationContext
Event: 13.734 loading class org/springframework/web/context/support/XmlWebApplicationContext done
Event: 13.737 loading class org/springframework/web/context/support/AbstractRefreshableWebApplicationContext
Event: 13.737 loading class org/springframework/web/context/support/AbstractRefreshableWebApplicationContext done
Event: 13.738 loading class org/springframework/context/support/AbstractRefreshableConfigApplicationContext
Event: 13.738 loading class org/springframework/context/support/AbstractRefreshableConfigApplicationContext done
Event: 13.738 loading class org/springframework/context/support/AbstractRefreshableApplicationContext
Event: 13.738 loading class org/springframework/context/support/AbstractRefreshableApplicationContext done
Event: 13.741 loading class org/springframework/web/servlet/HandlerExecutionChain
Event: 13.741 loading class org/springframework/web/servlet/HandlerExecutionChain done
Event: 13.742 loading class org/springframework/web/servlet/ModelAndView
Event: 13.742 loading class org/springframework/web/servlet/ModelAndView done
Event: 13.746 loading class org/springframework/web/context/request/ServletRequestAttributes
Event: 13.746 loading class org/springframework/web/context/request/ServletRequestAttributes done
Event: 13.748 loading class org/springframework/web/context/request/AbstractRequestAttributes
Event: 13.748 loading class org/springframework/web/context/request/AbstractRequestAttributes done
Event: 13.753 loading class org/springframework/web/context/request/async/WebAsyncManager
Event: 13.753 loading class org/springframework/web/context/request/async/WebAsyncManager done


Dynamic libraries:
0x00007ff794860000 - 0x00007ff79486d000 	C:\Users\Administrator\AppData\Local\Programs\AdoptOpenJDK\jdk-11.0.10.9-hotspot\bin\java.exe
0x00007ffeb8970000 - 0x00007ffeb8b3f000 	C:\Windows\SYSTEM32\ntdll.dll
0x00007ffeb80d0000 - 0x00007ffeb817c000 	C:\Windows\System32\KERNEL32.DLL
0x00007ffeb5190000 - 0x00007ffeb53ae000 	C:\Windows\System32\KERNELBASE.dll
0x00007ffeb5670000 - 0x00007ffeb5764000 	C:\Windows\System32\ucrtbase.dll
0x00007ffe9ba40000 - 0x00007ffe9ba57000 	C:\Users\Administrator\AppData\Local\Programs\AdoptOpenJDK\jdk-11.0.10.9-hotspot\bin\jli.dll
0x00007ffeb6330000 - 0x00007ffeb6496000 	C:\Windows\System32\USER32.dll
0x00007ffeb5410000 - 0x00007ffeb542e000 	C:\Windows\System32\win32u.dll
0x00007ffeb87b0000 - 0x00007ffeb87e4000 	C:\Windows\System32\GDI32.dll
0x00007ffeb4e60000 - 0x00007ffeb4fe3000 	C:\Windows\System32\gdi32full.dll
0x00007ffe9b510000 - 0x00007ffe9b525000 	C:\Users\Administrator\AppData\Local\Programs\AdoptOpenJDK\jdk-11.0.10.9-hotspot\bin\VCRUNTIME140.dll
0x00007ffea9120000 - 0x00007ffea939a000 	C:\Windows\WinSxS\amd64_microsoft.windows.common-controls_6595b64144ccf1df_6.0.14393.4169_none_7de0bbf28341b1f2\COMCTL32.dll
0x00007ffeb6500000 - 0x00007ffeb659e000 	C:\Windows\System32\msvcrt.dll
0x00007ffeb5f30000 - 0x00007ffeb61f7000 	C:\Windows\System32\combase.dll
0x00007ffeb65b0000 - 0x00007ffeb66d1000 	C:\Windows\System32\RPCRT4.dll
0x00007ffeb5430000 - 0x00007ffeb549b000 	C:\Windows\System32\bcryptPrimitives.dll
0x00007ffeb5f00000 - 0x00007ffeb5f2e000 	C:\Windows\System32\IMM32.DLL
0x00007ffe98a70000 - 0x00007ffe98b0b000 	C:\Users\Administrator\AppData\Local\Programs\AdoptOpenJDK\jdk-11.0.10.9-hotspot\bin\msvcp140.dll
0x00007ffe8cce0000 - 0x00007ffe8d823000 	C:\Users\Administrator\AppData\Local\Programs\AdoptOpenJDK\jdk-11.0.10.9-hotspot\bin\server\jvm.dll
0x00007ffeb6260000 - 0x00007ffeb6302000 	C:\Windows\System32\ADVAPI32.dll
0x00007ffeb8850000 - 0x00007ffeb88a9000 	C:\Windows\System32\sechost.dll
0x00007ffeb80c0000 - 0x00007ffeb80c8000 	C:\Windows\System32\PSAPI.DLL
0x00007ffeb1ec0000 - 0x00007ffeb1ec9000 	C:\Windows\SYSTEM32\WSOCK32.dll
0x00007ffeb66e0000 - 0x00007ffeb674a000 	C:\Windows\System32\WS2_32.dll
0x00007ffeb32d0000 - 0x00007ffeb32f3000 	C:\Windows\SYSTEM32\WINMM.dll
0x00007ffea96e0000 - 0x00007ffea96ea000 	C:\Windows\SYSTEM32\VERSION.dll
0x00007ffeb32a0000 - 0x00007ffeb32cb000 	C:\Windows\SYSTEM32\WINMMBASE.dll
0x00007ffeb50a0000 - 0x00007ffeb50e2000 	C:\Windows\System32\cfgmgr32.dll
0x00007ffeb4e50000 - 0x00007ffeb4e5f000 	C:\Windows\System32\kernel.appcore.dll
0x00007ffeb2620000 - 0x00007ffeb2630000 	C:\Users\Administrator\AppData\Local\Programs\AdoptOpenJDK\jdk-11.0.10.9-hotspot\bin\verify.dll
0x00007ffeb1700000 - 0x00007ffeb1892000 	C:\Windows\SYSTEM32\DBGHELP.DLL
0x00007ffea4020000 - 0x00007ffea4049000 	C:\Windows\SYSTEM32\dbgcore.DLL
0x00007ffe996c0000 - 0x00007ffe996e8000 	C:\Users\Administrator\AppData\Local\Programs\AdoptOpenJDK\jdk-11.0.10.9-hotspot\bin\java.dll
0x00007ffeb10e0000 - 0x00007ffeb10ea000 	C:\Users\Administrator\AppData\Local\Programs\AdoptOpenJDK\jdk-11.0.10.9-hotspot\bin\jimage.dll
0x00007ffea5870000 - 0x00007ffea58a8000 	C:\Users\Administrator\AppData\Local\Programs\AdoptOpenJDK\jdk-11.0.10.9-hotspot\bin\jdwp.dll
0x00007ffe996a0000 - 0x00007ffe996b7000 	C:\Users\Administrator\AppData\Local\Programs\AdoptOpenJDK\jdk-11.0.10.9-hotspot\bin\zip.dll
0x00007ffeb68a0000 - 0x00007ffeb7da5000 	C:\Windows\System32\SHELL32.dll
0x00007ffeb5820000 - 0x00007ffeb5ef3000 	C:\Windows\System32\windows.storage.dll
0x00007ffeb4dd0000 - 0x00007ffeb4e1c000 	C:\Windows\System32\powrprof.dll
0x00007ffeb6200000 - 0x00007ffeb6252000 	C:\Windows\System32\shlwapi.dll
0x00007ffeb4ff0000 - 0x00007ffeb5098000 	C:\Windows\System32\shcore.dll
0x00007ffeb4e20000 - 0x00007ffeb4e34000 	C:\Windows\System32\profapi.dll
0x00007ffeaa880000 - 0x00007ffeaa88a000 	C:\Users\Administrator\AppData\Local\Programs\AdoptOpenJDK\jdk-11.0.10.9-hotspot\bin\dt_socket.dll
0x00007ffeb46a0000 - 0x00007ffeb46fd000 	C:\Windows\System32\mswsock.dll
0x00007ffeb4410000 - 0x00007ffeb44b2000 	C:\Windows\SYSTEM32\DNSAPI.dll
0x00007ffeb6890000 - 0x00007ffeb6898000 	C:\Windows\System32\NSI.dll
0x00007ffeb43d0000 - 0x00007ffeb4408000 	C:\Windows\SYSTEM32\IPHLPAPI.DLL
0x00007ffeacb30000 - 0x00007ffeacb9a000 	C:\Windows\System32\fwpuclnt.dll
0x00007ffeb4d10000 - 0x00007ffeb4d3b000 	C:\Windows\SYSTEM32\bcrypt.dll
0x00007ffea8f40000 - 0x00007ffea8f4a000 	C:\Windows\System32\rasadhlp.dll
0x00007ffe98b90000 - 0x00007ffe98ba9000 	C:\Users\Administrator\AppData\Local\Programs\AdoptOpenJDK\jdk-11.0.10.9-hotspot\bin\net.dll
0x00007ffeb1980000 - 0x00007ffeb1a4d000 	C:\Windows\SYSTEM32\WINHTTP.dll
0x00007ffe98b70000 - 0x00007ffe98b82000 	C:\Users\Administrator\AppData\Local\Programs\AdoptOpenJDK\jdk-11.0.10.9-hotspot\bin\nio.dll
0x00007ffeaa7a0000 - 0x00007ffeaa7a9000 	C:\Users\Administrator\AppData\Local\Programs\AdoptOpenJDK\jdk-11.0.10.9-hotspot\bin\management.dll
0x00007ffe9d340000 - 0x00007ffe9d34b000 	C:\Users\Administrator\AppData\Local\Programs\AdoptOpenJDK\jdk-11.0.10.9-hotspot\bin\management_ext.dll
0x00007ffea23e0000 - 0x00007ffea23f6000 	C:\Windows\system32\napinsp.dll
0x00007ffea23c0000 - 0x00007ffea23da000 	C:\Windows\system32\pnrpnsp.dll
0x00007ffeb2740000 - 0x00007ffeb2758000 	C:\Windows\system32\NLAapi.dll
0x00007ffea21c0000 - 0x00007ffea21ce000 	C:\Windows\System32\winrnr.dll
0x00007ffea21a0000 - 0x00007ffea21b5000 	C:\Windows\System32\wshbth.dll

dbghelp: loaded successfully - version: 4.0.5 - missing functions: none
symbol engine: initialized successfully - sym options: 0x614 - pdb path: .;C:\Users\Administrator\AppData\Local\Programs\AdoptOpenJDK\jdk-11.0.10.9-hotspot\bin;C:\Windows\SYSTEM32;C:\Windows\WinSxS\amd64_microsoft.windows.common-controls_6595b64144ccf1df_6.0.14393.4169_none_7de0bbf28341b1f2;C:\Users\Administrator\AppData\Local\Programs\AdoptOpenJDK\jdk-11.0.10.9-hotspot\bin\server

VM Arguments:
jvm_args: -agentlib:jdwp=transport=dt_socket,server=n,suspend=y,address=localhost:58200 -Dfile.encoding=UTF-8 
java_command: rs.ac.uns.ftn.informatika.jpa.JpaExampleApplication
java_class_path (initial): C:\Users\Administrator\Desktop\New folder\ISA\target\classes;C:\Users\Administrator\.m2\repository\org\springframework\boot\spring-boot-starter-amqp\2.4.2\spring-boot-starter-amqp-2.4.2.jar;C:\Users\Administrator\.m2\repository\org\springframework\boot\spring-boot-starter\2.4.2\spring-boot-starter-2.4.2.jar;C:\Users\Administrator\.m2\repository\org\springframework\boot\spring-boot\2.4.2\spring-boot-2.4.2.jar;C:\Users\Administrator\.m2\repository\org\springframework\boot\spring-boot-autoconfigure\2.4.2\spring-boot-autoconfigure-2.4.2.jar;C:\Users\Administrator\.m2\repository\org\springframework\boot\spring-boot-starter-logging\2.4.2\spring-boot-starter-logging-2.4.2.jar;C:\Users\Administrator\.m2\repository\ch\qos\logback\logback-classic\1.2.3\logback-classic-1.2.3.jar;C:\Users\Administrator\.m2\repository\ch\qos\logback\logback-core\1.2.3\logback-core-1.2.3.jar;C:\Users\Administrator\.m2\repository\org\apache\logging\log4j\log4j-to-slf4j\2.13.3\log4j-to-slf4j-2.13.3.jar;C:\Users\Administrator\.m2\repository\org\apache\logging\log4j\log4j-api\2.13.3\log4j-api-2.13.3.jar;C:\Users\Administrator\.m2\repository\org\slf4j\jul-to-slf4j\1.7.30\jul-to-slf4j-1.7.30.jar;C:\Users\Administrator\.m2\repository\jakarta\annotation\jakarta.annotation-api\1.3.5\jakarta.annotation-api-1.3.5.jar;C:\Users\Administrator\.m2\repository\org\yaml\snakeyaml\1.27\snakeyaml-1.27.jar;C:\Users\Administrator\.m2\repository\org\springframework\spring-messaging\5.3.3\spring-messaging-5.3.3.jar;C:\Users\Administrator\.m2\repository\org\springframework\spring-beans\5.3.3\spring-beans-5.3.3.jar;C:\Users\Administrator\.m2\repository\org\springframework\amqp\spring-rabbit\2.3.4\spring-rabbit-2.3.4.jar;C:\Users\Administrator\.m2\repository\org\springframework\amqp\spring-amqp\2.3.4\spring-amqp-2.3.4.jar;C:\Users\Administrator\.m2\repository\org\springframework\retry\spring-retry\1.3.1\spring-retry-1.3.1.jar;C:\Users\Administrator\.m2\repository\javax\annotation\javax.annotati
Launcher Type: SUN_STANDARD

[Global flags]
     intx CICompilerCount                          = 3                                         {product} {ergonomic}
     uint ConcGCThreads                            = 1                                         {product} {ergonomic}
     uint G1ConcRefinementThreads                  = 4                                         {product} {ergonomic}
   size_t G1HeapRegionSize                         = 1048576                                   {product} {ergonomic}
    uintx GCDrainStackTargetSize                   = 64                                        {product} {ergonomic}
   size_t InitialHeapSize                          = 134217728                                 {product} {ergonomic}
   size_t MarkStackSize                            = 4194304                                   {product} {ergonomic}
   size_t MaxHeapSize                              = 2122317824                                {product} {ergonomic}
   size_t MaxNewSize                               = 1272971264                                {product} {ergonomic}
   size_t MinHeapDeltaBytes                        = 1048576                                   {product} {ergonomic}
    uintx NonNMethodCodeHeapSize                   = 5830732                                {pd product} {ergonomic}
    uintx NonProfiledCodeHeapSize                  = 122913754                              {pd product} {ergonomic}
    uintx ProfiledCodeHeapSize                     = 122913754                              {pd product} {ergonomic}
    uintx ReservedCodeCacheSize                    = 251658240                              {pd product} {ergonomic}
     bool SegmentedCodeCache                       = true                                      {product} {ergonomic}
     bool UseCompressedClassPointers               = true                                 {lp64_product} {ergonomic}
     bool UseCompressedOops                        = true                                 {lp64_product} {ergonomic}
     bool UseG1GC                                  = true                                      {product} {ergonomic}
     bool UseLargePagesIndividualAllocation        = false                                  {pd product} {ergonomic}

Logging:
Log output configuration:
 #0: stdout all=warning uptime,level,tags
 #1: stderr all=off uptime,level,tags

Environment Variables:
JAVA_HOME=c:\Users\Administrator\AppData\Local\Programs\AdoptOpenJDK\jdk-11.0.10.9-hotspot\
PATH=c:\oraclexe\app\oracle\product\11.2.0\server\bin;;D:\Administrator\app\oracle\product\11.2.0\server\bin;c:\oraclexe\app\oracle\product\11.2.0\server\bin;C:\Program Files (x86)\Intel\iCLS Client\;C:\Program Files\Intel\iCLS Client\;C:\Program Files (x86)\Common Files\Oracle\Java\javapath;C:\ProgramData\Oracle\Java\javapath;C:\Windows\system32;C:\Windows;C:\Windows\System32\Wbem;C:\Windows\System32\WindowsPowerShell\v1.0\;C:\Program Files (x86)\Windows Live\Shared;c:\Program Files (x86)\Intel\Intel(R) Management Engine Components\DAL;c:\Program Files\Intel\Intel(R) Management Engine Components\DAL;c:\Program Files (x86)\Intel\Intel(R) Management Engine Components\IPT;c:\Program Files\Intel\Intel(R) Management Engine Components\IPT;C:\Program Files\MATLAB\R2018a\runtime\win64;C:\Program Files\MATLAB\R2018a\bin;C:\Program Files\Microsoft SQL Server\130\Tools\Binn\;C:\Program Files\Git\cmd;C:\Users\Administrator\Desktop\k3\Priprema-K3\Priprema K3 - Predavanje\IN\Python;C:\Users\Administrator\AppData\Local\Programs\Python\Python38-32;C:\Program Files\Java\jre7\bin;C:\Program Files\Java\jdk1.8.0_191\bin;C:\Program Files\dotnet\;C:\Program Files\Microsoft SQL Server\Client SDK\ODBC\170\Tools\Binn\;C:\Program Files\PostgreSQL\13\bin;c:\Users\Administrator\AppData\Local\Programs\AdoptOpenJDK\jdk-11.0.10.9-hotspot\bin;C:\Program Files\MySQL\MySQL Shell 8.0\bin\;C:\Users\Administrator\AppData\Local\Programs\Python\Python38-32\Scripts\;C:\Users\Administrator\AppData\Local\Programs\Python\Python38-32\;C:\Users\Administrator\AppData\Local\Microsoft\WindowsApps;C:\Users\Administrator\AppData\Local\GitHubDesktop\bin;D:\Administrator\PyCharm Community Edition 2020.2.3\py\bin;;C:\Users\Administrator\.dotnet\tools;C:\Program Files\nodejs;C:\Program Files\PostgreSQL\13\bin;C:\Users\Administrator\AppData\Local\Programs\Microsoft VS Code\bin
USERNAME=Administrator
LANG=en_US.UTF-8
OS=Windows_NT
PROCESSOR_IDENTIFIER=Intel64 Family 6 Model 61 Stepping 4, GenuineIntel



---------------  S Y S T E M  ---------------

OS: Windows 10 , 64 bit Build 14393 (10.0.14393.3630)
OS uptime: 12 days 4:15 hours

CPU:total 4 (initial active 4) (2 cores per cpu, 2 threads per core) family 6 model 61 stepping 4 microcode 0x2d, cmov, cx8, fxsr, mmx, sse, sse2, sse3, ssse3, sse4.1, sse4.2, popcnt, avx, avx2, aes, clmul, erms, 3dnowpref, lzcnt, ht, tsc, tscinvbit, bmi1, bmi2, adx, fma

Memory: 4k page, system-wide physical 8093M (1860M free)
TotalPageFile size 12331M (AvailPageFile size 8M)
current process WorkingSet (physical memory assigned to process): 259M, peak: 259M
current process commit charge ("private bytes"): 348M, peak: 348M

vm_info: OpenJDK 64-Bit Server VM (11.0.10+9) for windows-amd64 JRE (11.0.10+9), built on Jan 20 2021 06:07:07 by "" with MS VC++ 15.9 (VS2017)

END.
