#
# There is insufficient memory for the Java Runtime Environment to continue.
# Native memory allocation (malloc) failed to allocate 1591216 bytes for Chunk::new
# Possible reasons:
#   The system is out of physical RAM or swap space
#   The process is running with CompressedOops enabled, and the Java Heap may be blocking the growth of the native heap
# Possible solutions:
#   Reduce memory load on the system
#   Increase physical memory or swap space
#   Check if swap backing store is full
#   Decrease Java heap size (-Xmx/-Xms)
#   Decrease number of Java threads
#   Decrease Java thread stack sizes (-Xss)
#   Set larger code cache with -XX:ReservedCodeCacheSize=
#   JVM is running with Unscaled Compressed Oops mode in which the Java heap is
#     placed in the first 4GB address space. The Java Heap base address is the
#     maximum limit for the native heap growth. Please use -XX:HeapBaseMinAddress
#     to set the Java Heap base and to place the Java Heap above 4GB virtual address.
# This output file may be truncated or incomplete.
#
#  Out of Memory Error (./src/hotspot/share/memory/arena.cpp:197), pid=14756, tid=20072
#
# JRE version: OpenJDK Runtime Environment AdoptOpenJDK (11.0.10+9) (build 11.0.10+9)
# Java VM: OpenJDK 64-Bit Server VM AdoptOpenJDK (11.0.10+9, mixed mode, tiered, compressed oops, g1 gc, windows-amd64)
# No core dump will be written. Minidumps are not enabled by default on client versions of Windows
#

---------------  S U M M A R Y ------------

Command Line: -Dfile.encoding=UTF-8 rs.ac.uns.ftn.informatika.jpa.JpaExampleApplication

Host: Intel(R) Core(TM) i3-5005U CPU @ 2.00GHz, 4 cores, 7G,  Windows 10 , 64 bit Build 14393 (10.0.14393.3630)
Time: Thu Feb  4 17:21:11 2021 Central Europe Standard Time elapsed time: 19.499833 seconds (0d 0h 0m 19s)

---------------  T H R E A D  ---------------

Current thread (0x000001d95edbb000):  JavaThread "C2 CompilerThread0" daemon [_thread_in_native, id=20072, stack(0x0000001e90400000,0x0000001e90500000)]


Current CompileTask:
C2:  19499 3765   !   4       jdk.internal.loader.BuiltinClassLoader::findClassOnClassPathOrNull (64 bytes)

Stack: [0x0000001e90400000,0x0000001e90500000]
Native frames: (J=compiled Java code, j=interpreted, Vv=VM code, C=native code)
V  [jvm.dll+0x5f35ea]
V  [jvm.dll+0x77c65e]
V  [jvm.dll+0x77dd2f]
V  [jvm.dll+0x77e3f3]
V  [jvm.dll+0x246c38]
V  [jvm.dll+0xbe6cc]
V  [jvm.dll+0xbedcc]
V  [jvm.dll+0x34bfd7]
V  [jvm.dll+0x198919]
V  [jvm.dll+0x200632]
V  [jvm.dll+0x1ff70f]
V  [jvm.dll+0x1846bc]
V  [jvm.dll+0x20ec37]
V  [jvm.dll+0x20ce1b]
V  [jvm.dll+0x740b39]
V  [jvm.dll+0x739ba4]
V  [jvm.dll+0x5f2466]
C  [ucrtbase.dll+0x1fb80]
C  [KERNEL32.DLL+0x84d4]
C  [ntdll.dll+0x51791]


---------------  P R O C E S S  ---------------

Threads class SMR info:
_java_thread_list=0x000001d96371a550, length=14, elements={
0x000001d93e798800, 0x000001d95ed9b000, 0x000001d95eda4000, 0x000001d95edb6000,
0x000001d95edb6800, 0x000001d95edb7800, 0x000001d95edbb000, 0x000001d95edbd000,
0x000001d95edc3000, 0x000001d95f89f000, 0x000001d96314f000, 0x000001d9643a0000,
0x000001d962b24800, 0x000001d9613f0000
}

Java Threads: ( => current thread )
  0x000001d93e798800 JavaThread "main" [_thread_in_native, id=18004, stack(0x0000001e8f800000,0x0000001e8f900000)]
  0x000001d95ed9b000 JavaThread "Reference Handler" daemon [_thread_blocked, id=17544, stack(0x0000001e8ff00000,0x0000001e90000000)]
  0x000001d95eda4000 JavaThread "Finalizer" daemon [_thread_blocked, id=1276, stack(0x0000001e90000000,0x0000001e90100000)]
  0x000001d95edb6000 JavaThread "Signal Dispatcher" daemon [_thread_blocked, id=8912, stack(0x0000001e90100000,0x0000001e90200000)]
  0x000001d95edb6800 JavaThread "Attach Listener" daemon [_thread_blocked, id=18972, stack(0x0000001e90200000,0x0000001e90300000)]
  0x000001d95edb7800 JavaThread "Service Thread" daemon [_thread_blocked, id=23412, stack(0x0000001e90300000,0x0000001e90400000)]
=>0x000001d95edbb000 JavaThread "C2 CompilerThread0" daemon [_thread_in_native, id=20072, stack(0x0000001e90400000,0x0000001e90500000)]
  0x000001d95edbd000 JavaThread "C1 CompilerThread0" daemon [_thread_blocked, id=7324, stack(0x0000001e90500000,0x0000001e90600000)]
  0x000001d95edc3000 JavaThread "Sweeper thread" daemon [_thread_blocked, id=15668, stack(0x0000001e90600000,0x0000001e90700000)]
  0x000001d95f89f000 JavaThread "Common-Cleaner" daemon [_thread_blocked, id=10832, stack(0x0000001e90800000,0x0000001e90900000)]
  0x000001d96314f000 JavaThread "C2 CompilerThread1" daemon [_thread_blocked, id=13896, stack(0x0000001e91400000,0x0000001e91500000)]
  0x000001d9643a0000 JavaThread "Catalina-utility-1" [_thread_blocked, id=20604, stack(0x0000001e91500000,0x0000001e91600000)]
  0x000001d962b24800 JavaThread "Catalina-utility-2" [_thread_blocked, id=800, stack(0x0000001e91600000,0x0000001e91700000)]
  0x000001d9613f0000 JavaThread "container-0" [_thread_blocked, id=1084, stack(0x0000001e91700000,0x0000001e91800000)]

Other Threads:
  0x000001d95ed6d800 VMThread "VM Thread" [stack: 0x0000001e8fe00000,0x0000001e8ff00000] [id=12444]
  0x000001d95f899800 WatcherThread [stack: 0x0000001e90700000,0x0000001e90800000] [id=20160]
  0x000001d93e7b3000 GCTaskThread "GC Thread#0" [stack: 0x0000001e8f900000,0x0000001e8fa00000] [id=24796]
  0x000001d9600b8000 GCTaskThread "GC Thread#1" [stack: 0x0000001e90b00000,0x0000001e90c00000] [id=22620]
  0x000001d96002a000 GCTaskThread "GC Thread#2" [stack: 0x0000001e90c00000,0x0000001e90d00000] [id=18256]
  0x000001d960a4b800 GCTaskThread "GC Thread#3" [stack: 0x0000001e91000000,0x0000001e91100000] [id=11716]
  0x000001d93e7e4000 ConcurrentGCThread "G1 Main Marker" [stack: 0x0000001e8fa00000,0x0000001e8fb00000] [id=2244]
  0x000001d93e7e5800 ConcurrentGCThread "G1 Conc#0" [stack: 0x0000001e8fb00000,0x0000001e8fc00000] [id=17484]
  0x000001d93e86d800 ConcurrentGCThread "G1 Refine#0" [stack: 0x0000001e8fc00000,0x0000001e8fd00000] [id=6468]
  0x000001d93e86e800 ConcurrentGCThread "G1 Young RemSet Sampling" [stack: 0x0000001e8fd00000,0x0000001e8fe00000] [id=9104]

Threads with active compile tasks:
C2 CompilerThread0  19533 3765   !   4       jdk.internal.loader.BuiltinClassLoader::findClassOnClassPathOrNull (64 bytes)

VM state:not at safepoint (normal execution)

VM Mutex/Monitor currently owned by a thread: None

Heap address: 0x0000000081800000, size: 2024 MB, Compressed Oops mode: 32-bit
Narrow klass base: 0x0000000000000000, Narrow klass shift: 3
Compressed class space size: 1073741824 Address: 0x0000000100000000

Heap:
 garbage-first heap   total 157696K, used 57491K [0x0000000081800000, 0x0000000100000000)
  region size 1024K, 48 young (49152K), 6 survivors (6144K)
 Metaspace       used 44705K, capacity 45790K, committed 46080K, reserved 1089536K
  class space    used 5576K, capacity 6018K, committed 6144K, reserved 1048576K
Heap Regions: E=young(eden), S=young(survivor), O=old, HS=humongous(starts), HC=humongous(continues), CS=collection set, F=free, A=archive, TAMS=top-at-mark-start (previous, next)
|   0|0x0000000081800000, 0x0000000081900000, 0x0000000081900000|100%|HS|  |TAMS 0x0000000081900000, 0x0000000081800000| Complete 
|   1|0x0000000081900000, 0x0000000081a00000, 0x0000000081a00000|100%| O|  |TAMS 0x0000000081a00000, 0x0000000081900000| Untracked 
|   2|0x0000000081a00000, 0x0000000081b00000, 0x0000000081b00000|100%| O|  |TAMS 0x0000000081b00000, 0x0000000081a00000| Untracked 
|   3|0x0000000081b00000, 0x0000000081c00000, 0x0000000081c00000|100%| O|  |TAMS 0x0000000081c00000, 0x0000000081b00000| Untracked 
|   4|0x0000000081c00000, 0x0000000081d00000, 0x0000000081d00000|100%| O|  |TAMS 0x0000000081d00000, 0x0000000081c00000| Untracked 
|   5|0x0000000081d00000, 0x0000000081e00000, 0x0000000081e00000|100%| O|  |TAMS 0x0000000081e00000, 0x0000000081d00000| Untracked 
|   6|0x0000000081e00000, 0x0000000081f00000, 0x0000000081f00000|100%| O|  |TAMS 0x0000000081f00000, 0x0000000081e00000| Untracked 
|   7|0x0000000081f00000, 0x0000000082000000, 0x0000000082000000|100%| O|  |TAMS 0x0000000082000000, 0x0000000081f00000| Untracked 
|   8|0x0000000082000000, 0x0000000082100000, 0x0000000082100000|100%| O|  |TAMS 0x000000008207de00, 0x0000000082000000| Untracked 
|   9|0x0000000082100000, 0x0000000082150e00, 0x0000000082200000| 31%| O|  |TAMS 0x0000000082100000, 0x0000000082100000| Untracked 
|  10|0x0000000082200000, 0x0000000082200000, 0x0000000082300000|  0%| F|  |TAMS 0x0000000082200000, 0x0000000082200000| Untracked 
|  11|0x0000000082300000, 0x0000000082300000, 0x0000000082400000|  0%| F|  |TAMS 0x0000000082300000, 0x0000000082300000| Untracked 
|  12|0x0000000082400000, 0x0000000082400000, 0x0000000082500000|  0%| F|  |TAMS 0x0000000082400000, 0x0000000082400000| Untracked 
|  13|0x0000000082500000, 0x0000000082500000, 0x0000000082600000|  0%| F|  |TAMS 0x0000000082500000, 0x0000000082500000| Untracked 
|  14|0x0000000082600000, 0x0000000082600000, 0x0000000082700000|  0%| F|  |TAMS 0x0000000082600000, 0x0000000082600000| Untracked 
|  15|0x0000000082700000, 0x0000000082700000, 0x0000000082800000|  0%| F|  |TAMS 0x0000000082700000, 0x0000000082700000| Untracked 
|  16|0x0000000082800000, 0x0000000082800000, 0x0000000082900000|  0%| F|  |TAMS 0x0000000082800000, 0x0000000082800000| Untracked 
|  17|0x0000000082900000, 0x0000000082900000, 0x0000000082a00000|  0%| F|  |TAMS 0x0000000082900000, 0x0000000082900000| Untracked 
|  18|0x0000000082a00000, 0x0000000082a00000, 0x0000000082b00000|  0%| F|  |TAMS 0x0000000082a00000, 0x0000000082a00000| Untracked 
|  19|0x0000000082b00000, 0x0000000082b00000, 0x0000000082c00000|  0%| F|  |TAMS 0x0000000082b00000, 0x0000000082b00000| Untracked 
|  20|0x0000000082c00000, 0x0000000082c00000, 0x0000000082d00000|  0%| F|  |TAMS 0x0000000082c00000, 0x0000000082c00000| Untracked 
|  21|0x0000000082d00000, 0x0000000082d00000, 0x0000000082e00000|  0%| F|  |TAMS 0x0000000082d00000, 0x0000000082d00000| Untracked 
|  22|0x0000000082e00000, 0x0000000082e00000, 0x0000000082f00000|  0%| F|  |TAMS 0x0000000082e00000, 0x0000000082e00000| Untracked 
|  23|0x0000000082f00000, 0x0000000082f00000, 0x0000000083000000|  0%| F|  |TAMS 0x0000000082f00000, 0x0000000082f00000| Untracked 
|  24|0x0000000083000000, 0x0000000083000000, 0x0000000083100000|  0%| F|  |TAMS 0x0000000083000000, 0x0000000083000000| Untracked 
|  25|0x0000000083100000, 0x0000000083100000, 0x0000000083200000|  0%| F|  |TAMS 0x0000000083100000, 0x0000000083100000| Untracked 
|  26|0x0000000083200000, 0x0000000083200000, 0x0000000083300000|  0%| F|  |TAMS 0x0000000083200000, 0x0000000083200000| Untracked 
|  27|0x0000000083300000, 0x0000000083300000, 0x0000000083400000|  0%| F|  |TAMS 0x0000000083300000, 0x0000000083300000| Untracked 
|  28|0x0000000083400000, 0x0000000083400000, 0x0000000083500000|  0%| F|  |TAMS 0x0000000083400000, 0x0000000083400000| Untracked 
|  29|0x0000000083500000, 0x0000000083500000, 0x0000000083600000|  0%| F|  |TAMS 0x0000000083500000, 0x0000000083500000| Untracked 
|  30|0x0000000083600000, 0x0000000083600000, 0x0000000083700000|  0%| F|  |TAMS 0x0000000083600000, 0x0000000083600000| Untracked 
|  31|0x0000000083700000, 0x0000000083700000, 0x0000000083800000|  0%| F|  |TAMS 0x0000000083700000, 0x0000000083700000| Untracked 
|  32|0x0000000083800000, 0x0000000083800000, 0x0000000083900000|  0%| F|  |TAMS 0x0000000083800000, 0x0000000083800000| Untracked 
|  33|0x0000000083900000, 0x0000000083900000, 0x0000000083a00000|  0%| F|  |TAMS 0x0000000083900000, 0x0000000083900000| Untracked 
|  34|0x0000000083a00000, 0x0000000083a00000, 0x0000000083b00000|  0%| F|  |TAMS 0x0000000083a00000, 0x0000000083a00000| Untracked 
|  35|0x0000000083b00000, 0x0000000083b00000, 0x0000000083c00000|  0%| F|  |TAMS 0x0000000083b00000, 0x0000000083b00000| Untracked 
|  36|0x0000000083c00000, 0x0000000083c00000, 0x0000000083d00000|  0%| F|  |TAMS 0x0000000083c00000, 0x0000000083c00000| Untracked 
|  37|0x0000000083d00000, 0x0000000083d00000, 0x0000000083e00000|  0%| F|  |TAMS 0x0000000083d00000, 0x0000000083d00000| Untracked 
|  38|0x0000000083e00000, 0x0000000083e00000, 0x0000000083f00000|  0%| F|  |TAMS 0x0000000083e00000, 0x0000000083e00000| Untracked 
|  39|0x0000000083f00000, 0x0000000083f00000, 0x0000000084000000|  0%| F|  |TAMS 0x0000000083f00000, 0x0000000083f00000| Untracked 
|  40|0x0000000084000000, 0x0000000084000000, 0x0000000084100000|  0%| F|  |TAMS 0x0000000084000000, 0x0000000084000000| Untracked 
|  41|0x0000000084100000, 0x0000000084100000, 0x0000000084200000|  0%| F|  |TAMS 0x0000000084100000, 0x0000000084100000| Untracked 
|  42|0x0000000084200000, 0x0000000084200000, 0x0000000084300000|  0%| F|  |TAMS 0x0000000084200000, 0x0000000084200000| Untracked 
|  43|0x0000000084300000, 0x0000000084300000, 0x0000000084400000|  0%| F|  |TAMS 0x0000000084300000, 0x0000000084300000| Untracked 
|  44|0x0000000084400000, 0x0000000084400000, 0x0000000084500000|  0%| F|  |TAMS 0x0000000084400000, 0x0000000084400000| Untracked 
|  45|0x0000000084500000, 0x0000000084500000, 0x0000000084600000|  0%| F|  |TAMS 0x0000000084500000, 0x0000000084500000| Untracked 
|  46|0x0000000084600000, 0x0000000084600000, 0x0000000084700000|  0%| F|  |TAMS 0x0000000084600000, 0x0000000084600000| Untracked 
|  47|0x0000000084700000, 0x0000000084700000, 0x0000000084800000|  0%| F|  |TAMS 0x0000000084700000, 0x0000000084700000| Untracked 
|  48|0x0000000084800000, 0x0000000084800000, 0x0000000084900000|  0%| F|  |TAMS 0x0000000084800000, 0x0000000084800000| Untracked 
|  49|0x0000000084900000, 0x0000000084900000, 0x0000000084a00000|  0%| F|  |TAMS 0x0000000084900000, 0x0000000084900000| Untracked 
|  50|0x0000000084a00000, 0x0000000084a00000, 0x0000000084b00000|  0%| F|  |TAMS 0x0000000084a00000, 0x0000000084a00000| Untracked 
|  51|0x0000000084b00000, 0x0000000084b00000, 0x0000000084c00000|  0%| F|  |TAMS 0x0000000084b00000, 0x0000000084b00000| Untracked 
|  52|0x0000000084c00000, 0x0000000084c00000, 0x0000000084d00000|  0%| F|  |TAMS 0x0000000084c00000, 0x0000000084c00000| Untracked 
|  53|0x0000000084d00000, 0x0000000084d00000, 0x0000000084e00000|  0%| F|  |TAMS 0x0000000084d00000, 0x0000000084d00000| Untracked 
|  54|0x0000000084e00000, 0x0000000084e00000, 0x0000000084f00000|  0%| F|  |TAMS 0x0000000084e00000, 0x0000000084e00000| Untracked 
|  55|0x0000000084f00000, 0x0000000084f00000, 0x0000000085000000|  0%| F|  |TAMS 0x0000000084f00000, 0x0000000084f00000| Untracked 
|  56|0x0000000085000000, 0x0000000085000000, 0x0000000085100000|  0%| F|  |TAMS 0x0000000085000000, 0x0000000085000000| Untracked 
|  57|0x0000000085100000, 0x0000000085100000, 0x0000000085200000|  0%| F|  |TAMS 0x0000000085100000, 0x0000000085100000| Untracked 
|  58|0x0000000085200000, 0x0000000085200000, 0x0000000085300000|  0%| F|  |TAMS 0x0000000085200000, 0x0000000085200000| Untracked 
|  59|0x0000000085300000, 0x00000000853d3f08, 0x0000000085400000| 82%| S|CS|TAMS 0x0000000085300000, 0x0000000085300000| Complete 
|  60|0x0000000085400000, 0x0000000085500000, 0x0000000085500000|100%| S|CS|TAMS 0x0000000085400000, 0x0000000085400000| Complete 
|  61|0x0000000085500000, 0x0000000085600000, 0x0000000085600000|100%| S|CS|TAMS 0x0000000085500000, 0x0000000085500000| Complete 
|  62|0x0000000085600000, 0x0000000085700000, 0x0000000085700000|100%| S|CS|TAMS 0x0000000085600000, 0x0000000085600000| Complete 
|  63|0x0000000085700000, 0x0000000085800000, 0x0000000085800000|100%| S|CS|TAMS 0x0000000085700000, 0x0000000085700000| Complete 
|  64|0x0000000085800000, 0x0000000085900000, 0x0000000085900000|100%| S|CS|TAMS 0x0000000085800000, 0x0000000085800000| Complete 
|  65|0x0000000085900000, 0x0000000085900000, 0x0000000085a00000|  0%| F|  |TAMS 0x0000000085900000, 0x0000000085900000| Untracked 
|  66|0x0000000085a00000, 0x0000000085a00000, 0x0000000085b00000|  0%| F|  |TAMS 0x0000000085a00000, 0x0000000085a00000| Untracked 
|  67|0x0000000085b00000, 0x0000000085b00000, 0x0000000085c00000|  0%| F|  |TAMS 0x0000000085b00000, 0x0000000085b00000| Untracked 
|  68|0x0000000085c00000, 0x0000000085c00000, 0x0000000085d00000|  0%| F|  |TAMS 0x0000000085c00000, 0x0000000085c00000| Untracked 
|  69|0x0000000085d00000, 0x0000000085d00000, 0x0000000085e00000|  0%| F|  |TAMS 0x0000000085d00000, 0x0000000085d00000| Untracked 
|  70|0x0000000085e00000, 0x0000000085e00000, 0x0000000085f00000|  0%| F|  |TAMS 0x0000000085e00000, 0x0000000085e00000| Untracked 
|  71|0x0000000085f00000, 0x0000000085f00000, 0x0000000086000000|  0%| F|  |TAMS 0x0000000085f00000, 0x0000000085f00000| Untracked 
|  72|0x0000000086000000, 0x0000000086000000, 0x0000000086100000|  0%| F|  |TAMS 0x0000000086000000, 0x0000000086000000| Untracked 
|  73|0x0000000086100000, 0x0000000086100000, 0x0000000086200000|  0%| F|  |TAMS 0x0000000086100000, 0x0000000086100000| Untracked 
|  74|0x0000000086200000, 0x0000000086200000, 0x0000000086300000|  0%| F|  |TAMS 0x0000000086200000, 0x0000000086200000| Untracked 
|  75|0x0000000086300000, 0x0000000086300000, 0x0000000086400000|  0%| F|  |TAMS 0x0000000086300000, 0x0000000086300000| Untracked 
|  76|0x0000000086400000, 0x0000000086400000, 0x0000000086500000|  0%| F|  |TAMS 0x0000000086400000, 0x0000000086400000| Untracked 
|  77|0x0000000086500000, 0x0000000086500000, 0x0000000086600000|  0%| F|  |TAMS 0x0000000086500000, 0x0000000086500000| Untracked 
|  78|0x0000000086600000, 0x0000000086600000, 0x0000000086700000|  0%| F|  |TAMS 0x0000000086600000, 0x0000000086600000| Untracked 
|  79|0x0000000086700000, 0x0000000086700000, 0x0000000086800000|  0%| F|  |TAMS 0x0000000086700000, 0x0000000086700000| Untracked 
|  80|0x0000000086800000, 0x0000000086800000, 0x0000000086900000|  0%| F|  |TAMS 0x0000000086800000, 0x0000000086800000| Untracked 
|  81|0x0000000086900000, 0x0000000086900000, 0x0000000086a00000|  0%| F|  |TAMS 0x0000000086900000, 0x0000000086900000| Untracked 
|  82|0x0000000086a00000, 0x0000000086a00000, 0x0000000086b00000|  0%| F|  |TAMS 0x0000000086a00000, 0x0000000086a00000| Untracked 
|  83|0x0000000086b00000, 0x0000000086b00000, 0x0000000086c00000|  0%| F|  |TAMS 0x0000000086b00000, 0x0000000086b00000| Untracked 
|  84|0x0000000086c00000, 0x0000000086c00000, 0x0000000086d00000|  0%| F|  |TAMS 0x0000000086c00000, 0x0000000086c00000| Untracked 
|  85|0x0000000086d00000, 0x0000000086d00000, 0x0000000086e00000|  0%| F|  |TAMS 0x0000000086d00000, 0x0000000086d00000| Untracked 
|  86|0x0000000086e00000, 0x0000000086e00000, 0x0000000086f00000|  0%| F|  |TAMS 0x0000000086e00000, 0x0000000086e00000| Untracked 
|  87|0x0000000086f00000, 0x0000000086f00000, 0x0000000087000000|  0%| F|  |TAMS 0x0000000086f00000, 0x0000000086f00000| Untracked 
|  88|0x0000000087000000, 0x0000000087000000, 0x0000000087100000|  0%| F|  |TAMS 0x0000000087000000, 0x0000000087000000| Untracked 
|  89|0x0000000087100000, 0x0000000087100000, 0x0000000087200000|  0%| F|  |TAMS 0x0000000087100000, 0x0000000087100000| Untracked 
|  90|0x0000000087200000, 0x0000000087200000, 0x0000000087300000|  0%| F|  |TAMS 0x0000000087200000, 0x0000000087200000| Untracked 
|  91|0x0000000087300000, 0x0000000087300000, 0x0000000087400000|  0%| F|  |TAMS 0x0000000087300000, 0x0000000087300000| Untracked 
|  92|0x0000000087400000, 0x0000000087400000, 0x0000000087500000|  0%| F|  |TAMS 0x0000000087400000, 0x0000000087400000| Untracked 
|  93|0x0000000087500000, 0x0000000087500000, 0x0000000087600000|  0%| F|  |TAMS 0x0000000087500000, 0x0000000087500000| Untracked 
|  94|0x0000000087600000, 0x0000000087600000, 0x0000000087700000|  0%| F|  |TAMS 0x0000000087600000, 0x0000000087600000| Untracked 
|  95|0x0000000087700000, 0x0000000087700000, 0x0000000087800000|  0%| F|  |TAMS 0x0000000087700000, 0x0000000087700000| Untracked 
|  96|0x0000000087800000, 0x0000000087800000, 0x0000000087900000|  0%| F|  |TAMS 0x0000000087800000, 0x0000000087800000| Untracked 
|  97|0x0000000087900000, 0x0000000087900000, 0x0000000087a00000|  0%| F|  |TAMS 0x0000000087900000, 0x0000000087900000| Untracked 
|  98|0x0000000087a00000, 0x0000000087a00000, 0x0000000087b00000|  0%| F|  |TAMS 0x0000000087a00000, 0x0000000087a00000| Untracked 
|  99|0x0000000087b00000, 0x0000000087b00000, 0x0000000087c00000|  0%| F|  |TAMS 0x0000000087b00000, 0x0000000087b00000| Untracked 
| 100|0x0000000087c00000, 0x0000000087c00000, 0x0000000087d00000|  0%| F|  |TAMS 0x0000000087c00000, 0x0000000087c00000| Untracked 
| 101|0x0000000087d00000, 0x0000000087d00000, 0x0000000087e00000|  0%| F|  |TAMS 0x0000000087d00000, 0x0000000087d00000| Untracked 
| 102|0x0000000087e00000, 0x0000000087e00000, 0x0000000087f00000|  0%| F|  |TAMS 0x0000000087e00000, 0x0000000087e00000| Untracked 
| 103|0x0000000087f00000, 0x0000000087f00000, 0x0000000088000000|  0%| F|  |TAMS 0x0000000087f00000, 0x0000000087f00000| Untracked 
| 104|0x0000000088000000, 0x0000000088000000, 0x0000000088100000|  0%| F|  |TAMS 0x0000000088000000, 0x0000000088000000| Untracked 
| 105|0x0000000088100000, 0x0000000088100000, 0x0000000088200000|  0%| F|  |TAMS 0x0000000088100000, 0x0000000088100000| Untracked 
| 106|0x0000000088200000, 0x0000000088200000, 0x0000000088300000|  0%| F|  |TAMS 0x0000000088200000, 0x0000000088200000| Untracked 
| 107|0x0000000088300000, 0x0000000088300000, 0x0000000088400000|  0%| F|  |TAMS 0x0000000088300000, 0x0000000088300000| Untracked 
| 108|0x0000000088400000, 0x0000000088400000, 0x0000000088500000|  0%| F|  |TAMS 0x0000000088400000, 0x0000000088400000| Untracked 
| 109|0x0000000088500000, 0x0000000088500000, 0x0000000088600000|  0%| F|  |TAMS 0x0000000088500000, 0x0000000088500000| Untracked 
| 110|0x0000000088600000, 0x0000000088600000, 0x0000000088700000|  0%| F|  |TAMS 0x0000000088600000, 0x0000000088600000| Untracked 
| 111|0x0000000088700000, 0x0000000088700000, 0x0000000088800000|  0%| F|  |TAMS 0x0000000088700000, 0x0000000088700000| Untracked 
| 112|0x0000000088800000, 0x0000000088880800, 0x0000000088900000| 50%| E|  |TAMS 0x0000000088800000, 0x0000000088800000| Complete 
| 113|0x0000000088900000, 0x0000000088a00000, 0x0000000088a00000|100%| E|CS|TAMS 0x0000000088900000, 0x0000000088900000| Complete 
| 114|0x0000000088a00000, 0x0000000088b00000, 0x0000000088b00000|100%| E|CS|TAMS 0x0000000088a00000, 0x0000000088a00000| Complete 
| 115|0x0000000088b00000, 0x0000000088c00000, 0x0000000088c00000|100%| E|CS|TAMS 0x0000000088b00000, 0x0000000088b00000| Complete 
| 116|0x0000000088c00000, 0x0000000088d00000, 0x0000000088d00000|100%| E|CS|TAMS 0x0000000088c00000, 0x0000000088c00000| Complete 
| 117|0x0000000088d00000, 0x0000000088e00000, 0x0000000088e00000|100%| E|CS|TAMS 0x0000000088d00000, 0x0000000088d00000| Complete 
| 118|0x0000000088e00000, 0x0000000088f00000, 0x0000000088f00000|100%| E|CS|TAMS 0x0000000088e00000, 0x0000000088e00000| Complete 
| 119|0x0000000088f00000, 0x0000000089000000, 0x0000000089000000|100%| E|CS|TAMS 0x0000000088f00000, 0x0000000088f00000| Complete 
| 120|0x0000000089000000, 0x0000000089100000, 0x0000000089100000|100%| E|CS|TAMS 0x0000000089000000, 0x0000000089000000| Complete 
| 121|0x0000000089100000, 0x0000000089200000, 0x0000000089200000|100%| E|CS|TAMS 0x0000000089100000, 0x0000000089100000| Complete 
| 122|0x0000000089200000, 0x0000000089300000, 0x0000000089300000|100%| E|CS|TAMS 0x0000000089200000, 0x0000000089200000| Complete 
| 123|0x0000000089300000, 0x0000000089400000, 0x0000000089400000|100%| E|CS|TAMS 0x0000000089300000, 0x0000000089300000| Complete 
| 124|0x0000000089400000, 0x0000000089500000, 0x0000000089500000|100%| E|CS|TAMS 0x0000000089400000, 0x0000000089400000| Complete 
| 125|0x0000000089500000, 0x0000000089600000, 0x0000000089600000|100%| E|CS|TAMS 0x0000000089500000, 0x0000000089500000| Complete 
| 126|0x0000000089600000, 0x0000000089700000, 0x0000000089700000|100%| E|CS|TAMS 0x0000000089600000, 0x0000000089600000| Complete 
| 127|0x0000000089700000, 0x0000000089800000, 0x0000000089800000|100%| E|CS|TAMS 0x0000000089700000, 0x0000000089700000| Complete 
| 128|0x0000000089800000, 0x0000000089900000, 0x0000000089900000|100%| E|CS|TAMS 0x0000000089800000, 0x0000000089800000| Complete 
| 129|0x0000000089900000, 0x0000000089a00000, 0x0000000089a00000|100%| E|CS|TAMS 0x0000000089900000, 0x0000000089900000| Complete 
| 130|0x0000000089a00000, 0x0000000089b00000, 0x0000000089b00000|100%| E|CS|TAMS 0x0000000089a00000, 0x0000000089a00000| Complete 
| 131|0x0000000089b00000, 0x0000000089c00000, 0x0000000089c00000|100%| E|CS|TAMS 0x0000000089b00000, 0x0000000089b00000| Complete 
| 132|0x0000000089c00000, 0x0000000089d00000, 0x0000000089d00000|100%| E|CS|TAMS 0x0000000089c00000, 0x0000000089c00000| Complete 
| 133|0x0000000089d00000, 0x0000000089e00000, 0x0000000089e00000|100%| E|CS|TAMS 0x0000000089d00000, 0x0000000089d00000| Complete 
| 134|0x0000000089e00000, 0x0000000089f00000, 0x0000000089f00000|100%| E|CS|TAMS 0x0000000089e00000, 0x0000000089e00000| Complete 
| 135|0x0000000089f00000, 0x000000008a000000, 0x000000008a000000|100%| E|CS|TAMS 0x0000000089f00000, 0x0000000089f00000| Complete 
| 136|0x000000008a000000, 0x000000008a100000, 0x000000008a100000|100%| E|CS|TAMS 0x000000008a000000, 0x000000008a000000| Complete 
| 137|0x000000008a100000, 0x000000008a200000, 0x000000008a200000|100%| E|CS|TAMS 0x000000008a100000, 0x000000008a100000| Complete 
| 138|0x000000008a200000, 0x000000008a300000, 0x000000008a300000|100%| E|CS|TAMS 0x000000008a200000, 0x000000008a200000| Complete 
| 139|0x000000008a300000, 0x000000008a400000, 0x000000008a400000|100%| E|CS|TAMS 0x000000008a300000, 0x000000008a300000| Complete 
| 140|0x000000008a400000, 0x000000008a500000, 0x000000008a500000|100%| E|CS|TAMS 0x000000008a400000, 0x000000008a400000| Complete 
| 141|0x000000008a500000, 0x000000008a600000, 0x000000008a600000|100%| E|CS|TAMS 0x000000008a500000, 0x000000008a500000| Complete 
| 142|0x000000008a600000, 0x000000008a700000, 0x000000008a700000|100%| E|CS|TAMS 0x000000008a600000, 0x000000008a600000| Complete 
| 143|0x000000008a700000, 0x000000008a800000, 0x000000008a800000|100%| E|CS|TAMS 0x000000008a700000, 0x000000008a700000| Complete 
| 144|0x000000008a800000, 0x000000008a900000, 0x000000008a900000|100%| E|CS|TAMS 0x000000008a800000, 0x000000008a800000| Complete 
| 145|0x000000008a900000, 0x000000008aa00000, 0x000000008aa00000|100%| E|CS|TAMS 0x000000008a900000, 0x000000008a900000| Complete 
| 146|0x000000008aa00000, 0x000000008ab00000, 0x000000008ab00000|100%| E|CS|TAMS 0x000000008aa00000, 0x000000008aa00000| Complete 
| 147|0x000000008ab00000, 0x000000008ac00000, 0x000000008ac00000|100%| E|CS|TAMS 0x000000008ab00000, 0x000000008ab00000| Complete 
| 148|0x000000008ac00000, 0x000000008ad00000, 0x000000008ad00000|100%| E|CS|TAMS 0x000000008ac00000, 0x000000008ac00000| Complete 
| 149|0x000000008ad00000, 0x000000008ae00000, 0x000000008ae00000|100%| E|CS|TAMS 0x000000008ad00000, 0x000000008ad00000| Complete 
| 150|0x000000008ae00000, 0x000000008af00000, 0x000000008af00000|100%| E|CS|TAMS 0x000000008ae00000, 0x000000008ae00000| Complete 
| 151|0x000000008af00000, 0x000000008b000000, 0x000000008b000000|100%| E|CS|TAMS 0x000000008af00000, 0x000000008af00000| Complete 
| 152|0x000000008b000000, 0x000000008b100000, 0x000000008b100000|100%| E|CS|TAMS 0x000000008b000000, 0x000000008b000000| Complete 
| 153|0x000000008b100000, 0x000000008b200000, 0x000000008b200000|100%| E|CS|TAMS 0x000000008b100000, 0x000000008b100000| Complete 

Card table byte_map: [0x000001d958000000,0x000001d958400000] _byte_map_base: 0x000001d957bf4000

Marking Bits (Prev, Next): (CMBitMap*) 0x000001d93e7db508, (CMBitMap*) 0x000001d93e7db540
 Prev Bits: [0x000001d958800000, 0x000001d95a7a0000)
 Next Bits: [0x000001d95a7a0000, 0x000001d95c740000)

Polling page: 0x000001d93e870000

Metaspace:

Usage:
  Non-class:     38.84 MB capacity,    38.22 MB ( 98%) used,   494.02 KB (  1%) free+waste,   136.75 KB ( <1%) overhead. 
      Class:      5.88 MB capacity,     5.45 MB ( 93%) used,   373.68 KB (  6%) free+waste,    64.69 KB (  1%) overhead. 
       Both:     44.72 MB capacity,    43.67 MB ( 98%) used,   867.70 KB (  2%) free+waste,   201.44 KB ( <1%) overhead. 

Virtual space:
  Non-class space:       40.00 MB reserved,      39.00 MB ( 98%) committed 
      Class space:        1.00 GB reserved,       6.00 MB ( <1%) committed 
             Both:        1.04 GB reserved,      45.00 MB (  4%) committed 

Chunk freelists:
   Non-Class:  36.00 KB
       Class:  30.00 KB
        Both:  66.00 KB

MaxMetaspaceSize: 17179869184.00 GB
CompressedClassSpaceSize: 1.00 GB

CodeHeap 'non-profiled nmethods': size=120064Kb used=2147Kb max_used=2147Kb free=117916Kb
 bounds [0x000001d950090000, 0x000001d950300000, 0x000001d9575d0000]
CodeHeap 'profiled nmethods': size=120000Kb used=8661Kb max_used=8661Kb free=111338Kb
 bounds [0x000001d948b60000, 0x000001d9493e0000, 0x000001d950090000]
CodeHeap 'non-nmethods': size=5696Kb used=1142Kb max_used=1191Kb free=4553Kb
 bounds [0x000001d9485d0000, 0x000001d948840000, 0x000001d948b60000]
 total_blobs=4260 nmethods=3785 adapters=386
 compilation: enabled
              stopped_count=0, restarted_count=0
 full_count=0

Compilation events (20 events):
Event: 19.149 Thread 0x000001d95edbd000 3784       3       java.lang.invoke.SimpleMethodHandle::make (10 bytes)
Event: 19.149 Thread 0x000001d95edbd000 nmethod 3784 0x000001d9493d3710 code [0x000001d9493d38e0, 0x000001d9493d3ac8]
Event: 19.186 Thread 0x000001d96314f000 nmethod 3783 0x000001d9502a1f10 code [0x000001d9502a21e0, 0x000001d9502a2f08]
Event: 19.195 Thread 0x000001d96314f000 3785       4       java.util.zip.ZipFile$InflaterCleanupAction::run (12 bytes)
Event: 19.213 Thread 0x000001d96314f000 nmethod 3785 0x000001d9502a3710 code [0x000001d9502a38e0, 0x000001d9502a42c8]
Event: 19.213 Thread 0x000001d96314f000 3786   !   4       java.util.zip.ZipFile$CleanableResource::releaseInflater (53 bytes)
Event: 19.234 Thread 0x000001d96314f000 nmethod 3786 0x000001d9502a4690 code [0x000001d9502a4860, 0x000001d9502a5228]
Event: 19.238 Thread 0x000001d95edbd000 3787       3       java.lang.ThreadLocal$ThreadLocalMap::set (136 bytes)
Event: 19.239 Thread 0x000001d95edbd000 nmethod 3787 0x000001d9493d3c10 code [0x000001d9493d3e80, 0x000001d9493d4a08]
Event: 19.247 Thread 0x000001d96314f000 3788       4       java.nio.MappedByteBuffer::rewind (5 bytes)
Event: 19.248 Thread 0x000001d96314f000 nmethod 3788 0x000001d9502a5610 code [0x000001d9502a57a0, 0x000001d9502a5818]
Event: 19.275 Thread 0x000001d95edbd000 3789       3       java.util.Collections$SetFromMap::add (22 bytes)
Event: 19.276 Thread 0x000001d95edbd000 nmethod 3789 0x000001d9493d4e10 code [0x000001d9493d4fe0, 0x000001d9493d5208]
Event: 19.277 Thread 0x000001d96314f000 3790       4       java.util.concurrent.ConcurrentHashMap::get (162 bytes)
Event: 19.286 Thread 0x000001d96314f000 nmethod 3790 0x000001d9502a5890 code [0x000001d9502a5a40, 0x000001d9502a5cf8]
Event: 19.363 Thread 0x000001d95edbd000 3791       3       java.lang.Integer::hashCode (8 bytes)
Event: 19.363 Thread 0x000001d95edbd000 nmethod 3791 0x000001d9493d5310 code [0x000001d9493d54c0, 0x000001d9493d5618]
Event: 19.373 Thread 0x000001d96314f000 3792   !   4       java.util.zip.ZipFile$ZipFileInflaterInputStream::close (67 bytes)
Event: 19.471 Thread 0x000001d96314f000 nmethod 3792 0x000001d9502a5f90 code [0x000001d9502a61e0, 0x000001d9502a77e0]
Event: 19.472 Thread 0x000001d96314f000 3793       4       java.util.zip.InflaterInputStream::<init> (79 bytes)

GC Heap History (14 events):
Event: 1.802 GC heap before
{Heap before GC invocations=0 (full 0):
 garbage-first heap   total 131072K, used 14336K [0x0000000081800000, 0x0000000100000000)
  region size 1024K, 14 young (14336K), 0 survivors (0K)
 Metaspace       used 9354K, capacity 9521K, committed 9600K, reserved 1058816K
  class space    used 847K, capacity 877K, committed 896K, reserved 1048576K
}
Event: 1.819 GC heap after
{Heap after GC invocations=1 (full 0):
 garbage-first heap   total 131072K, used 6037K [0x0000000081800000, 0x0000000100000000)
  region size 1024K, 2 young (2048K), 2 survivors (2048K)
 Metaspace       used 9354K, capacity 9521K, committed 9600K, reserved 1058816K
  class space    used 847K, capacity 877K, committed 896K, reserved 1048576K
}
Event: 5.846 GC heap before
{Heap before GC invocations=1 (full 0):
 garbage-first heap   total 131072K, used 53141K [0x0000000081800000, 0x0000000100000000)
  region size 1024K, 49 young (50176K), 2 survivors (2048K)
 Metaspace       used 20613K, capacity 21076K, committed 21248K, reserved 1069056K
  class space    used 2365K, capacity 2545K, committed 2560K, reserved 1048576K
}
Event: 5.883 GC heap after
{Heap after GC invocations=2 (full 0):
 garbage-first heap   total 131072K, used 8926K [0x0000000081800000, 0x0000000100000000)
  region size 1024K, 5 young (5120K), 5 survivors (5120K)
 Metaspace       used 20613K, capacity 21076K, committed 21248K, reserved 1069056K
  class space    used 2365K, capacity 2545K, committed 2560K, reserved 1048576K
}
Event: 6.353 GC heap before
{Heap before GC invocations=3 (full 0):
 garbage-first heap   total 131072K, used 20190K [0x0000000081800000, 0x0000000100000000)
  region size 1024K, 17 young (17408K), 5 survivors (5120K)
 Metaspace       used 22018K, capacity 22543K, committed 22784K, reserved 1069056K
  class space    used 2592K, capacity 2796K, committed 2816K, reserved 1048576K
}
Event: 6.377 GC heap after
{Heap after GC invocations=4 (full 0):
 garbage-first heap   total 131072K, used 9564K [0x0000000081800000, 0x0000000100000000)
  region size 1024K, 1 young (1024K), 1 survivors (1024K)
 Metaspace       used 22018K, capacity 22543K, committed 22784K, reserved 1069056K
  class space    used 2592K, capacity 2796K, committed 2816K, reserved 1048576K
}
Event: 7.103 GC heap before
{Heap before GC invocations=4 (full 0):
 garbage-first heap   total 131072K, used 52572K [0x0000000081800000, 0x0000000100000000)
  region size 1024K, 44 young (45056K), 1 survivors (1024K)
 Metaspace       used 23771K, capacity 24351K, committed 24576K, reserved 1071104K
  class space    used 2783K, capacity 3021K, committed 3072K, reserved 1048576K
}
Event: 7.107 GC heap after
{Heap after GC invocations=5 (full 0):
 garbage-first heap   total 131072K, used 10038K [0x0000000081800000, 0x0000000100000000)
  region size 1024K, 2 young (2048K), 2 survivors (2048K)
 Metaspace       used 23771K, capacity 24351K, committed 24576K, reserved 1071104K
  class space    used 2783K, capacity 3021K, committed 3072K, reserved 1048576K
}
Event: 10.161 GC heap before
{Heap before GC invocations=5 (full 0):
 garbage-first heap   total 131072K, used 64310K [0x0000000081800000, 0x0000000100000000)
  region size 1024K, 56 young (57344K), 2 survivors (2048K)
 Metaspace       used 30178K, capacity 30967K, committed 31104K, reserved 1077248K
  class space    used 3532K, capacity 3857K, committed 3968K, reserved 1048576K
}
Event: 10.175 GC heap after
{Heap after GC invocations=6 (full 0):
 garbage-first heap   total 131072K, used 11767K [0x0000000081800000, 0x0000000100000000)
  region size 1024K, 3 young (3072K), 3 survivors (3072K)
 Metaspace       used 30178K, capacity 30967K, committed 31104K, reserved 1077248K
  class space    used 3532K, capacity 3857K, committed 3968K, reserved 1048576K
}
Event: 13.249 GC heap before
{Heap before GC invocations=6 (full 0):
 garbage-first heap   total 131072K, used 41463K [0x0000000081800000, 0x0000000100000000)
  region size 1024K, 33 young (33792K), 3 survivors (3072K)
 Metaspace       used 34560K, capacity 35413K, committed 35584K, reserved 1081344K
  class space    used 4131K, capacity 4500K, committed 4608K, reserved 1048576K
}
Event: 13.272 GC heap after
{Heap after GC invocations=7 (full 0):
 garbage-first heap   total 131072K, used 13764K [0x0000000081800000, 0x0000000100000000)
  region size 1024K, 5 young (5120K), 5 survivors (5120K)
 Metaspace       used 34560K, capacity 35413K, committed 35584K, reserved 1081344K
  class space    used 4131K, capacity 4500K, committed 4608K, reserved 1048576K
}
Event: 15.508 GC heap before
{Heap before GC invocations=8 (full 0):
 garbage-first heap   total 131072K, used 72132K [0x0000000081800000, 0x0000000100000000)
  region size 1024K, 63 young (64512K), 5 survivors (5120K)
 Metaspace       used 38053K, capacity 39139K, committed 39296K, reserved 1083392K
  class space    used 4545K, capacity 4952K, committed 4992K, reserved 1048576K
}
Event: 15.537 GC heap after
{Heap after GC invocations=9 (full 0):
 garbage-first heap   total 157696K, used 15507K [0x0000000081800000, 0x0000000100000000)
  region size 1024K, 6 young (6144K), 6 survivors (6144K)
 Metaspace       used 38053K, capacity 39139K, committed 39296K, reserved 1083392K
  class space    used 4545K, capacity 4952K, committed 4992K, reserved 1048576K
}

Deoptimization events (20 events):
Event: 16.846 Thread 0x000001d93e798800 Uncommon trap: trap_request=0xffffff4d fr.pc=0x000001d950256ab4 relative=0x00000000000035d4
Event: 16.846 Thread 0x000001d93e798800 Uncommon trap: reason=unstable_if action=reinterpret pc=0x000001d950256ab4 method=java.net.URLStreamHandler.parseURL(Ljava/net/URL;Ljava/lang/String;II)V @ 57 c2
Event: 16.846 Thread 0x000001d93e798800 DEOPT PACKING pc=0x000001d950256ab4 sp=0x0000001e8f8fdc30
Event: 16.847 Thread 0x000001d93e798800 DEOPT UNPACKING pc=0x000001d9485f78af sp=0x0000001e8f8fdc00 mode 2
Event: 18.413 Thread 0x000001d93e798800 Uncommon trap: trap_request=0xffffffc6 fr.pc=0x000001d95028d850 relative=0x00000000000001d0
Event: 18.413 Thread 0x000001d93e798800 Uncommon trap: reason=bimorphic_or_optimized_type_check action=maybe_recompile pc=0x000001d95028d850 method=java.lang.ClassLoader.loadClass(Ljava/lang/String;)Ljava/lang/Class; @ 3 c2
Event: 18.413 Thread 0x000001d93e798800 DEOPT PACKING pc=0x000001d95028d850 sp=0x0000001e8f8fd1e0
Event: 18.413 Thread 0x000001d93e798800 DEOPT UNPACKING pc=0x000001d9485f78af sp=0x0000001e8f8fd170 mode 2
Event: 18.415 Thread 0x000001d93e798800 Uncommon trap: trap_request=0xffffffc6 fr.pc=0x000001d95028d850 relative=0x00000000000001d0
Event: 18.415 Thread 0x000001d93e798800 Uncommon trap: reason=bimorphic_or_optimized_type_check action=maybe_recompile pc=0x000001d95028d850 method=java.lang.ClassLoader.loadClass(Ljava/lang/String;)Ljava/lang/Class; @ 3 c2
Event: 18.415 Thread 0x000001d93e798800 DEOPT PACKING pc=0x000001d95028d850 sp=0x0000001e8f8fd170
Event: 18.415 Thread 0x000001d93e798800 DEOPT UNPACKING pc=0x000001d9485f78af sp=0x0000001e8f8fd100 mode 2
Event: 19.008 Thread 0x000001d93e798800 Uncommon trap: trap_request=0xffffff4d fr.pc=0x000001d95029c2b0 relative=0x00000000000008d0
Event: 19.008 Thread 0x000001d93e798800 Uncommon trap: reason=unstable_if action=reinterpret pc=0x000001d95029c2b0 method=java.util.WeakHashMap.put(Ljava/lang/Object;Ljava/lang/Object;)Ljava/lang/Object; @ 148 c2
Event: 19.008 Thread 0x000001d93e798800 DEOPT PACKING pc=0x000001d95029c2b0 sp=0x0000001e8f8fd720
Event: 19.008 Thread 0x000001d93e798800 DEOPT UNPACKING pc=0x000001d9485f78af sp=0x0000001e8f8fd678 mode 2
Event: 19.096 Thread 0x000001d93e798800 Uncommon trap: trap_request=0xffffffc6 fr.pc=0x000001d95028d850 relative=0x00000000000001d0
Event: 19.096 Thread 0x000001d93e798800 Uncommon trap: reason=bimorphic_or_optimized_type_check action=maybe_recompile pc=0x000001d95028d850 method=java.lang.ClassLoader.loadClass(Ljava/lang/String;)Ljava/lang/Class; @ 3 c2
Event: 19.096 Thread 0x000001d93e798800 DEOPT PACKING pc=0x000001d95028d850 sp=0x0000001e8f8fd2f0
Event: 19.096 Thread 0x000001d93e798800 DEOPT UNPACKING pc=0x000001d9485f78af sp=0x0000001e8f8fd280 mode 2

Classes redefined (0 events):
No events

Internal exceptions (20 events):
Event: 12.442 Thread 0x000001d93e798800 Exception <a 'java/lang/ClassNotFoundException'{0x000000008826db68}: org/springframework/beans/factory/AwareCustomizer> (0x000000008826db68) thrown at [./src/hotspot/share/classfile/systemDictionary.cpp, line 231]
Event: 12.443 Thread 0x000001d93e798800 Exception <a 'java/lang/ClassNotFoundException'{0x000000008827ac70}: org/springframework/aop/framework/AopInfrastructureBeanCustomizer> (0x000000008827ac70) thrown at [./src/hotspot/share/classfile/systemDictionary.cpp, line 231]
Event: 12.810 Thread 0x000001d93e798800 Exception <a 'java/lang/ClassNotFoundException'{0x00000000880efad8}: java/lang/ObjectCustomizer> (0x00000000880efad8) thrown at [./src/hotspot/share/classfile/systemDictionary.cpp, line 231]
Event: 12.813 Thread 0x000001d93e798800 Exception <a 'java/lang/ClassNotFoundException'{0x0000000087f03a00}: org/springframework/transaction/annotation/AbstractTransactionManagementConfigurationCustomizer> (0x0000000087f03a00) thrown at [./src/hotspot/share/classfile/systemDictionary.cpp, line 231]
Event: 12.820 Thread 0x000001d93e798800 Exception <a 'java/lang/ClassNotFoundException'{0x0000000087f164b8}: org/springframework/transaction/annotation/ProxyTransactionManagementConfigurationCustomizer> (0x0000000087f164b8) thrown at [./src/hotspot/share/classfile/systemDictionary.cpp, line 231]
Event: 12.822 Thread 0x000001d93e798800 Exception <a 'java/lang/ClassNotFoundException'{0x0000000087f27258}: org/springframework/context/annotation/ImportAwareCustomizer> (0x0000000087f27258) thrown at [./src/hotspot/share/classfile/systemDictionary.cpp, line 231]
Event: 12.829 Thread 0x000001d93e798800 Exception <a 'java/lang/ClassNotFoundException'{0x0000000087f33ae0}: org/springframework/beans/factory/AwareCustomizer> (0x0000000087f33ae0) thrown at [./src/hotspot/share/classfile/systemDictionary.cpp, line 231]
Event: 12.848 Thread 0x000001d93e798800 Exception <a 'java/lang/NoSuchMethodError'{0x0000000087f6e640}: 'java.lang.Object java.lang.invoke.DirectMethodHandle$Holder.invokeStatic(java.lang.Object, java.lang.Object, java.lang.Object, int, java.lang.Object)'> (0x0000000087f6e640) thrown at [./src/hotspot/share/interpreter/linkResolver.cpp, line 773]
Event: 12.849 Thread 0x000001d93e798800 Exception <a 'java/lang/NoSuchMethodError'{0x0000000087f75478}: 'java.lang.Object java.lang.invoke.Invokers$Holder.linkToTargetMethod(java.lang.Object, java.lang.Object, int, java.lang.Object, java.lang.Object)'> (0x0000000087f75478) thrown at [./src/hotspot/share/interpreter/linkResolver.cpp, line 773]
Event: 13.008 Thread 0x000001d93e798800 Exception <a 'java/lang/NoSuchMethodError'{0x0000000087dd86f0}: 'java.lang.Object java.lang.invoke.DirectMethodHandle$Holder.invokeSpecialIFC(java.lang.Object, java.lang.Object, java.lang.Object)'> (0x0000000087dd86f0) thrown at [./src/hotspot/share/interpreter/linkResolver.cpp, line 773]
Event: 13.570 Thread 0x000001d93e798800 Exception <a 'java/lang/NoSuchMethodError'{0x0000000089672848}: 'void java.lang.invoke.DirectMethodHandle$Holder.invokeInterface(java.lang.Object, java.lang.Object, int)'> (0x0000000089672848) thrown at [./src/hotspot/share/interpreter/linkResolver.cpp, line 773]
Event: 13.620 Thread 0x000001d93e798800 Exception <a 'java/lang/IncompatibleClassChangeError'{0x00000000896be540}: Found class java.lang.Object, but interface was expected> (0x00000000896be540) thrown at [./src/hotspot/share/interpreter/linkResolver.cpp, line 839]
Event: 13.621 Thread 0x000001d93e798800 Exception <a 'java/lang/NoSuchMethodError'{0x00000000896c33e8}: 'void java.lang.invoke.DirectMethodHandle$Holder.invokeStatic(java.lang.Object, int, java.lang.Object)'> (0x00000000896c33e8) thrown at [./src/hotspot/share/interpreter/linkResolver.cpp, line 773]
Event: 14.162 Thread 0x000001d93e798800 Exception <a 'java/lang/NoSuchMethodError'{0x00000000891a3050}: 'java.lang.Object java.lang.invoke.DirectMethodHandle$Holder.invokeStaticInit(java.lang.Object, int, int, int, int)'> (0x00000000891a3050) thrown at [./src/hotspot/share/interpreter/linkResolver.cpp, line 773]
Event: 14.580 Thread 0x000001d93e798800 Exception <a 'java/lang/NoSuchMethodError'{0x00000000891eeb28}: 'java.lang.Object java.lang.invoke.DirectMethodHandle$Holder.invokeStaticInit(java.lang.Object, java.lang.Object, int, int, int, int)'> (0x00000000891eeb28) thrown at [./src/hotspot/share/interpreter/linkResolver.cpp, line 773]
Event: 15.476 Thread 0x000001d93e798800 Exception <a 'java/io/FileNotFoundException'{0x0000000085956728}> (0x0000000085956728) thrown at [./src/hotspot/share/prims/jni.cpp, line 615]
Event: 15.622 Thread 0x000001d93e798800 Exception <a 'java/lang/NoSuchMethodError'{0x000000008b03c178}: 'int java.lang.invoke.DirectMethodHandle$Holder.invokeInterface(java.lang.Object, java.lang.Object, java.lang.Object, java.lang.Object)'> (0x000000008b03c178) thrown at [./src/hotspot/share/interpreter/linkResolver.cpp, line 773]
Event: 15.948 Thread 0x000001d93e798800 Exception <a 'java/io/FileNotFoundException'{0x000000008aee56c8}> (0x000000008aee56c8) thrown at [./src/hotspot/share/prims/jni.cpp, line 615]
Event: 16.077 Thread 0x000001d93e798800 Exception <a 'java/lang/NoSuchMethodError'{0x000000008ab3b688}: 'void java.lang.invoke.DirectMethodHandle$Holder.invokeStatic(java.lang.Object, java.lang.Object, int)'> (0x000000008ab3b688) thrown at [./src/hotspot/share/interpreter/linkResolver.cpp, line 773]
Event: 16.370 Thread 0x000001d93e798800 Implicit null exception at 0x000001d9501c10da to 0x000001d9501c12cc

Events (20 events):
Event: 19.431 loading class org/postgresql/core/PGBindException
Event: 19.431 loading class org/postgresql/core/PGBindException done
Event: 19.431 loading class org/postgresql/gss/GSSInputStream
Event: 19.431 loading class org/postgresql/gss/GSSInputStream done
Event: 19.438 loading class org/postgresql/gss/GSSOutputStream
Event: 19.438 loading class org/postgresql/gss/GSSOutputStream done
Event: 19.439 loading class java/net/Socket
Event: 19.440 loading class java/net/Socket done
Event: 19.440 loading class java/net/SocksSocketImpl
Event: 19.440 loading class java/net/SocksConsts
Event: 19.441 loading class java/net/SocksConsts done
Event: 19.441 loading class java/net/PlainSocketImpl
Event: 19.441 loading class java/net/AbstractPlainSocketImpl
Event: 19.441 loading class java/net/SocketImpl
Event: 19.442 loading class java/net/SocketOptions
Event: 19.442 loading class java/net/SocketOptions done
Event: 19.446 loading class java/net/SocketImpl done
Event: 19.446 loading class java/net/AbstractPlainSocketImpl done
Event: 19.446 loading class java/net/PlainSocketImpl done
Event: 19.446 loading class java/net/SocksSocketImpl done


Dynamic libraries:
0x00007ff794860000 - 0x00007ff79486d000 	C:\Users\Administrator\AppData\Local\Programs\AdoptOpenJDK\jdk-11.0.10.9-hotspot\bin\java.exe
0x00007ffeb8970000 - 0x00007ffeb8b3f000 	C:\Windows\SYSTEM32\ntdll.dll
0x00007ffeb80d0000 - 0x00007ffeb817c000 	C:\Windows\System32\KERNEL32.DLL
0x00007ffeb5190000 - 0x00007ffeb53ae000 	C:\Windows\System32\KERNELBASE.dll
0x00007ffeb5670000 - 0x00007ffeb5764000 	C:\Windows\System32\ucrtbase.dll
0x00007ffe9ba40000 - 0x00007ffe9ba57000 	C:\Users\Administrator\AppData\Local\Programs\AdoptOpenJDK\jdk-11.0.10.9-hotspot\bin\jli.dll
0x00007ffeb6330000 - 0x00007ffeb6496000 	C:\Windows\System32\USER32.dll
0x00007ffe9b510000 - 0x00007ffe9b525000 	C:\Users\Administrator\AppData\Local\Programs\AdoptOpenJDK\jdk-11.0.10.9-hotspot\bin\VCRUNTIME140.dll
0x00007ffeb5410000 - 0x00007ffeb542e000 	C:\Windows\System32\win32u.dll
0x00007ffeb87b0000 - 0x00007ffeb87e4000 	C:\Windows\System32\GDI32.dll
0x00007ffeb4e60000 - 0x00007ffeb4fe3000 	C:\Windows\System32\gdi32full.dll
0x00007ffea9120000 - 0x00007ffea939a000 	C:\Windows\WinSxS\amd64_microsoft.windows.common-controls_6595b64144ccf1df_6.0.14393.4169_none_7de0bbf28341b1f2\COMCTL32.dll
0x00007ffeb6500000 - 0x00007ffeb659e000 	C:\Windows\System32\msvcrt.dll
0x00007ffeb5f30000 - 0x00007ffeb61f7000 	C:\Windows\System32\combase.dll
0x00007ffeb65b0000 - 0x00007ffeb66d1000 	C:\Windows\System32\RPCRT4.dll
0x00007ffeb5430000 - 0x00007ffeb549b000 	C:\Windows\System32\bcryptPrimitives.dll
0x00007ffeb5f00000 - 0x00007ffeb5f2e000 	C:\Windows\System32\IMM32.DLL
0x00007ffe98a70000 - 0x00007ffe98b0b000 	C:\Users\Administrator\AppData\Local\Programs\AdoptOpenJDK\jdk-11.0.10.9-hotspot\bin\msvcp140.dll
0x00007ffe8cce0000 - 0x00007ffe8d823000 	C:\Users\Administrator\AppData\Local\Programs\AdoptOpenJDK\jdk-11.0.10.9-hotspot\bin\server\jvm.dll
0x00007ffeb6260000 - 0x00007ffeb6302000 	C:\Windows\System32\ADVAPI32.dll
0x00007ffeb8850000 - 0x00007ffeb88a9000 	C:\Windows\System32\sechost.dll
0x00007ffeb80c0000 - 0x00007ffeb80c8000 	C:\Windows\System32\PSAPI.DLL
0x00007ffeb1ec0000 - 0x00007ffeb1ec9000 	C:\Windows\SYSTEM32\WSOCK32.dll
0x00007ffeb66e0000 - 0x00007ffeb674a000 	C:\Windows\System32\WS2_32.dll
0x00007ffeb32d0000 - 0x00007ffeb32f3000 	C:\Windows\SYSTEM32\WINMM.dll
0x00007ffea96e0000 - 0x00007ffea96ea000 	C:\Windows\SYSTEM32\VERSION.dll
0x000001d93e740000 - 0x000001d93e76b000 	C:\Windows\SYSTEM32\WINMMBASE.dll
0x00007ffeb50a0000 - 0x00007ffeb50e2000 	C:\Windows\System32\cfgmgr32.dll
0x00007ffeb4e50000 - 0x00007ffeb4e5f000 	C:\Windows\System32\kernel.appcore.dll
0x00007ffeb2620000 - 0x00007ffeb2630000 	C:\Users\Administrator\AppData\Local\Programs\AdoptOpenJDK\jdk-11.0.10.9-hotspot\bin\verify.dll
0x00007ffeb1700000 - 0x00007ffeb1892000 	C:\Windows\SYSTEM32\DBGHELP.DLL
0x00007ffea4020000 - 0x00007ffea4049000 	C:\Windows\SYSTEM32\dbgcore.DLL
0x00007ffe996c0000 - 0x00007ffe996e8000 	C:\Users\Administrator\AppData\Local\Programs\AdoptOpenJDK\jdk-11.0.10.9-hotspot\bin\java.dll
0x00007ffeb10e0000 - 0x00007ffeb10ea000 	C:\Users\Administrator\AppData\Local\Programs\AdoptOpenJDK\jdk-11.0.10.9-hotspot\bin\jimage.dll
0x00007ffe996a0000 - 0x00007ffe996b7000 	C:\Users\Administrator\AppData\Local\Programs\AdoptOpenJDK\jdk-11.0.10.9-hotspot\bin\zip.dll
0x00007ffeb68a0000 - 0x00007ffeb7da5000 	C:\Windows\System32\SHELL32.dll
0x00007ffeb5820000 - 0x00007ffeb5ef3000 	C:\Windows\System32\windows.storage.dll
0x00007ffeb4dd0000 - 0x00007ffeb4e1c000 	C:\Windows\System32\powrprof.dll
0x00007ffeb6200000 - 0x00007ffeb6252000 	C:\Windows\System32\shlwapi.dll
0x00007ffeb4ff0000 - 0x00007ffeb5098000 	C:\Windows\System32\shcore.dll
0x00007ffeb4e20000 - 0x00007ffeb4e34000 	C:\Windows\System32\profapi.dll
0x00007ffe98b90000 - 0x00007ffe98ba9000 	C:\Users\Administrator\AppData\Local\Programs\AdoptOpenJDK\jdk-11.0.10.9-hotspot\bin\net.dll
0x00007ffeb1980000 - 0x00007ffeb1a4d000 	C:\Windows\SYSTEM32\WINHTTP.dll
0x00007ffeb46a0000 - 0x00007ffeb46fd000 	C:\Windows\system32\mswsock.dll
0x00007ffe98b70000 - 0x00007ffe98b82000 	C:\Users\Administrator\AppData\Local\Programs\AdoptOpenJDK\jdk-11.0.10.9-hotspot\bin\nio.dll
0x00007ffe9d340000 - 0x00007ffe9d349000 	C:\Users\Administrator\AppData\Local\Programs\AdoptOpenJDK\jdk-11.0.10.9-hotspot\bin\management.dll
0x00007ffe9ca70000 - 0x00007ffe9ca7b000 	C:\Users\Administrator\AppData\Local\Programs\AdoptOpenJDK\jdk-11.0.10.9-hotspot\bin\management_ext.dll
0x00007ffea23e0000 - 0x00007ffea23f6000 	C:\Windows\system32\napinsp.dll
0x00007ffea23c0000 - 0x00007ffea23da000 	C:\Windows\system32\pnrpnsp.dll
0x00007ffeb2740000 - 0x00007ffeb2758000 	C:\Windows\system32\NLAapi.dll
0x00007ffeb4410000 - 0x00007ffeb44b2000 	C:\Windows\SYSTEM32\DNSAPI.dll
0x00007ffeb6890000 - 0x00007ffeb6898000 	C:\Windows\System32\NSI.dll
0x00007ffeb43d0000 - 0x00007ffeb4408000 	C:\Windows\SYSTEM32\IPHLPAPI.DLL
0x00007ffea21c0000 - 0x00007ffea21ce000 	C:\Windows\System32\winrnr.dll
0x00007ffea21a0000 - 0x00007ffea21b5000 	C:\Windows\System32\wshbth.dll
0x00007ffea8f40000 - 0x00007ffea8f4a000 	C:\Windows\System32\rasadhlp.dll
0x00007ffeacb30000 - 0x00007ffeacb9a000 	C:\Windows\System32\fwpuclnt.dll
0x00007ffeb4d10000 - 0x00007ffeb4d3b000 	C:\Windows\SYSTEM32\bcrypt.dll
0x00007ffeb4840000 - 0x00007ffeb4857000 	C:\Windows\SYSTEM32\CRYPTSP.dll
0x00007ffeb4250000 - 0x00007ffeb4283000 	C:\Windows\system32\rsaenh.dll
0x00007ffeb44d0000 - 0x00007ffeb44f0000 	C:\Windows\SYSTEM32\USERENV.dll
0x00007ffeb4d00000 - 0x00007ffeb4d0b000 	C:\Windows\SYSTEM32\CRYPTBASE.dll
0x00007ffeac990000 - 0x00007ffeac9a6000 	C:\Windows\SYSTEM32\dhcpcsvc6.DLL
0x00007ffeac970000 - 0x00007ffeac98a000 	C:\Windows\SYSTEM32\dhcpcsvc.DLL

dbghelp: loaded successfully - version: 4.0.5 - missing functions: none
symbol engine: initialized successfully - sym options: 0x614 - pdb path: .;C:\Users\Administrator\AppData\Local\Programs\AdoptOpenJDK\jdk-11.0.10.9-hotspot\bin;C:\Windows\SYSTEM32;C:\Windows\WinSxS\amd64_microsoft.windows.common-controls_6595b64144ccf1df_6.0.14393.4169_none_7de0bbf28341b1f2;C:\Users\Administrator\AppData\Local\Programs\AdoptOpenJDK\jdk-11.0.10.9-hotspot\bin\server

VM Arguments:
jvm_args: -Dfile.encoding=UTF-8 
java_command: rs.ac.uns.ftn.informatika.jpa.JpaExampleApplication
java_class_path (initial): C:\Users\Administrator\Desktop\New folder\ISA\target\classes;C:\Users\Administrator\.m2\repository\org\springframework\boot\spring-boot-starter-amqp\2.4.2\spring-boot-starter-amqp-2.4.2.jar;C:\Users\Administrator\.m2\repository\org\springframework\boot\spring-boot-starter\2.4.2\spring-boot-starter-2.4.2.jar;C:\Users\Administrator\.m2\repository\org\springframework\boot\spring-boot\2.4.2\spring-boot-2.4.2.jar;C:\Users\Administrator\.m2\repository\org\springframework\boot\spring-boot-autoconfigure\2.4.2\spring-boot-autoconfigure-2.4.2.jar;C:\Users\Administrator\.m2\repository\org\springframework\boot\spring-boot-starter-logging\2.4.2\spring-boot-starter-logging-2.4.2.jar;C:\Users\Administrator\.m2\repository\ch\qos\logback\logback-classic\1.2.3\logback-classic-1.2.3.jar;C:\Users\Administrator\.m2\repository\ch\qos\logback\logback-core\1.2.3\logback-core-1.2.3.jar;C:\Users\Administrator\.m2\repository\org\apache\logging\log4j\log4j-to-slf4j\2.13.3\log4j-to-slf4j-2.13.3.jar;C:\Users\Administrator\.m2\repository\org\apache\logging\log4j\log4j-api\2.13.3\log4j-api-2.13.3.jar;C:\Users\Administrator\.m2\repository\org\slf4j\jul-to-slf4j\1.7.30\jul-to-slf4j-1.7.30.jar;C:\Users\Administrator\.m2\repository\jakarta\annotation\jakarta.annotation-api\1.3.5\jakarta.annotation-api-1.3.5.jar;C:\Users\Administrator\.m2\repository\org\yaml\snakeyaml\1.27\snakeyaml-1.27.jar;C:\Users\Administrator\.m2\repository\org\springframework\spring-messaging\5.3.3\spring-messaging-5.3.3.jar;C:\Users\Administrator\.m2\repository\org\springframework\spring-beans\5.3.3\spring-beans-5.3.3.jar;C:\Users\Administrator\.m2\repository\org\springframework\amqp\spring-rabbit\2.3.4\spring-rabbit-2.3.4.jar;C:\Users\Administrator\.m2\repository\org\springframework\amqp\spring-amqp\2.3.4\spring-amqp-2.3.4.jar;C:\Users\Administrator\.m2\repository\org\springframework\retry\spring-retry\1.3.1\spring-retry-1.3.1.jar;C:\Users\Administrator\.m2\repository\javax\annotation\javax.annotati
Launcher Type: SUN_STANDARD

[Global flags]
     intx CICompilerCount                          = 3                                         {product} {ergonomic}
     uint ConcGCThreads                            = 1                                         {product} {ergonomic}
     uint G1ConcRefinementThreads                  = 4                                         {product} {ergonomic}
   size_t G1HeapRegionSize                         = 1048576                                   {product} {ergonomic}
    uintx GCDrainStackTargetSize                   = 64                                        {product} {ergonomic}
   size_t InitialHeapSize                          = 134217728                                 {product} {ergonomic}
   size_t MarkStackSize                            = 4194304                                   {product} {ergonomic}
   size_t MaxHeapSize                              = 2122317824                                {product} {ergonomic}
   size_t MaxNewSize                               = 1272971264                                {product} {ergonomic}
   size_t MinHeapDeltaBytes                        = 1048576                                   {product} {ergonomic}
    uintx NonNMethodCodeHeapSize                   = 5830732                                {pd product} {ergonomic}
    uintx NonProfiledCodeHeapSize                  = 122913754                              {pd product} {ergonomic}
    uintx ProfiledCodeHeapSize                     = 122913754                              {pd product} {ergonomic}
    uintx ReservedCodeCacheSize                    = 251658240                              {pd product} {ergonomic}
     bool SegmentedCodeCache                       = true                                      {product} {ergonomic}
     bool UseCompressedClassPointers               = true                                 {lp64_product} {ergonomic}
     bool UseCompressedOops                        = true                                 {lp64_product} {ergonomic}
     bool UseG1GC                                  = true                                      {product} {ergonomic}
     bool UseLargePagesIndividualAllocation        = false                                  {pd product} {ergonomic}

Logging:
Log output configuration:
 #0: stdout all=warning uptime,level,tags
 #1: stderr all=off uptime,level,tags

Environment Variables:
JAVA_HOME=c:\Users\Administrator\AppData\Local\Programs\AdoptOpenJDK\jdk-11.0.10.9-hotspot\
PATH=c:\oraclexe\app\oracle\product\11.2.0\server\bin;;D:\Administrator\app\oracle\product\11.2.0\server\bin;c:\oraclexe\app\oracle\product\11.2.0\server\bin;C:\Program Files (x86)\Intel\iCLS Client\;C:\Program Files\Intel\iCLS Client\;C:\Program Files (x86)\Common Files\Oracle\Java\javapath;C:\ProgramData\Oracle\Java\javapath;C:\Windows\system32;C:\Windows;C:\Windows\System32\Wbem;C:\Windows\System32\WindowsPowerShell\v1.0\;C:\Program Files (x86)\Windows Live\Shared;c:\Program Files (x86)\Intel\Intel(R) Management Engine Components\DAL;c:\Program Files\Intel\Intel(R) Management Engine Components\DAL;c:\Program Files (x86)\Intel\Intel(R) Management Engine Components\IPT;c:\Program Files\Intel\Intel(R) Management Engine Components\IPT;C:\Program Files\MATLAB\R2018a\runtime\win64;C:\Program Files\MATLAB\R2018a\bin;C:\Program Files\Microsoft SQL Server\130\Tools\Binn\;C:\Program Files\Git\cmd;C:\Users\Administrator\Desktop\k3\Priprema-K3\Priprema K3 - Predavanje\IN\Python;C:\Users\Administrator\AppData\Local\Programs\Python\Python38-32;C:\Program Files\Java\jre7\bin;C:\Program Files\Java\jdk1.8.0_191\bin;C:\Program Files\dotnet\;C:\Program Files\Microsoft SQL Server\Client SDK\ODBC\170\Tools\Binn\;C:\Program Files\PostgreSQL\13\bin;c:\Users\Administrator\AppData\Local\Programs\AdoptOpenJDK\jdk-11.0.10.9-hotspot\bin;C:\Program Files\MySQL\MySQL Shell 8.0\bin\;C:\Users\Administrator\AppData\Local\Programs\Python\Python38-32\Scripts\;C:\Users\Administrator\AppData\Local\Programs\Python\Python38-32\;C:\Users\Administrator\AppData\Local\Microsoft\WindowsApps;C:\Users\Administrator\AppData\Local\GitHubDesktop\bin;D:\Administrator\PyCharm Community Edition 2020.2.3\py\bin;;C:\Users\Administrator\.dotnet\tools;C:\Program Files\nodejs;C:\Program Files\PostgreSQL\13\bin;C:\Users\Administrator\AppData\Local\Programs\Microsoft VS Code\bin
USERNAME=Administrator
LANG=en_US.UTF-8
OS=Windows_NT
PROCESSOR_IDENTIFIER=Intel64 Family 6 Model 61 Stepping 4, GenuineIntel



---------------  S Y S T E M  ---------------

OS: Windows 10 , 64 bit Build 14393 (10.0.14393.3630)
OS uptime: 12 days 4:12 hours

CPU:total 4 (initial active 4) (2 cores per cpu, 2 threads per core) family 6 model 61 stepping 4 microcode 0x2d, cmov, cx8, fxsr, mmx, sse, sse2, sse3, ssse3, sse4.1, sse4.2, popcnt, avx, avx2, aes, clmul, erms, 3dnowpref, lzcnt, ht, tsc, tscinvbit, bmi1, bmi2, adx, fma

Memory: 4k page, system-wide physical 8093M (1209M free)
TotalPageFile size 12331M (AvailPageFile size 4M)
current process WorkingSet (physical memory assigned to process): 246M, peak: 248M
current process commit charge ("private bytes"): 330M, peak: 331M

vm_info: OpenJDK 64-Bit Server VM (11.0.10+9) for windows-amd64 JRE (11.0.10+9), built on Jan 20 2021 06:07:07 by "" with MS VC++ 15.9 (VS2017)

END.
